#
# There is insufficient memory for the Java Runtime Environment to continue.
# Native memory allocation (malloc) failed to allocate 829456 bytes. Error detail: Chunk::new
# Possible reasons:
#   The system is out of physical RAM or swap space
#   This process is running with CompressedOops enabled, and the Java Heap may be blocking the growth of the native heap
# Possible solutions:
#   Reduce memory load on the system
#   Increase physical memory or swap space
#   Check if swap backing store is full
#   Decrease Java heap size (-Xmx/-Xms)
#   Decrease number of Java threads
#   Decrease Java thread stack sizes (-Xss)
#   Set larger code cache with -XX:ReservedCodeCacheSize=
#   JVM is running with Unscaled Compressed Oops mode in which the Java heap is
#     placed in the first 4GB address space. The Java Heap base address is the
#     maximum limit for the native heap growth. Please use -XX:HeapBaseMinAddress
#     to set the Java Heap base and to place the Java Heap above 4GB virtual address.
# This output file may be truncated or incomplete.
#
#  Out of Memory Error (arena.cpp:168), pid=12520, tid=3388
#
# JRE version: OpenJDK Runtime Environment (21.0.3) (build 21.0.3+-12282718-b509.11)
# Java VM: OpenJDK 64-Bit Server VM (21.0.3+-12282718-b509.11, mixed mode, tiered, compressed oops, compressed class ptrs, g1 gc, windows-amd64)
# No core dump will be written. Minidumps are not enabled by default on client versions of Windows
#

---------------  S U M M A R Y ------------

Command Line: -XX:MaxPermSize=512m -XX:+HeapDumpOnOutOfMemoryError --add-opens=java.base/java.util=ALL-UNNAMED --add-opens=java.base/java.lang=ALL-UNNAMED --add-opens=java.base/java.lang.invoke=ALL-UNNAMED --add-opens=java.prefs/java.util.prefs=ALL-UNNAMED --add-exports=jdk.compiler/com.sun.tools.javac.api=ALL-UNNAMED --add-exports=jdk.compiler/com.sun.tools.javac.util=ALL-UNNAMED --add-opens=java.base/java.nio.charset=ALL-UNNAMED --add-opens=java.base/java.net=ALL-UNNAMED --add-opens=java.base/java.util.concurrent.atomic=ALL-UNNAMED -Xmx2048m -Dfile.encoding=UTF-8 -Duser.country=CO -Duser.language=es -Duser.variant -javaagent:C:\Users\santi\.gradle\wrapper\dists\gradle-8.9-bin\90cnw93cvbtalezasaz0blq0a\gradle-8.9\lib\agents\gradle-instrumentation-agent-8.9.jar org.gradle.launcher.daemon.bootstrap.GradleDaemon 8.9

Host: AMD Ryzen 3 3250U with Radeon Graphics         , 4 cores, 3G,  Windows 11 , 64 bit Build 26100 (10.0.26100.3775)
Time: Fri Apr 18 01:33:48 2025 Hora est. Pacífico, Sudamérica elapsed time: 182.440609 seconds (0d 0h 3m 2s)

---------------  T H R E A D  ---------------

Current thread (0x00000205c58ffbb0):  JavaThread "C2 CompilerThread0" daemon [_thread_in_native, id=3388, stack(0x0000005d67700000,0x0000005d67800000) (1024K)]


Current CompileTask:
C2: 182440 8354       4       org.gradle.cache.internal.btree.CachingBlockStore::read (56 bytes)

Stack: [0x0000005d67700000,0x0000005d67800000]
Native frames: (J=compiled Java code, j=interpreted, Vv=VM code, C=native code)
V  [jvm.dll+0x6cafb9]
V  [jvm.dll+0x858523]
V  [jvm.dll+0x85aa7e]
V  [jvm.dll+0x85b163]
V  [jvm.dll+0x27d356]
V  [jvm.dll+0xbf93d]
V  [jvm.dll+0xbfe73]
V  [jvm.dll+0x3b1cb1]
V  [jvm.dll+0x37e787]
V  [jvm.dll+0x37dbfa]
V  [jvm.dll+0x246b02]
V  [jvm.dll+0x2460d1]
V  [jvm.dll+0x1c5804]
V  [jvm.dll+0x25575c]
V  [jvm.dll+0x253c36]
V  [jvm.dll+0x3ec996]
V  [jvm.dll+0x800d78]
V  [jvm.dll+0x6c98cd]
C  [ucrtbase.dll+0x37b0]
C  [KERNEL32.DLL+0x2e8d7]
C  [ntdll.dll+0xb14fc]


---------------  P R O C E S S  ---------------

Threads class SMR info:
_java_thread_list=0x00000205ce336770, length=52, elements={
0x00000205ac6c4040, 0x00000205c58eb280, 0x00000205c58ef870, 0x00000205c58f0e40,
0x00000205c58fb950, 0x00000205c58fc3b0, 0x00000205c58fee20, 0x00000205c58ffbb0,
0x00000205c5975100, 0x00000205c5a89e50, 0x00000205c5c65d50, 0x00000205ca0ffa50,
0x00000205cb7ce7e0, 0x00000205cb74fdc0, 0x00000205cb9777e0, 0x00000205cb646540,
0x00000205cb745010, 0x00000205cb745680, 0x00000205cb7e1490, 0x00000205cb7e3560,
0x00000205cb7e21b0, 0x00000205cb7e2840, 0x00000205cb7e2ed0, 0x00000205cb7e0770,
0x00000205cb7e1b20, 0x00000205cb699a30, 0x00000205cb69c820, 0x00000205cb69a0c0,
0x00000205cb69ceb0, 0x00000205cb69dbd0, 0x00000205cb69a750, 0x00000205cb69e260,
0x00000205cb69c190, 0x00000205cb69d540, 0x00000205cb69b470, 0x00000205cb69e8f0,
0x00000205cb6a1050, 0x00000205cd1d64c0, 0x00000205cd1d71e0, 0x00000205cd1d57a0,
0x00000205cd1d6b50, 0x00000205cd1d3d60, 0x00000205cd1d5110, 0x00000205cd1d7870,
0x00000205cd1d5e30, 0x00000205cd1d43f0, 0x00000205cdf921f0, 0x00000205cdf91b60,
0x00000205cdf907b0, 0x00000205cdf90e40, 0x00000205cdf92880, 0x00000205cdf8fa90
}

Java Threads: ( => current thread )
  0x00000205ac6c4040 JavaThread "main"                              [_thread_blocked, id=5384, stack(0x0000005d66900000,0x0000005d66a00000) (1024K)]
  0x00000205c58eb280 JavaThread "Reference Handler"          daemon [_thread_blocked, id=14084, stack(0x0000005d67100000,0x0000005d67200000) (1024K)]
  0x00000205c58ef870 JavaThread "Finalizer"                  daemon [_thread_blocked, id=7968, stack(0x0000005d67200000,0x0000005d67300000) (1024K)]
  0x00000205c58f0e40 JavaThread "Signal Dispatcher"          daemon [_thread_blocked, id=1944, stack(0x0000005d67300000,0x0000005d67400000) (1024K)]
  0x00000205c58fb950 JavaThread "Attach Listener"            daemon [_thread_blocked, id=13636, stack(0x0000005d67400000,0x0000005d67500000) (1024K)]
  0x00000205c58fc3b0 JavaThread "Service Thread"             daemon [_thread_blocked, id=5316, stack(0x0000005d67500000,0x0000005d67600000) (1024K)]
  0x00000205c58fee20 JavaThread "Monitor Deflation Thread"   daemon [_thread_blocked, id=5136, stack(0x0000005d67600000,0x0000005d67700000) (1024K)]
=>0x00000205c58ffbb0 JavaThread "C2 CompilerThread0"         daemon [_thread_in_native, id=3388, stack(0x0000005d67700000,0x0000005d67800000) (1024K)]
  0x00000205c5975100 JavaThread "C1 CompilerThread0"         daemon [_thread_blocked, id=12680, stack(0x0000005d67800000,0x0000005d67900000) (1024K)]
  0x00000205c5a89e50 JavaThread "Common-Cleaner"             daemon [_thread_blocked, id=6052, stack(0x0000005d67900000,0x0000005d67a00000) (1024K)]
  0x00000205c5c65d50 JavaThread "Notification Thread"        daemon [_thread_blocked, id=6588, stack(0x0000005d67a00000,0x0000005d67b00000) (1024K)]
  0x00000205ca0ffa50 JavaThread "Daemon health stats"               [_thread_blocked, id=11480, stack(0x0000005d67e00000,0x0000005d67f00000) (1024K)]
  0x00000205cb7ce7e0 JavaThread "Incoming local TCP Connector on port 51920"        [_thread_in_native, id=3960, stack(0x0000005d67f00000,0x0000005d68000000) (1024K)]
  0x00000205cb74fdc0 JavaThread "Daemon periodic checks"            [_thread_blocked, id=132, stack(0x0000005d68000000,0x0000005d68100000) (1024K)]
  0x00000205cb9777e0 JavaThread "Daemon"                            [_thread_blocked, id=11192, stack(0x0000005d68100000,0x0000005d68200000) (1024K)]
  0x00000205cb646540 JavaThread "Handler for socket connection from /127.0.0.1:51920 to /127.0.0.1:51921"        [_thread_in_native, id=1308, stack(0x0000005d68200000,0x0000005d68300000) (1024K)]
  0x00000205cb745010 JavaThread "Cancel handler"                    [_thread_blocked, id=988, stack(0x0000005d68300000,0x0000005d68400000) (1024K)]
  0x00000205cb745680 JavaThread "Daemon worker"                     [_thread_in_native, id=8256, stack(0x0000005d68400000,0x0000005d68500000) (1024K)]
  0x00000205cb7e1490 JavaThread "Asynchronous log dispatcher for DefaultDaemonConnection: socket connection from /127.0.0.1:51920 to /127.0.0.1:51921"        [_thread_blocked, id=16160, stack(0x0000005d68500000,0x0000005d68600000) (1024K)]
  0x00000205cb7e3560 JavaThread "Stdin handler"                     [_thread_blocked, id=14960, stack(0x0000005d68600000,0x0000005d68700000) (1024K)]
  0x00000205cb7e21b0 JavaThread "Daemon client event forwarder"        [_thread_blocked, id=9856, stack(0x0000005d68700000,0x0000005d68800000) (1024K)]
  0x00000205cb7e2840 JavaThread "Cache worker for journal cache (C:\Users\santi\.gradle\caches\journal-1)"        [_thread_blocked, id=9900, stack(0x0000005d68800000,0x0000005d68900000) (1024K)]
  0x00000205cb7e2ed0 JavaThread "File lock request listener"        [_thread_in_native, id=8956, stack(0x0000005d68900000,0x0000005d68a00000) (1024K)]
  0x00000205cb7e0770 JavaThread "Cache worker for file hash cache (C:\Users\santi\.gradle\caches\8.9\fileHashes)"        [_thread_blocked, id=4592, stack(0x0000005d68a00000,0x0000005d68b00000) (1024K)]
  0x00000205cb7e1b20 JavaThread "Cache worker for file hash cache (C:\Users\santi\AndroidStudioProjects\Depov\.gradle\8.9\fileHashes)"        [_thread_blocked, id=10620, stack(0x0000005d68b00000,0x0000005d68c00000) (1024K)]
  0x00000205cb699a30 JavaThread "Cache worker for Build Output Cleanup Cache (C:\Users\santi\AndroidStudioProjects\Depov\.gradle\buildOutputCleanup)"        [_thread_blocked, id=14264, stack(0x0000005d68c00000,0x0000005d68d00000) (1024K)]
  0x00000205cb69c820 JavaThread "File watcher server"        daemon [_thread_in_native, id=4168, stack(0x0000005d66700000,0x0000005d66800000) (1024K)]
  0x00000205cb69a0c0 JavaThread "File watcher consumer"      daemon [_thread_blocked, id=5280, stack(0x0000005d66800000,0x0000005d66900000) (1024K)]
  0x00000205cb69ceb0 JavaThread "jar transforms"                    [_thread_blocked, id=5468, stack(0x0000005d68d00000,0x0000005d68e00000) (1024K)]
  0x00000205cb69dbd0 JavaThread "jar transforms Thread 2"           [_thread_blocked, id=6200, stack(0x0000005d68e00000,0x0000005d68f00000) (1024K)]
  0x00000205cb69a750 JavaThread "jar transforms Thread 3"           [_thread_blocked, id=15572, stack(0x0000005d68f00000,0x0000005d69000000) (1024K)]
  0x00000205cb69e260 JavaThread "jar transforms Thread 4"           [_thread_blocked, id=13580, stack(0x0000005d69000000,0x0000005d69100000) (1024K)]
  0x00000205cb69c190 JavaThread "Cache worker for checksums cache (C:\Users\santi\AndroidStudioProjects\Depov\.gradle\8.9\checksums)"        [_thread_blocked, id=1968, stack(0x0000005d69100000,0x0000005d69200000) (1024K)]
  0x00000205cb69d540 JavaThread "Cache worker for file content cache (C:\Users\santi\.gradle\caches\8.9\fileContent)"        [_thread_blocked, id=5892, stack(0x0000005d69200000,0x0000005d69300000) (1024K)]
  0x00000205cb69b470 JavaThread "Cache worker for cache directory md-rule (C:\Users\santi\.gradle\caches\8.9\md-rule)"        [_thread_blocked, id=5320, stack(0x0000005d69300000,0x0000005d69400000) (1024K)]
  0x00000205cb69e8f0 JavaThread "Cache worker for cache directory md-supplier (C:\Users\santi\.gradle\caches\8.9\md-supplier)"        [_thread_blocked, id=12168, stack(0x0000005d69400000,0x0000005d69500000) (1024K)]
  0x00000205cb6a1050 JavaThread "Unconstrained build operations"        [_thread_blocked, id=5696, stack(0x0000005d69500000,0x0000005d69600000) (1024K)]
  0x00000205cd1d64c0 JavaThread "Unconstrained build operations Thread 2"        [_thread_blocked, id=4688, stack(0x0000005d69600000,0x0000005d69700000) (1024K)]
  0x00000205cd1d71e0 JavaThread "Unconstrained build operations Thread 3"        [_thread_blocked, id=3268, stack(0x0000005d69700000,0x0000005d69800000) (1024K)]
  0x00000205cd1d57a0 JavaThread "Unconstrained build operations Thread 4"        [_thread_blocked, id=2004, stack(0x0000005d69800000,0x0000005d69900000) (1024K)]
  0x00000205cd1d6b50 JavaThread "Unconstrained build operations Thread 5"        [_thread_blocked, id=8184, stack(0x0000005d69900000,0x0000005d69a00000) (1024K)]
  0x00000205cd1d3d60 JavaThread "Unconstrained build operations Thread 6"        [_thread_blocked, id=11240, stack(0x0000005d69a00000,0x0000005d69b00000) (1024K)]
  0x00000205cd1d5110 JavaThread "Unconstrained build operations Thread 7"        [_thread_blocked, id=14088, stack(0x0000005d69b00000,0x0000005d69c00000) (1024K)]
  0x00000205cd1d7870 JavaThread "Unconstrained build operations Thread 8"        [_thread_blocked, id=2232, stack(0x0000005d69c00000,0x0000005d69d00000) (1024K)]
  0x00000205cd1d5e30 JavaThread "Unconstrained build operations Thread 9"        [_thread_blocked, id=10420, stack(0x0000005d69d00000,0x0000005d69e00000) (1024K)]
  0x00000205cd1d43f0 JavaThread "Unconstrained build operations Thread 10"        [_thread_blocked, id=4492, stack(0x0000005d69e00000,0x0000005d69f00000) (1024K)]
  0x00000205cdf921f0 JavaThread "Unconstrained build operations Thread 11"        [_thread_blocked, id=2672, stack(0x0000005d69f00000,0x0000005d6a000000) (1024K)]
  0x00000205cdf91b60 JavaThread "Unconstrained build operations Thread 12"        [_thread_blocked, id=15072, stack(0x0000005d6a000000,0x0000005d6a100000) (1024K)]
  0x00000205cdf907b0 JavaThread "Unconstrained build operations Thread 13"        [_thread_blocked, id=1908, stack(0x0000005d6a100000,0x0000005d6a200000) (1024K)]
  0x00000205cdf90e40 JavaThread "Unconstrained build operations Thread 14"        [_thread_in_native, id=13332, stack(0x0000005d6a200000,0x0000005d6a300000) (1024K)]
  0x00000205cdf92880 JavaThread "Unconstrained build operations Thread 15"        [_thread_blocked, id=13064, stack(0x0000005d6a300000,0x0000005d6a400000) (1024K)]
  0x00000205cdf8fa90 JavaThread "Unconstrained build operations Thread 16"        [_thread_blocked, id=2800, stack(0x0000005d6a400000,0x0000005d6a500000) (1024K)]
Total: 52

Other Threads:
  0x00000205c562caa0 VMThread "VM Thread"                           [id=13296, stack(0x0000005d67000000,0x0000005d67100000) (1024K)]
  0x00000205ae8be950 WatcherThread "VM Periodic Task Thread"        [id=9688, stack(0x0000005d66f00000,0x0000005d67000000) (1024K)]
  0x00000205ae84f450 WorkerThread "GC Thread#0"                     [id=4320, stack(0x0000005d66a00000,0x0000005d66b00000) (1024K)]
  0x00000205c5cc2750 WorkerThread "GC Thread#1"                     [id=12192, stack(0x0000005d67b00000,0x0000005d67c00000) (1024K)]
  0x00000205c5b69a30 WorkerThread "GC Thread#2"                     [id=12264, stack(0x0000005d67c00000,0x0000005d67d00000) (1024K)]
  0x00000205ca1e1f50 WorkerThread "GC Thread#3"                     [id=14596, stack(0x0000005d67d00000,0x0000005d67e00000) (1024K)]
  0x00000205ae861180 ConcurrentGCThread "G1 Main Marker"            [id=7800, stack(0x0000005d66b00000,0x0000005d66c00000) (1024K)]
  0x00000205ae8629d0 WorkerThread "G1 Conc#0"                       [id=10900, stack(0x0000005d66c00000,0x0000005d66d00000) (1024K)]
  0x00000205ae8b37c0 ConcurrentGCThread "G1 Refine#0"               [id=5092, stack(0x0000005d66d00000,0x0000005d66e00000) (1024K)]
  0x00000205ae8b5080 ConcurrentGCThread "G1 Service"                [id=5300, stack(0x0000005d66e00000,0x0000005d66f00000) (1024K)]
Total: 10

Threads with active compile tasks:
C2 CompilerThread0   182533 8354       4       org.gradle.cache.internal.btree.CachingBlockStore::read (56 bytes)
Total: 1

VM state: not at safepoint (normal execution)

VM Mutex/Monitor currently owned by a thread: None

Heap address: 0x0000000080000000, size: 2048 MB, Compressed Oops mode: 32-bit

CDS archive(s) not mapped
Compressed class space mapped at: 0x0000000100000000-0x0000000140000000, reserved size: 1073741824
Narrow klass base: 0x0000000000000000, Narrow klass shift: 3, Narrow klass range: 0x140000000

GC Precious Log:
 CardTable entry size: 512
 Card Set container configuration: InlinePtr #cards 5 size 8 Array Of Cards #cards 12 size 40 Howl #buckets 4 coarsen threshold 1843 Howl Bitmap #cards 512 size 80 coarsen threshold 460 Card regions per heap region 1 cards per card region 2048
 CPUs: 4 total, 4 available
 Memory: 3503M
 Large Page Support: Disabled
 NUMA Support: Disabled
 Compressed Oops: Enabled (32-bit)
 Heap Region Size: 1M
 Heap Min Capacity: 8M
 Heap Initial Capacity: 56M
 Heap Max Capacity: 2G
 Pre-touch: Disabled
 Parallel Workers: 4
 Concurrent Workers: 1
 Concurrent Refinement Workers: 4
 Periodic GC: Disabled

Heap:
 garbage-first heap   total 148480K, used 88608K [0x0000000080000000, 0x0000000100000000)
  region size 1024K, 10 young (10240K), 7 survivors (7168K)
 Metaspace       used 72529K, committed 74304K, reserved 1114112K
  class space    used 9944K, committed 10880K, reserved 1048576K

Heap Regions: E=young(eden), S=young(survivor), O=old, HS=humongous(starts), HC=humongous(continues), CS=collection set, F=free, TAMS=top-at-mark-start, PB=parsable bottom
|   0|0x0000000080000000, 0x0000000080100000, 0x0000000080100000|100%|HS|  |TAMS 0x0000000080000000| PB 0x0000000080000000| Complete 
|   1|0x0000000080100000, 0x0000000080200000, 0x0000000080200000|100%|HC|  |TAMS 0x0000000080100000| PB 0x0000000080100000| Complete 
|   2|0x0000000080200000, 0x0000000080300000, 0x0000000080300000|100%|HC|  |TAMS 0x0000000080200000| PB 0x0000000080200000| Complete 
|   3|0x0000000080300000, 0x0000000080400000, 0x0000000080400000|100%|HC|  |TAMS 0x0000000080300000| PB 0x0000000080300000| Complete 
|   4|0x0000000080400000, 0x0000000080500000, 0x0000000080500000|100%| O|  |TAMS 0x0000000080400000| PB 0x0000000080400000| Untracked 
|   5|0x0000000080500000, 0x0000000080600000, 0x0000000080600000|100%| O|  |TAMS 0x0000000080500000| PB 0x0000000080500000| Untracked 
|   6|0x0000000080600000, 0x0000000080700000, 0x0000000080700000|100%| O|  |TAMS 0x0000000080600000| PB 0x0000000080600000| Untracked 
|   7|0x0000000080700000, 0x0000000080800000, 0x0000000080800000|100%| O|  |TAMS 0x0000000080700000| PB 0x0000000080700000| Untracked 
|   8|0x0000000080800000, 0x0000000080900000, 0x0000000080900000|100%| O|  |TAMS 0x0000000080800000| PB 0x0000000080800000| Untracked 
|   9|0x0000000080900000, 0x0000000080a00000, 0x0000000080a00000|100%| O|  |TAMS 0x0000000080900000| PB 0x0000000080900000| Untracked 
|  10|0x0000000080a00000, 0x0000000080b00000, 0x0000000080b00000|100%| O|  |TAMS 0x0000000080a00000| PB 0x0000000080a00000| Untracked 
|  11|0x0000000080b00000, 0x0000000080c00000, 0x0000000080c00000|100%|HS|  |TAMS 0x0000000080b00000| PB 0x0000000080b00000| Complete 
|  12|0x0000000080c00000, 0x0000000080d00000, 0x0000000080d00000|100%| O|  |TAMS 0x0000000080c00000| PB 0x0000000080c00000| Untracked 
|  13|0x0000000080d00000, 0x0000000080e00000, 0x0000000080e00000|100%| O|  |TAMS 0x0000000080d00000| PB 0x0000000080d00000| Untracked 
|  14|0x0000000080e00000, 0x0000000080f00000, 0x0000000080f00000|100%| O|  |TAMS 0x0000000080e00000| PB 0x0000000080e00000| Untracked 
|  15|0x0000000080f00000, 0x0000000081000000, 0x0000000081000000|100%| O|  |TAMS 0x0000000080f00000| PB 0x0000000080f00000| Untracked 
|  16|0x0000000081000000, 0x0000000081100000, 0x0000000081100000|100%| O|  |TAMS 0x0000000081000000| PB 0x0000000081000000| Untracked 
|  17|0x0000000081100000, 0x0000000081200000, 0x0000000081200000|100%| O|  |TAMS 0x0000000081100000| PB 0x0000000081100000| Untracked 
|  18|0x0000000081200000, 0x0000000081300000, 0x0000000081300000|100%| O|  |TAMS 0x0000000081200000| PB 0x0000000081200000| Untracked 
|  19|0x0000000081300000, 0x0000000081400000, 0x0000000081400000|100%| O|  |TAMS 0x0000000081300000| PB 0x0000000081300000| Untracked 
|  20|0x0000000081400000, 0x0000000081500000, 0x0000000081500000|100%| O|  |TAMS 0x0000000081400000| PB 0x0000000081400000| Untracked 
|  21|0x0000000081500000, 0x0000000081600000, 0x0000000081600000|100%| O|  |TAMS 0x0000000081500000| PB 0x0000000081500000| Untracked 
|  22|0x0000000081600000, 0x0000000081700000, 0x0000000081700000|100%| O|  |TAMS 0x0000000081600000| PB 0x0000000081600000| Untracked 
|  23|0x0000000081700000, 0x0000000081800000, 0x0000000081800000|100%| O|  |TAMS 0x0000000081700000| PB 0x0000000081700000| Untracked 
|  24|0x0000000081800000, 0x0000000081900000, 0x0000000081900000|100%| O|  |TAMS 0x0000000081800000| PB 0x0000000081800000| Untracked 
|  25|0x0000000081900000, 0x0000000081a00000, 0x0000000081a00000|100%| O|  |TAMS 0x0000000081900000| PB 0x0000000081900000| Untracked 
|  26|0x0000000081a00000, 0x0000000081b00000, 0x0000000081b00000|100%| O|  |TAMS 0x0000000081a00000| PB 0x0000000081a00000| Untracked 
|  27|0x0000000081b00000, 0x0000000081c00000, 0x0000000081c00000|100%|HS|  |TAMS 0x0000000081b00000| PB 0x0000000081b00000| Complete 
|  28|0x0000000081c00000, 0x0000000081d00000, 0x0000000081d00000|100%|HC|  |TAMS 0x0000000081c00000| PB 0x0000000081c00000| Complete 
|  29|0x0000000081d00000, 0x0000000081e00000, 0x0000000081e00000|100%|HC|  |TAMS 0x0000000081d00000| PB 0x0000000081d00000| Complete 
|  30|0x0000000081e00000, 0x0000000081f00000, 0x0000000081f00000|100%|HS|  |TAMS 0x0000000081e00000| PB 0x0000000081e00000| Complete 
|  31|0x0000000081f00000, 0x0000000082000000, 0x0000000082000000|100%|HC|  |TAMS 0x0000000081f00000| PB 0x0000000081f00000| Complete 
|  32|0x0000000082000000, 0x0000000082100000, 0x0000000082100000|100%|HS|  |TAMS 0x0000000082000000| PB 0x0000000082000000| Complete 
|  33|0x0000000082100000, 0x0000000082200000, 0x0000000082200000|100%| O|  |TAMS 0x0000000082100000| PB 0x0000000082100000| Untracked 
|  34|0x0000000082200000, 0x0000000082300000, 0x0000000082300000|100%| O|  |TAMS 0x0000000082200000| PB 0x0000000082200000| Untracked 
|  35|0x0000000082300000, 0x0000000082400000, 0x0000000082400000|100%|HS|  |TAMS 0x0000000082300000| PB 0x0000000082300000| Complete 
|  36|0x0000000082400000, 0x0000000082500000, 0x0000000082500000|100%|HC|  |TAMS 0x0000000082400000| PB 0x0000000082400000| Complete 
|  37|0x0000000082500000, 0x0000000082600000, 0x0000000082600000|100%|HC|  |TAMS 0x0000000082500000| PB 0x0000000082500000| Complete 
|  38|0x0000000082600000, 0x0000000082700000, 0x0000000082700000|100%|HC|  |TAMS 0x0000000082600000| PB 0x0000000082600000| Complete 
|  39|0x0000000082700000, 0x0000000082800000, 0x0000000082800000|100%|HC|  |TAMS 0x0000000082700000| PB 0x0000000082700000| Complete 
|  40|0x0000000082800000, 0x0000000082900000, 0x0000000082900000|100%|HC|  |TAMS 0x0000000082800000| PB 0x0000000082800000| Complete 
|  41|0x0000000082900000, 0x0000000082a00000, 0x0000000082a00000|100%| O|  |TAMS 0x0000000082900000| PB 0x0000000082900000| Untracked 
|  42|0x0000000082a00000, 0x0000000082b00000, 0x0000000082b00000|100%| O|  |TAMS 0x0000000082a00000| PB 0x0000000082a00000| Untracked 
|  43|0x0000000082b00000, 0x0000000082c00000, 0x0000000082c00000|100%| O|  |TAMS 0x0000000082b00000| PB 0x0000000082b00000| Untracked 
|  44|0x0000000082c00000, 0x0000000082d00000, 0x0000000082d00000|100%| O|  |TAMS 0x0000000082c00000| PB 0x0000000082c00000| Untracked 
|  45|0x0000000082d00000, 0x0000000082e00000, 0x0000000082e00000|100%| O|  |TAMS 0x0000000082d00000| PB 0x0000000082d00000| Untracked 
|  46|0x0000000082e00000, 0x0000000082f00000, 0x0000000082f00000|100%| O|  |TAMS 0x0000000082e00000| PB 0x0000000082e00000| Untracked 
|  47|0x0000000082f00000, 0x0000000083000000, 0x0000000083000000|100%| O|  |TAMS 0x0000000082f00000| PB 0x0000000082f00000| Untracked 
|  48|0x0000000083000000, 0x0000000083100000, 0x0000000083100000|100%| O|  |TAMS 0x0000000083000000| PB 0x0000000083000000| Untracked 
|  49|0x0000000083100000, 0x0000000083200000, 0x0000000083200000|100%|HS|  |TAMS 0x0000000083100000| PB 0x0000000083100000| Complete 
|  50|0x0000000083200000, 0x0000000083300000, 0x0000000083300000|100%|HC|  |TAMS 0x0000000083200000| PB 0x0000000083200000| Complete 
|  51|0x0000000083300000, 0x0000000083400000, 0x0000000083400000|100%| O|  |TAMS 0x0000000083300000| PB 0x0000000083300000| Untracked 
|  52|0x0000000083400000, 0x0000000083500000, 0x0000000083500000|100%| O|  |TAMS 0x0000000083400000| PB 0x0000000083400000| Untracked 
|  53|0x0000000083500000, 0x0000000083600000, 0x0000000083600000|100%| O|  |TAMS 0x0000000083500000| PB 0x0000000083500000| Untracked 
|  54|0x0000000083600000, 0x0000000083700000, 0x0000000083700000|100%| O|  |TAMS 0x0000000083600000| PB 0x0000000083600000| Untracked 
|  55|0x0000000083700000, 0x0000000083800000, 0x0000000083800000|100%|HS|  |TAMS 0x0000000083700000| PB 0x0000000083700000| Complete 
|  56|0x0000000083800000, 0x0000000083900000, 0x0000000083900000|100%|HC|  |TAMS 0x0000000083800000| PB 0x0000000083800000| Complete 
|  57|0x0000000083900000, 0x0000000083a00000, 0x0000000083a00000|100%|HC|  |TAMS 0x0000000083900000| PB 0x0000000083900000| Complete 
|  58|0x0000000083a00000, 0x0000000083b00000, 0x0000000083b00000|100%|HC|  |TAMS 0x0000000083a00000| PB 0x0000000083a00000| Complete 
|  59|0x0000000083b00000, 0x0000000083c00000, 0x0000000083c00000|100%|HC|  |TAMS 0x0000000083b00000| PB 0x0000000083b00000| Complete 
|  60|0x0000000083c00000, 0x0000000083d00000, 0x0000000083d00000|100%|HC|  |TAMS 0x0000000083c00000| PB 0x0000000083c00000| Complete 
|  61|0x0000000083d00000, 0x0000000083e00000, 0x0000000083e00000|100%| O|  |TAMS 0x0000000083d00000| PB 0x0000000083d00000| Untracked 
|  62|0x0000000083e00000, 0x0000000083f00000, 0x0000000083f00000|100%| O|  |TAMS 0x0000000083e00000| PB 0x0000000083e00000| Untracked 
|  63|0x0000000083f00000, 0x0000000084000000, 0x0000000084000000|100%| O|  |TAMS 0x0000000083f00000| PB 0x0000000083f00000| Untracked 
|  64|0x0000000084000000, 0x0000000084100000, 0x0000000084100000|100%| O|  |TAMS 0x0000000084000000| PB 0x0000000084000000| Untracked 
|  65|0x0000000084100000, 0x0000000084200000, 0x0000000084200000|100%| O|  |TAMS 0x0000000084100000| PB 0x0000000084100000| Untracked 
|  66|0x0000000084200000, 0x0000000084288180, 0x0000000084300000| 53%| O|  |TAMS 0x0000000084200000| PB 0x0000000084200000| Untracked 
|  67|0x0000000084300000, 0x0000000084300000, 0x0000000084400000|  0%| F|  |TAMS 0x0000000084300000| PB 0x0000000084300000| Untracked 
|  68|0x0000000084400000, 0x0000000084500000, 0x0000000084500000|100%|HS|  |TAMS 0x0000000084400000| PB 0x0000000084400000| Complete 
|  69|0x0000000084500000, 0x0000000084600000, 0x0000000084600000|100%|HC|  |TAMS 0x0000000084500000| PB 0x0000000084500000| Complete 
|  70|0x0000000084600000, 0x0000000084700000, 0x0000000084700000|100%|HC|  |TAMS 0x0000000084600000| PB 0x0000000084600000| Complete 
|  71|0x0000000084700000, 0x0000000084800000, 0x0000000084800000|100%|HC|  |TAMS 0x0000000084700000| PB 0x0000000084700000| Complete 
|  72|0x0000000084800000, 0x0000000084900000, 0x0000000084900000|100%|HC|  |TAMS 0x0000000084800000| PB 0x0000000084800000| Complete 
|  73|0x0000000084900000, 0x0000000084a00000, 0x0000000084a00000|100%|HC|  |TAMS 0x0000000084900000| PB 0x0000000084900000| Complete 
|  74|0x0000000084a00000, 0x0000000084a00000, 0x0000000084b00000|  0%| F|  |TAMS 0x0000000084a00000| PB 0x0000000084a00000| Untracked 
|  75|0x0000000084b00000, 0x0000000084b00000, 0x0000000084c00000|  0%| F|  |TAMS 0x0000000084b00000| PB 0x0000000084b00000| Untracked 
|  76|0x0000000084c00000, 0x0000000084c00000, 0x0000000084d00000|  0%| F|  |TAMS 0x0000000084c00000| PB 0x0000000084c00000| Untracked 
|  77|0x0000000084d00000, 0x0000000084d00000, 0x0000000084e00000|  0%| F|  |TAMS 0x0000000084d00000| PB 0x0000000084d00000| Untracked 
|  78|0x0000000084e00000, 0x0000000084e00000, 0x0000000084f00000|  0%| F|  |TAMS 0x0000000084e00000| PB 0x0000000084e00000| Untracked 
|  79|0x0000000084f00000, 0x0000000084f00000, 0x0000000085000000|  0%| F|  |TAMS 0x0000000084f00000| PB 0x0000000084f00000| Untracked 
|  80|0x0000000085000000, 0x0000000085000000, 0x0000000085100000|  0%| F|  |TAMS 0x0000000085000000| PB 0x0000000085000000| Untracked 
|  81|0x0000000085100000, 0x0000000085100000, 0x0000000085200000|  0%| F|  |TAMS 0x0000000085100000| PB 0x0000000085100000| Untracked 
|  82|0x0000000085200000, 0x0000000085200000, 0x0000000085300000|  0%| F|  |TAMS 0x0000000085200000| PB 0x0000000085200000| Untracked 
|  83|0x0000000085300000, 0x0000000085300000, 0x0000000085400000|  0%| F|  |TAMS 0x0000000085300000| PB 0x0000000085300000| Untracked 
|  84|0x0000000085400000, 0x0000000085400000, 0x0000000085500000|  0%| F|  |TAMS 0x0000000085400000| PB 0x0000000085400000| Untracked 
|  85|0x0000000085500000, 0x0000000085500000, 0x0000000085600000|  0%| F|  |TAMS 0x0000000085500000| PB 0x0000000085500000| Untracked 
|  86|0x0000000085600000, 0x0000000085700000, 0x0000000085700000|100%| S|CS|TAMS 0x0000000085600000| PB 0x0000000085600000| Complete 
|  87|0x0000000085700000, 0x0000000085800000, 0x0000000085800000|100%| S|CS|TAMS 0x0000000085700000| PB 0x0000000085700000| Complete 
|  88|0x0000000085800000, 0x0000000085900000, 0x0000000085900000|100%| S|CS|TAMS 0x0000000085800000| PB 0x0000000085800000| Complete 
|  89|0x0000000085900000, 0x0000000085a00000, 0x0000000085a00000|100%| S|CS|TAMS 0x0000000085900000| PB 0x0000000085900000| Complete 
|  90|0x0000000085a00000, 0x0000000085b00000, 0x0000000085b00000|100%| S|CS|TAMS 0x0000000085a00000| PB 0x0000000085a00000| Complete 
|  91|0x0000000085b00000, 0x0000000085c00000, 0x0000000085c00000|100%| S|CS|TAMS 0x0000000085b00000| PB 0x0000000085b00000| Complete 
|  92|0x0000000085c00000, 0x0000000085d00000, 0x0000000085d00000|100%| S|CS|TAMS 0x0000000085c00000| PB 0x0000000085c00000| Complete 
|  93|0x0000000085d00000, 0x0000000085d00000, 0x0000000085e00000|  0%| F|  |TAMS 0x0000000085d00000| PB 0x0000000085d00000| Untracked 
|  94|0x0000000085e00000, 0x0000000085e00000, 0x0000000085f00000|  0%| F|  |TAMS 0x0000000085e00000| PB 0x0000000085e00000| Untracked 
|  95|0x0000000085f00000, 0x0000000085f00000, 0x0000000086000000|  0%| F|  |TAMS 0x0000000085f00000| PB 0x0000000085f00000| Untracked 
|  96|0x0000000086000000, 0x0000000086000000, 0x0000000086100000|  0%| F|  |TAMS 0x0000000086000000| PB 0x0000000086000000| Untracked 
|  97|0x0000000086100000, 0x0000000086100000, 0x0000000086200000|  0%| F|  |TAMS 0x0000000086100000| PB 0x0000000086100000| Untracked 
|  98|0x0000000086200000, 0x0000000086200000, 0x0000000086300000|  0%| F|  |TAMS 0x0000000086200000| PB 0x0000000086200000| Untracked 
|  99|0x0000000086300000, 0x0000000086300000, 0x0000000086400000|  0%| F|  |TAMS 0x0000000086300000| PB 0x0000000086300000| Untracked 
| 100|0x0000000086400000, 0x0000000086400000, 0x0000000086500000|  0%| F|  |TAMS 0x0000000086400000| PB 0x0000000086400000| Untracked 
| 101|0x0000000086500000, 0x0000000086500000, 0x0000000086600000|  0%| F|  |TAMS 0x0000000086500000| PB 0x0000000086500000| Untracked 
| 102|0x0000000086600000, 0x0000000086600000, 0x0000000086700000|  0%| F|  |TAMS 0x0000000086600000| PB 0x0000000086600000| Untracked 
| 103|0x0000000086700000, 0x0000000086700000, 0x0000000086800000|  0%| F|  |TAMS 0x0000000086700000| PB 0x0000000086700000| Untracked 
| 104|0x0000000086800000, 0x0000000086800000, 0x0000000086900000|  0%| F|  |TAMS 0x0000000086800000| PB 0x0000000086800000| Untracked 
| 105|0x0000000086900000, 0x0000000086900000, 0x0000000086a00000|  0%| F|  |TAMS 0x0000000086900000| PB 0x0000000086900000| Untracked 
| 106|0x0000000086a00000, 0x0000000086a00000, 0x0000000086b00000|  0%| F|  |TAMS 0x0000000086a00000| PB 0x0000000086a00000| Untracked 
| 107|0x0000000086b00000, 0x0000000086b00000, 0x0000000086c00000|  0%| F|  |TAMS 0x0000000086b00000| PB 0x0000000086b00000| Untracked 
| 108|0x0000000086c00000, 0x0000000086c00000, 0x0000000086d00000|  0%| F|  |TAMS 0x0000000086c00000| PB 0x0000000086c00000| Untracked 
| 109|0x0000000086d00000, 0x0000000086d00000, 0x0000000086e00000|  0%| F|  |TAMS 0x0000000086d00000| PB 0x0000000086d00000| Untracked 
| 110|0x0000000086e00000, 0x0000000086e00000, 0x0000000086f00000|  0%| F|  |TAMS 0x0000000086e00000| PB 0x0000000086e00000| Untracked 
| 111|0x0000000086f00000, 0x0000000086f00000, 0x0000000087000000|  0%| F|  |TAMS 0x0000000086f00000| PB 0x0000000086f00000| Untracked 
| 112|0x0000000087000000, 0x0000000087000000, 0x0000000087100000|  0%| F|  |TAMS 0x0000000087000000| PB 0x0000000087000000| Untracked 
| 113|0x0000000087100000, 0x0000000087100000, 0x0000000087200000|  0%| F|  |TAMS 0x0000000087100000| PB 0x0000000087100000| Untracked 
| 114|0x0000000087200000, 0x0000000087200000, 0x0000000087300000|  0%| F|  |TAMS 0x0000000087200000| PB 0x0000000087200000| Untracked 
| 115|0x0000000087300000, 0x0000000087300000, 0x0000000087400000|  0%| F|  |TAMS 0x0000000087300000| PB 0x0000000087300000| Untracked 
| 116|0x0000000087400000, 0x0000000087400000, 0x0000000087500000|  0%| F|  |TAMS 0x0000000087400000| PB 0x0000000087400000| Untracked 
| 117|0x0000000087500000, 0x0000000087500000, 0x0000000087600000|  0%| F|  |TAMS 0x0000000087500000| PB 0x0000000087500000| Untracked 
| 118|0x0000000087600000, 0x0000000087600000, 0x0000000087700000|  0%| F|  |TAMS 0x0000000087600000| PB 0x0000000087600000| Untracked 
| 119|0x0000000087700000, 0x0000000087700000, 0x0000000087800000|  0%| F|  |TAMS 0x0000000087700000| PB 0x0000000087700000| Untracked 
| 120|0x0000000087800000, 0x0000000087800000, 0x0000000087900000|  0%| F|  |TAMS 0x0000000087800000| PB 0x0000000087800000| Untracked 
| 121|0x0000000087900000, 0x0000000087900000, 0x0000000087a00000|  0%| F|  |TAMS 0x0000000087900000| PB 0x0000000087900000| Untracked 
| 122|0x0000000087a00000, 0x0000000087a00000, 0x0000000087b00000|  0%| F|  |TAMS 0x0000000087a00000| PB 0x0000000087a00000| Untracked 
| 123|0x0000000087b00000, 0x0000000087b00000, 0x0000000087c00000|  0%| F|  |TAMS 0x0000000087b00000| PB 0x0000000087b00000| Untracked 
| 124|0x0000000087c00000, 0x0000000087c00000, 0x0000000087d00000|  0%| F|  |TAMS 0x0000000087c00000| PB 0x0000000087c00000| Untracked 
| 125|0x0000000087d00000, 0x0000000087d00000, 0x0000000087e00000|  0%| F|  |TAMS 0x0000000087d00000| PB 0x0000000087d00000| Untracked 
| 126|0x0000000087e00000, 0x0000000087e00000, 0x0000000087f00000|  0%| F|  |TAMS 0x0000000087e00000| PB 0x0000000087e00000| Untracked 
| 127|0x0000000087f00000, 0x0000000087f00000, 0x0000000088000000|  0%| F|  |TAMS 0x0000000087f00000| PB 0x0000000087f00000| Untracked 
| 128|0x0000000088000000, 0x0000000088000000, 0x0000000088100000|  0%| F|  |TAMS 0x0000000088000000| PB 0x0000000088000000| Untracked 
| 129|0x0000000088100000, 0x0000000088100000, 0x0000000088200000|  0%| F|  |TAMS 0x0000000088100000| PB 0x0000000088100000| Untracked 
| 130|0x0000000088200000, 0x0000000088200000, 0x0000000088300000|  0%| F|  |TAMS 0x0000000088200000| PB 0x0000000088200000| Untracked 
| 131|0x0000000088300000, 0x0000000088300000, 0x0000000088400000|  0%| F|  |TAMS 0x0000000088300000| PB 0x0000000088300000| Untracked 
| 132|0x0000000088400000, 0x0000000088400000, 0x0000000088500000|  0%| F|  |TAMS 0x0000000088400000| PB 0x0000000088400000| Untracked 
| 133|0x0000000088500000, 0x0000000088500000, 0x0000000088600000|  0%| F|  |TAMS 0x0000000088500000| PB 0x0000000088500000| Untracked 
| 134|0x0000000088600000, 0x0000000088600000, 0x0000000088700000|  0%| F|  |TAMS 0x0000000088600000| PB 0x0000000088600000| Untracked 
| 135|0x0000000088700000, 0x0000000088700000, 0x0000000088800000|  0%| F|  |TAMS 0x0000000088700000| PB 0x0000000088700000| Untracked 
| 136|0x0000000088800000, 0x00000000888498d0, 0x0000000088900000| 28%| E|  |TAMS 0x0000000088800000| PB 0x0000000088800000| Complete 
| 137|0x0000000088900000, 0x0000000088a00000, 0x0000000088a00000|100%| E|CS|TAMS 0x0000000088900000| PB 0x0000000088900000| Complete 
| 138|0x0000000088a00000, 0x0000000088b00000, 0x0000000088b00000|100%| E|CS|TAMS 0x0000000088a00000| PB 0x0000000088a00000| Complete 
| 139|0x0000000088b00000, 0x0000000088c00000, 0x0000000088c00000|100%| E|CS|TAMS 0x0000000088b00000| PB 0x0000000088b00000| Complete 
|2043|0x00000000ffb00000, 0x00000000ffc00000, 0x00000000ffc00000|100%| O|Cm|TAMS 0x00000000ffb00000| PB 0x00000000ffb00000| Complete 
|2044|0x00000000ffc00000, 0x00000000ffd00000, 0x00000000ffd00000|100%| O|Cm|TAMS 0x00000000ffc00000| PB 0x00000000ffc00000| Complete 
|2045|0x00000000ffd00000, 0x00000000ffe00000, 0x00000000ffe00000|100%| O|  |TAMS 0x00000000ffd00000| PB 0x00000000ffd00000| Untracked 
|2046|0x00000000ffe00000, 0x00000000fff00000, 0x00000000fff00000|100%| O|Cm|TAMS 0x00000000ffe00000| PB 0x00000000ffe00000| Complete 
|2047|0x00000000fff00000, 0x0000000100000000, 0x0000000100000000|100%| O|  |TAMS 0x00000000fff00000| PB 0x00000000fff00000| Untracked 

Card table byte_map: [0x00000205c0d40000,0x00000205c1140000] _byte_map_base: 0x00000205c0940000

Marking Bits: (CMBitMap*) 0x00000205ae84fa60
 Bits: [0x00000205c1140000, 0x00000205c3140000)

Polling page: 0x00000205adf70000

Metaspace:

Usage:
  Non-class:     61.12 MB used.
      Class:      9.71 MB used.
       Both:     70.83 MB used.

Virtual space:
  Non-class space:       64.00 MB reserved,      61.94 MB ( 97%) committed,  1 nodes.
      Class space:        1.00 GB reserved,      10.62 MB (  1%) committed,  1 nodes.
             Both:        1.06 GB reserved,      72.56 MB (  7%) committed. 

Chunk freelists:
   Non-Class:  1.38 MB
       Class:  5.42 MB
        Both:  6.80 MB

MaxMetaspaceSize: unlimited
CompressedClassSpaceSize: 1.00 GB
Initial GC threshold: 21.00 MB
Current GC threshold: 119.69 MB
CDS: off
 - commit_granule_bytes: 65536.
 - commit_granule_words: 8192.
 - virtual_space_node_default_size: 8388608.
 - enlarge_chunks_in_place: 1.
 - use_allocation_guard: 0.


Internal statistics:

num_allocs_failed_limit: 3.
num_arena_births: 3234.
num_arena_deaths: 0.
num_vsnodes_births: 2.
num_vsnodes_deaths: 0.
num_space_committed: 1161.
num_space_uncommitted: 0.
num_chunks_returned_to_freelist: 3.
num_chunks_taken_from_freelist: 6216.
num_chunk_merges: 3.
num_chunk_splits: 4045.
num_chunks_enlarged: 2531.
num_inconsistent_stats: 0.

CodeHeap 'non-profiled nmethods': size=120000Kb used=3889Kb max_used=3889Kb free=116110Kb
 bounds [0x00000205b9410000, 0x00000205b97e0000, 0x00000205c0940000]
CodeHeap 'profiled nmethods': size=120000Kb used=13779Kb max_used=13779Kb free=106221Kb
 bounds [0x00000205b1940000, 0x00000205b26c0000, 0x00000205b8e70000]
CodeHeap 'non-nmethods': size=5760Kb used=2746Kb max_used=2775Kb free=3013Kb
 bounds [0x00000205b8e70000, 0x00000205b9130000, 0x00000205b9410000]
 total_blobs=8267 nmethods=7375 adapters=796
 compilation: enabled
              stopped_count=0, restarted_count=0
 full_count=0

Compilation events (20 events):
Event: 182.159 Thread 0x00000205c5975100 8351       3       org.gradle.internal.buildoption.Option$Value::defaultValue (9 bytes)
Event: 182.160 Thread 0x00000205c5975100 nmethod 8351 0x00000205b269f890 code [0x00000205b269fa40, 0x00000205b269fcf0]
Event: 182.160 Thread 0x00000205c5975100 8352       3       org.gradle.internal.buildoption.Option$Value$1::<init> (10 bytes)
Event: 182.160 Thread 0x00000205c5975100 nmethod 8352 0x00000205b269fe10 code [0x00000205b269ffc0, 0x00000205b26a01e0]
Event: 182.162 Thread 0x00000205c5975100 8353       3       java.util.stream.AbstractPipeline::spliterator (116 bytes)
Event: 182.163 Thread 0x00000205c5975100 nmethod 8353 0x00000205b26a0310 code [0x00000205b26a05a0, 0x00000205b26a1050]
Event: 182.173 Thread 0x00000205c58ffbb0 nmethod 8350 0x00000205b97db010 code [0x00000205b97db260, 0x00000205b97dbda8]
Event: 182.178 Thread 0x00000205c58ffbb0 8354       4       org.gradle.cache.internal.btree.CachingBlockStore::read (56 bytes)
Event: 182.212 Thread 0x00000205c5975100 8356       3       java.nio.charset.CharsetDecoder::implReplaceWith (1 bytes)
Event: 182.377 Thread 0x00000205c5975100 nmethod 8356 0x00000205b26a1390 code [0x00000205b26a1520, 0x00000205b26a1628]
Event: 182.377 Thread 0x00000205c5975100 8361       3       com.google.common.collect.ImmutableListMultimap::fromMapEntries (141 bytes)
Event: 182.392 Thread 0x00000205c5975100 nmethod 8361 0x00000205b26a1690 code [0x00000205b26a1ac0, 0x00000205b26a39e0]
Event: 182.392 Thread 0x00000205c5975100 8362   !   3       sun.nio.ch.IOUtil::releaseScope (23 bytes)
Event: 182.393 Thread 0x00000205c5975100 nmethod 8362 0x00000205b26a4390 code [0x00000205b26a45a0, 0x00000205b26a4bf0]
Event: 182.393 Thread 0x00000205c5975100 8360       3       com.google.common.collect.CollectCollectors::toImmutableMap (40 bytes)
Event: 182.394 Thread 0x00000205c5975100 nmethod 8360 0x00000205b26a4f10 code [0x00000205b26a51c0, 0x00000205b26a5f00]
Event: 182.394 Thread 0x00000205c5975100 8357       3       sun.nio.cs.UTF_8::newDecoder (9 bytes)
Event: 182.394 Thread 0x00000205c5975100 nmethod 8357 0x00000205b26a6390 code [0x00000205b26a6580, 0x00000205b26a6790]
Event: 182.394 Thread 0x00000205c5975100 8358       3       sun.nio.cs.UTF_8$Decoder::<init> (8 bytes)
Event: 182.394 Thread 0x00000205c5975100 nmethod 8358 0x00000205b26a6890 code [0x00000205b26a6a60, 0x00000205b26a6ba8]

GC Heap History (20 events):
Event: 110.466 GC heap before
{Heap before GC invocations=18 (full 0):
 garbage-first heap   total 78848K, used 64876K [0x0000000080000000, 0x0000000100000000)
  region size 1024K, 23 young (23552K), 3 survivors (3072K)
 Metaspace       used 47950K, committed 49216K, reserved 1114112K
  class space    used 6591K, committed 7232K, reserved 1048576K
}
Event: 110.485 GC heap after
{Heap after GC invocations=19 (full 0):
 garbage-first heap   total 78848K, used 47755K [0x0000000080000000, 0x0000000100000000)
  region size 1024K, 3 young (3072K), 3 survivors (3072K)
 Metaspace       used 47950K, committed 49216K, reserved 1114112K
  class space    used 6591K, committed 7232K, reserved 1048576K
}
Event: 111.167 GC heap before
{Heap before GC invocations=20 (full 0):
 garbage-first heap   total 86016K, used 66187K [0x0000000080000000, 0x0000000100000000)
  region size 1024K, 22 young (22528K), 3 survivors (3072K)
 Metaspace       used 48976K, committed 50240K, reserved 1114112K
  class space    used 6673K, committed 7296K, reserved 1048576K
}
Event: 111.211 GC heap after
{Heap after GC invocations=21 (full 0):
 garbage-first heap   total 86016K, used 50488K [0x0000000080000000, 0x0000000100000000)
  region size 1024K, 3 young (3072K), 3 survivors (3072K)
 Metaspace       used 48976K, committed 50240K, reserved 1114112K
  class space    used 6673K, committed 7296K, reserved 1048576K
}
Event: 112.684 GC heap before
{Heap before GC invocations=21 (full 0):
 garbage-first heap   total 86016K, used 79160K [0x0000000080000000, 0x0000000100000000)
  region size 1024K, 26 young (26624K), 3 survivors (3072K)
 Metaspace       used 51423K, committed 52864K, reserved 1114112K
  class space    used 6912K, committed 7616K, reserved 1048576K
}
Event: 112.693 GC heap after
{Heap after GC invocations=22 (full 0):
 garbage-first heap   total 86016K, used 51483K [0x0000000080000000, 0x0000000100000000)
  region size 1024K, 3 young (3072K), 3 survivors (3072K)
 Metaspace       used 51423K, committed 52864K, reserved 1114112K
  class space    used 6912K, committed 7616K, reserved 1048576K
}
Event: 117.867 GC heap before
{Heap before GC invocations=22 (full 0):
 garbage-first heap   total 86016K, used 75035K [0x0000000080000000, 0x0000000100000000)
  region size 1024K, 26 young (26624K), 3 survivors (3072K)
 Metaspace       used 54208K, committed 55744K, reserved 1114112K
  class space    used 7386K, committed 8128K, reserved 1048576K
}
Event: 117.893 GC heap after
{Heap after GC invocations=23 (full 0):
 garbage-first heap   total 86016K, used 52781K [0x0000000080000000, 0x0000000100000000)
  region size 1024K, 2 young (2048K), 2 survivors (2048K)
 Metaspace       used 54208K, committed 55744K, reserved 1114112K
  class space    used 7386K, committed 8128K, reserved 1048576K
}
Event: 128.652 GC heap before
{Heap before GC invocations=24 (full 0):
 garbage-first heap   total 92160K, used 76333K [0x0000000080000000, 0x0000000100000000)
  region size 1024K, 24 young (24576K), 2 survivors (2048K)
 Metaspace       used 55884K, committed 57344K, reserved 1114112K
  class space    used 7656K, committed 8384K, reserved 1048576K
}
Event: 128.680 GC heap after
{Heap after GC invocations=25 (full 0):
 garbage-first heap   total 92160K, used 58884K [0x0000000080000000, 0x0000000100000000)
  region size 1024K, 3 young (3072K), 3 survivors (3072K)
 Metaspace       used 55884K, committed 57344K, reserved 1114112K
  class space    used 7656K, committed 8384K, reserved 1048576K
}
Event: 149.605 GC heap before
{Heap before GC invocations=25 (full 0):
 garbage-first heap   total 93184K, used 91652K [0x0000000080000000, 0x0000000100000000)
  region size 1024K, 22 young (22528K), 3 survivors (3072K)
 Metaspace       used 57405K, committed 58880K, reserved 1114112K
  class space    used 7732K, committed 8448K, reserved 1048576K
}
Event: 149.665 GC heap after
{Heap after GC invocations=26 (full 0):
 garbage-first heap   total 102400K, used 76695K [0x0000000080000000, 0x0000000100000000)
  region size 1024K, 4 young (4096K), 4 survivors (4096K)
 Metaspace       used 57405K, committed 58880K, reserved 1114112K
  class space    used 7732K, committed 8448K, reserved 1048576K
}
Event: 153.532 GC heap before
{Heap before GC invocations=26 (full 0):
 garbage-first heap   total 102400K, used 92055K [0x0000000080000000, 0x0000000100000000)
  region size 1024K, 19 young (19456K), 4 survivors (4096K)
 Metaspace       used 58414K, committed 59968K, reserved 1114112K
  class space    used 7870K, committed 8640K, reserved 1048576K
}
Event: 153.552 GC heap after
{Heap after GC invocations=27 (full 0):
 garbage-first heap   total 102400K, used 77356K [0x0000000080000000, 0x0000000100000000)
  region size 1024K, 1 young (1024K), 1 survivors (1024K)
 Metaspace       used 58414K, committed 59968K, reserved 1114112K
  class space    used 7870K, committed 8640K, reserved 1048576K
}
Event: 155.071 GC heap before
{Heap before GC invocations=28 (full 0):
 garbage-first heap   total 148480K, used 91692K [0x0000000080000000, 0x0000000100000000)
  region size 1024K, 16 young (16384K), 1 survivors (1024K)
 Metaspace       used 58716K, committed 60288K, reserved 1114112K
  class space    used 7920K, committed 8704K, reserved 1048576K
}
Event: 155.077 GC heap after
{Heap after GC invocations=29 (full 0):
 garbage-first heap   total 148480K, used 78242K [0x0000000080000000, 0x0000000100000000)
  region size 1024K, 2 young (2048K), 2 survivors (2048K)
 Metaspace       used 58716K, committed 60288K, reserved 1114112K
  class space    used 7920K, committed 8704K, reserved 1048576K
}
Event: 163.615 GC heap before
{Heap before GC invocations=29 (full 0):
 garbage-first heap   total 148480K, used 131490K [0x0000000080000000, 0x0000000100000000)
  region size 1024K, 54 young (55296K), 2 survivors (2048K)
 Metaspace       used 65934K, committed 67584K, reserved 1114112K
  class space    used 8975K, committed 9792K, reserved 1048576K
}
Event: 163.629 GC heap after
{Heap after GC invocations=30 (full 0):
 garbage-first heap   total 148480K, used 79185K [0x0000000080000000, 0x0000000100000000)
  region size 1024K, 4 young (4096K), 4 survivors (4096K)
 Metaspace       used 65934K, committed 67584K, reserved 1114112K
  class space    used 8975K, committed 9792K, reserved 1048576K
}
Event: 172.331 GC heap before
{Heap before GC invocations=30 (full 0):
 garbage-first heap   total 148480K, used 134481K [0x0000000080000000, 0x0000000100000000)
  region size 1024K, 58 young (59392K), 4 survivors (4096K)
 Metaspace       used 71751K, committed 73536K, reserved 1114112K
  class space    used 9911K, committed 10816K, reserved 1048576K
}
Event: 172.351 GC heap after
{Heap after GC invocations=31 (full 0):
 garbage-first heap   total 148480K, used 83123K [0x0000000080000000, 0x0000000100000000)
  region size 1024K, 8 young (8192K), 8 survivors (8192K)
 Metaspace       used 71751K, committed 73536K, reserved 1114112K
  class space    used 9911K, committed 10816K, reserved 1048576K
}

Dll operation events (3 events):
Event: 0.364 Loaded shared library C:\Program Files\Android\Android Studio\jbr\bin\java.dll
Event: 0.796 Loaded shared library C:\Program Files\Android\Android Studio\jbr\bin\zip.dll
Event: 21.347 Loaded shared library C:\Program Files\Android\Android Studio\jbr\bin\verify.dll

Deoptimization events (20 events):
Event: 179.830 Thread 0x00000205cb745680 Uncommon trap: trap_request=0xffffff45 fr.pc=0x00000205b95ef888 relative=0x0000000000000068
Event: 179.830 Thread 0x00000205cb745680 Uncommon trap: reason=unstable_if action=reinterpret pc=0x00000205b95ef888 method=org.gradle.internal.snapshot.PathUtil.compareCharsIgnoringCase(CC)I @ 11 c2
Event: 179.830 Thread 0x00000205cb745680 DEOPT PACKING pc=0x00000205b95ef888 sp=0x0000005d684f2360
Event: 179.830 Thread 0x00000205cb745680 DEOPT UNPACKING pc=0x00000205b8ec46a2 sp=0x0000005d684f2300 mode 2
Event: 179.951 Thread 0x00000205cb745680 Uncommon trap: trap_request=0xffffff45 fr.pc=0x00000205b96d6308 relative=0x00000000000006a8
Event: 179.951 Thread 0x00000205cb745680 Uncommon trap: reason=unstable_if action=reinterpret pc=0x00000205b96d6308 method=org.gradle.internal.snapshot.VfsRelativePath.isPrefix(Ljava/lang/String;ILjava/lang/String;ILorg/gradle/internal/snapshot/CaseSensitivity;)Z @ 101 c2
Event: 179.951 Thread 0x00000205cb745680 DEOPT PACKING pc=0x00000205b96d6308 sp=0x0000005d684f3110
Event: 179.951 Thread 0x00000205cb745680 DEOPT UNPACKING pc=0x00000205b8ec46a2 sp=0x0000005d684f3018 mode 2
Event: 180.368 Thread 0x00000205cb745680 Uncommon trap: trap_request=0xffffff45 fr.pc=0x00000205b97b3138 relative=0x0000000000000198
Event: 180.377 Thread 0x00000205cb745680 Uncommon trap: reason=unstable_if action=reinterpret pc=0x00000205b97b3138 method=org.gradle.internal.snapshot.VfsRelativePath.isPrefix(Ljava/lang/String;ILjava/lang/String;ILorg/gradle/internal/snapshot/CaseSensitivity;)Z @ 101 c2
Event: 180.377 Thread 0x00000205cb745680 DEOPT PACKING pc=0x00000205b97b3138 sp=0x0000005d684f2f60
Event: 180.410 Thread 0x00000205cb745680 DEOPT UNPACKING pc=0x00000205b8ec46a2 sp=0x0000005d684f2e50 mode 2
Event: 180.422 Thread 0x00000205cb745680 Uncommon trap: trap_request=0xffffff45 fr.pc=0x00000205b95f98d4 relative=0x0000000000000774
Event: 180.422 Thread 0x00000205cb745680 Uncommon trap: reason=unstable_if action=reinterpret pc=0x00000205b95f98d4 method=org.gradle.internal.snapshot.VfsRelativePath.isPrefix(Ljava/lang/String;ILjava/lang/String;ILorg/gradle/internal/snapshot/CaseSensitivity;)Z @ 101 c2
Event: 180.422 Thread 0x00000205cb745680 DEOPT PACKING pc=0x00000205b95f98d4 sp=0x0000005d684f2f60
Event: 180.422 Thread 0x00000205cb745680 DEOPT UNPACKING pc=0x00000205b8ec46a2 sp=0x0000005d684f2ee8 mode 2
Event: 180.465 Thread 0x00000205cb745680 Uncommon trap: trap_request=0xffffff45 fr.pc=0x00000205b97b5938 relative=0x0000000000000298
Event: 180.465 Thread 0x00000205cb745680 Uncommon trap: reason=unstable_if action=reinterpret pc=0x00000205b97b5938 method=org.gradle.internal.snapshot.VfsRelativePath.compareToFirstSegment(Ljava/lang/String;Lorg/gradle/internal/snapshot/CaseSensitivity;)I @ 175 c2
Event: 180.465 Thread 0x00000205cb745680 DEOPT PACKING pc=0x00000205b97b5938 sp=0x0000005d684f22a0
Event: 180.465 Thread 0x00000205cb745680 DEOPT UNPACKING pc=0x00000205b8ec46a2 sp=0x0000005d684f2228 mode 2

Classes loaded (20 events):
Event: 165.528 Loading class java/util/IdentityHashMap$EntryIterator$Entry
Event: 165.529 Loading class java/util/IdentityHashMap$EntryIterator$Entry done
Event: 165.661 Loading class java/util/concurrent/RecursiveAction
Event: 165.666 Loading class java/util/concurrent/RecursiveAction done
Event: 165.908 Loading class java/lang/invoke/SerializedLambda$1
Event: 165.910 Loading class java/lang/invoke/SerializedLambda$1 done
Event: 166.065 Loading class org/xml/sax/Locator
Event: 166.068 Loading class org/xml/sax/Locator done
Event: 166.068 Loading class org/xml/sax/SAXParseException
Event: 166.069 Loading class org/xml/sax/SAXParseException done
Event: 166.269 Loading class org/xml/sax/Attributes
Event: 166.270 Loading class org/xml/sax/Attributes done
Event: 166.790 Loading class java/util/DualPivotQuicksort
Event: 166.792 Loading class java/util/DualPivotQuicksort done
Event: 167.981 Loading class java/util/function/LongUnaryOperator
Event: 167.986 Loading class java/util/function/LongUnaryOperator done
Event: 175.626 Loading class java/util/Collections$ReverseComparator
Event: 175.629 Loading class java/util/Collections$ReverseComparator done
Event: 175.629 Loading class java/util/Collections$ReverseComparator2
Event: 175.630 Loading class java/util/Collections$ReverseComparator2 done

Classes unloaded (0 events):
No events

Classes redefined (0 events):
No events

Internal exceptions (20 events):
Event: 166.044 Thread 0x00000205cb745680 Exception <a 'java/lang/ClassNotFoundException'{0x0000000087464448}: org/gradle/api/internal/project/DefaultProject_DecoratedBeanInfo> (0x0000000087464448) 
thrown [s\src\hotspot\share\classfile\systemDictionary.cpp, line 312]
Event: 166.044 Thread 0x00000205cb745680 Exception <a 'java/lang/ClassNotFoundException'{0x0000000087470008}: org/gradle/api/internal/project/DefaultProjectBeanInfo> (0x0000000087470008) 
thrown [s\src\hotspot\share\classfile\systemDictionary.cpp, line 312]
Event: 166.045 Thread 0x00000205cb745680 Exception <a 'java/lang/ClassNotFoundException'{0x000000008747bc40}: org/gradle/api/internal/project/DefaultProjectCustomizer> (0x000000008747bc40) 
thrown [s\src\hotspot\share\classfile\systemDictionary.cpp, line 312]
Event: 166.055 Thread 0x00000205cb745680 Exception <a 'java/lang/ClassNotFoundException'{0x0000000087335ae0}: org/gradle/api/internal/project/DefaultProject_DecoratedCustomizer> (0x0000000087335ae0) 
thrown [s\src\hotspot\share\classfile\systemDictionary.cpp, line 312]
Event: 167.987 Thread 0x00000205cb745680 Exception <a 'java/lang/NoSuchMethodError'{0x0000000086bda830}: 'long java.lang.invoke.DirectMethodHandle$Holder.invokeStatic(java.lang.Object, long)'> (0x0000000086bda830) 
thrown [s\src\hotspot\share\interpreter\linkResolver.cpp, line 784]
Event: 169.479 Thread 0x00000205cb745680 Exception <a 'java/lang/NoSuchMethodError'{0x0000000086685948}: 'java.lang.Object java.lang.invoke.DirectMethodHandle$Holder.invokeVirtual(java.lang.Object, java.lang.Object, java.lang.Object, java.lang.Object, java.lang.Object, java.lang.Object, java.lang.Object, java.lang.Object, java.lang.Object, java.lang.Object, java.lang.Object, java.lang.Object, java.lang.Object, java.lang.Object, java.lang.Object, java.lang.Object, java.lang.Object)'> (0x0000000086685948) 
thrown [s\src\hotspot\share\interpreter\li
Event: 169.480 Thread 0x00000205cb745680 Exception <a 'java/lang/NoSuchMethodError'{0x000000008668b8c8}: 'java.lang.Object java.lang.invoke.DirectMethodHandle$Holder.invokeSpecial(java.lang.Object, java.lang.Object, java.lang.Object, java.lang.Object, java.lang.Object, java.lang.Object, java.lang.Object, java.lang.Object, java.lang.Object, java.lang.Object, java.lang.Object, java.lang.Object, java.lang.Object, java.lang.Object, java.lang.Object, java.lang.Object, java.lang.Object, java.lang.Object)'> (0x000000008668b8c8) 
thrown [s\src\hotspot\sh
Event: 169.481 Thread 0x00000205cb745680 Exception <a 'java/lang/NoSuchMethodError'{0x0000000086691088}: 'java.lang.Object java.lang.invoke.DelegatingMethodHandle$Holder.reinvoke_L(java.lang.Object, java.lang.Object, java.lang.Object, java.lang.Object, java.lang.Object, java.lang.Object, java.lang.Object, java.lang.Object, java.lang.Object, java.lang.Object, java.lang.Object, java.lang.Object, java.lang.Object, java.lang.Object, java.lang.Object, java.lang.Object, java.lang.Object)'> (0x0000000086691088) 
thrown [s\src\hotspot\share\interpreter\l
Event: 169.622 Thread 0x00000205cb745680 Exception <a 'java/lang/NoSuchMethodError'{0x000000008651d4b8}: 'void java.lang.invoke.DirectMethodHandle$Holder.invokeStatic(java.lang.Object, java.lang.Object, java.lang.Object, java.lang.Object, java.lang.Object, java.lang.Object)'> (0x000000008651d4b8) 
thrown [s\src\hotspot\share\interpreter\linkResolver.cpp, line 784]
Event: 170.634 Thread 0x00000205cb745680 Exception <a 'java/lang/NoSuchMethodError'{0x000000008615d4d0}: static Lorg/gradle/api/internal/catalog/DefaultVersionCatalog;.<clinit>()V> (0x000000008615d4d0) 
thrown [s\src\hotspot\share\prims\jni.cpp, line 1126]
Event: 170.661 Thread 0x00000205cb745680 Exception <a 'java/lang/NoSuchMethodError'{0x00000000861b15e8}: static [Ljava/lang/Object;.<clinit>()V> (0x00000000861b15e8) 
thrown [s\src\hotspot\share\prims\jni.cpp, line 1126]
Event: 170.667 Thread 0x00000205cb745680 Exception <a 'java/lang/NoSuchMethodError'{0x00000000861da578}: static Lorg/gradle/api/internal/catalog/DependencyModel;.<clinit>()V> (0x00000000861da578) 
thrown [s\src\hotspot\share\prims\jni.cpp, line 1126]
Event: 170.667 Thread 0x00000205cb745680 Exception <a 'java/lang/NoSuchMethodError'{0x00000000861de670}: static Lorg/gradle/api/internal/catalog/AbstractContextAwareModel;.<clinit>()V> (0x00000000861de670) 
thrown [s\src\hotspot\share\prims\jni.cpp, line 1126]
Event: 170.673 Thread 0x00000205cb745680 Exception <a 'java/lang/NoSuchMethodError'{0x00000000861f88a0}: static Lorg/gradle/api/internal/artifacts/dependencies/AbstractVersionConstraint;.<clinit>()V> (0x00000000861f88a0) 
thrown [s\src\hotspot\share\prims\jni.cpp, line 1126]
Event: 170.908 Thread 0x00000205cb745680 Exception <a 'java/lang/NoSuchMethodError'{0x000000008604ce38}: static Lorg/gradle/api/internal/catalog/PluginModel;.<clinit>()V> (0x000000008604ce38) 
thrown [s\src\hotspot\share\prims\jni.cpp, line 1126]
Event: 170.938 Thread 0x00000205cb745680 Exception <a 'java/lang/NoSuchMethodError'{0x0000000086064440}: static Lorg/gradle/api/internal/catalog/VersionModel;.<clinit>()V> (0x0000000086064440) 
thrown [s\src\hotspot\share\prims\jni.cpp, line 1126]
Event: 171.477 Thread 0x00000205cb745680 Exception <a 'java/lang/NoSuchMethodError'{0x0000000085c331d0}: 'int java.lang.invoke.DirectMethodHandle$Holder.invokeSpecialIFC(java.lang.Object, java.lang.Object, java.lang.Object)'> (0x0000000085c331d0) 
thrown [s\src\hotspot\share\interpreter\linkResolver.cpp, line 784]
Event: 171.792 Thread 0x00000205cb745680 Exception <a 'java/lang/NoSuchMethodError'{0x00000000859db5c8}: 'java.lang.Object java.lang.invoke.DirectMethodHandle$Holder.invokeSpecial(java.lang.Object, java.lang.Object, java.lang.Object, java.lang.Object, java.lang.Object, long)'> (0x00000000859db5c8) 
thrown [s\src\hotspot\share\interpreter\linkResolver.cpp, line 784]
Event: 171.796 Thread 0x00000205cb745680 Exception <a 'java/lang/NoSuchMethodError'{0x00000000859fb160}: 'void java.lang.invoke.DirectMethodHandle$Holder.invokeStatic(java.lang.Object, java.lang.Object, java.lang.Object, int, java.lang.Object)'> (0x00000000859fb160) 
thrown [s\src\hotspot\share\interpreter\linkResolver.cpp, line 784]
Event: 171.834 Thread 0x00000205cb745680 Implicit null exception at 0x00000205b971ba9d to 0x00000205b971bd04

ZGC Phase Switch (0 events):
No events

VM Operations (20 events):
Event: 174.546 Executing VM operation: Cleanup
Event: 174.631 Executing VM operation: Cleanup done
Event: 175.631 Executing VM operation: Cleanup
Event: 175.633 Executing VM operation: Cleanup done
Event: 176.647 Executing VM operation: Cleanup
Event: 176.824 Executing VM operation: Cleanup done
Event: 177.336 Executing VM operation: HandshakeAllThreads (Deoptimize)
Event: 177.336 Executing VM operation: HandshakeAllThreads (Deoptimize) done
Event: 178.346 Executing VM operation: Cleanup
Event: 178.363 Executing VM operation: Cleanup done
Event: 179.373 Executing VM operation: Cleanup
Event: 179.375 Executing VM operation: Cleanup done
Event: 180.389 Executing VM operation: Cleanup
Event: 180.422 Executing VM operation: Cleanup done
Event: 180.714 Executing VM operation: HandshakeAllThreads (HandshakeForDeflation)
Event: 180.714 Executing VM operation: HandshakeAllThreads (HandshakeForDeflation) done
Event: 180.714 Executing VM operation: RendezvousGCThreads
Event: 180.714 Executing VM operation: RendezvousGCThreads done
Event: 181.717 Executing VM operation: Cleanup
Event: 181.718 Executing VM operation: Cleanup done

Events (20 events):
Event: 172.474 Thread 0x00000205c562caa0 flushing nmethod 0x00000205b19cb390
Event: 172.474 Thread 0x00000205c562caa0 flushing nmethod 0x00000205b1981710
Event: 172.474 Thread 0x00000205c562caa0 flushing nmethod 0x00000205b9626a90
Event: 172.474 Thread 0x00000205c562caa0 flushing nmethod 0x00000205b96aad90
Event: 172.474 Thread 0x00000205c562caa0 flushing nmethod 0x00000205b9652e90
Event: 172.474 Thread 0x00000205c562caa0 flushing nmethod 0x00000205b9660d90
Event: 172.474 Thread 0x00000205c562caa0 flushing nmethod 0x00000205b9660690
Event: 172.474 Thread 0x00000205c562caa0 flushing nmethod 0x00000205b9661690
Event: 172.474 Thread 0x00000205c562caa0 flushing nmethod 0x00000205b9596790
Event: 172.474 Thread 0x00000205c562caa0 flushing nmethod 0x00000205b9573590
Event: 172.474 Thread 0x00000205c562caa0 flushing nmethod 0x00000205b9531890
Event: 172.474 Thread 0x00000205c562caa0 flushing nmethod 0x00000205b9535a10
Event: 172.474 Thread 0x00000205c562caa0 flushing nmethod 0x00000205b94d7490
Event: 172.474 Thread 0x00000205c562caa0 flushing nmethod 0x00000205b947dd10
Event: 178.713 Thread 0x00000205cdf921f0 Thread added: 0x00000205cdf921f0
Event: 178.713 Thread 0x00000205cdf91b60 Thread added: 0x00000205cdf91b60
Event: 178.714 Thread 0x00000205cdf907b0 Thread added: 0x00000205cdf907b0
Event: 179.820 Thread 0x00000205cdf90e40 Thread added: 0x00000205cdf90e40
Event: 179.832 Thread 0x00000205cdf92880 Thread added: 0x00000205cdf92880
Event: 179.853 Thread 0x00000205cdf8fa90 Thread added: 0x00000205cdf8fa90


Dynamic libraries:
0x00007ff72ba40000 - 0x00007ff72ba4a000 	C:\Program Files\Android\Android Studio\jbr\bin\java.exe
0x00007ffa14b00000 - 0x00007ffa14d60000 	C:\WINDOWS\SYSTEM32\ntdll.dll
0x00007ffa13db0000 - 0x00007ffa13e77000 	C:\WINDOWS\System32\KERNEL32.DLL
0x00007ffa12230000 - 0x00007ffa125fa000 	C:\WINDOWS\System32\KERNELBASE.dll
0x00007ffa120e0000 - 0x00007ffa1222b000 	C:\WINDOWS\System32\ucrtbase.dll
0x00007ff9c4fe0000 - 0x00007ff9c4ff8000 	C:\Program Files\Android\Android Studio\jbr\bin\jli.dll
0x00007ffa14310000 - 0x00007ffa144dc000 	C:\WINDOWS\System32\USER32.dll
0x00007ffa12830000 - 0x00007ffa12857000 	C:\WINDOWS\System32\win32u.dll
0x00007ffa13fb0000 - 0x00007ffa13fda000 	C:\WINDOWS\System32\GDI32.dll
0x00007ffa11da0000 - 0x00007ffa11ed1000 	C:\WINDOWS\System32\gdi32full.dll
0x00007ffa12600000 - 0x00007ffa126a3000 	C:\WINDOWS\System32\msvcp_win.dll
0x00007ff9ff640000 - 0x00007ff9ff65b000 	C:\Program Files\Android\Android Studio\jbr\bin\VCRUNTIME140.dll
0x00007ff9f3a10000 - 0x00007ff9f3ca7000 	C:\WINDOWS\WinSxS\amd64_microsoft.windows.common-controls_6595b64144ccf1df_6.0.26100.3624_none_3e086962e3345f24\COMCTL32.dll
0x00007ffa14060000 - 0x00007ffa14109000 	C:\WINDOWS\System32\msvcrt.dll
0x00007ffa14a80000 - 0x00007ffa14aaf000 	C:\WINDOWS\System32\IMM32.DLL
0x00007ffa0cc60000 - 0x00007ffa0cc6c000 	C:\Program Files\Android\Android Studio\jbr\bin\vcruntime140_1.dll
0x00007ff9bd7d0000 - 0x00007ff9bd85d000 	C:\Program Files\Android\Android Studio\jbr\bin\msvcp140.dll
0x00007ff99f750000 - 0x00007ff9a03cd000 	C:\Program Files\Android\Android Studio\jbr\bin\server\jvm.dll
0x00007ffa13cf0000 - 0x00007ffa13da2000 	C:\WINDOWS\System32\ADVAPI32.dll
0x00007ffa14260000 - 0x00007ffa14306000 	C:\WINDOWS\System32\sechost.dll
0x00007ffa13e80000 - 0x00007ffa13f96000 	C:\WINDOWS\System32\RPCRT4.dll
0x00007ffa13fe0000 - 0x00007ffa14054000 	C:\WINDOWS\System32\WS2_32.dll
0x00007ffa10950000 - 0x00007ffa109ae000 	C:\WINDOWS\SYSTEM32\POWRPROF.dll
0x00007ffa0b980000 - 0x00007ffa0b9b6000 	C:\WINDOWS\SYSTEM32\WINMM.dll
0x00007ffa0b9c0000 - 0x00007ffa0b9cb000 	C:\WINDOWS\SYSTEM32\VERSION.dll
0x00007ffa10930000 - 0x00007ffa10944000 	C:\WINDOWS\SYSTEM32\UMPDC.dll
0x00007ffa10c10000 - 0x00007ffa10c2a000 	C:\WINDOWS\SYSTEM32\kernel.appcore.dll
0x00007ff9ff630000 - 0x00007ff9ff63a000 	C:\Program Files\Android\Android Studio\jbr\bin\jimage.dll
0x00007ffa064d0000 - 0x00007ffa06711000 	C:\WINDOWS\SYSTEM32\DBGHELP.DLL
0x00007ffa146a0000 - 0x00007ffa14a22000 	C:\WINDOWS\System32\combase.dll
0x00007ffa14110000 - 0x00007ffa141e6000 	C:\WINDOWS\System32\OLEAUT32.dll
0x00007ff9f4690000 - 0x00007ff9f46c9000 	C:\WINDOWS\SYSTEM32\dbgcore.DLL
0x00007ffa12860000 - 0x00007ffa128f9000 	C:\WINDOWS\System32\bcryptPrimitives.dll
0x00007ff9fc130000 - 0x00007ff9fc13e000 	C:\Program Files\Android\Android Studio\jbr\bin\instrument.dll
0x00007ff9fc110000 - 0x00007ff9fc12f000 	C:\Program Files\Android\Android Studio\jbr\bin\java.dll
0x00007ff9f0c70000 - 0x00007ff9f0c88000 	C:\Program Files\Android\Android Studio\jbr\bin\zip.dll
0x00007ffa12c00000 - 0x00007ffa13329000 	C:\WINDOWS\System32\SHELL32.dll
0x00007ffa11ee0000 - 0x00007ffa12048000 	C:\WINDOWS\System32\wintypes.dll
0x00007ffa0f970000 - 0x00007ffa101c2000 	C:\WINDOWS\SYSTEM32\windows.storage.dll
0x00007ffa12b00000 - 0x00007ffa12bed000 	C:\WINDOWS\System32\SHCORE.dll
0x00007ffa141f0000 - 0x00007ffa14254000 	C:\WINDOWS\System32\shlwapi.dll
0x00007ffa11bf0000 - 0x00007ffa11c1f000 	C:\WINDOWS\SYSTEM32\profapi.dll
0x00007ff9fbcb0000 - 0x00007ff9fbcc0000 	C:\Program Files\Android\Android Studio\jbr\bin\net.dll
0x00007ffa085b0000 - 0x00007ffa086cd000 	C:\WINDOWS\SYSTEM32\WINHTTP.dll
0x00007ffa11130000 - 0x00007ffa1119a000 	C:\WINDOWS\system32\mswsock.dll
0x00007ff9f0c50000 - 0x00007ff9f0c66000 	C:\Program Files\Android\Android Studio\jbr\bin\nio.dll
0x00007ff9f0ce0000 - 0x00007ff9f0cf0000 	C:\Program Files\Android\Android Studio\jbr\bin\verify.dll
0x00007ff9c5000000 - 0x00007ff9c5027000 	C:\Users\santi\.gradle\native\c067742578af261105cb4f569cf0c3c89f3d7b1fecec35dd04571415982c5e48\windows-amd64\native-platform.dll
0x00007ff9bd290000 - 0x00007ff9bd3d4000 	C:\Users\santi\.gradle\native\100fb08df4bc3b14c8652ba06237920a3bd2aa13389f12d3474272988ae205f9\windows-amd64\native-platform-file-events.dll
0x00007ff9f0b40000 - 0x00007ff9f0b49000 	C:\Program Files\Android\Android Studio\jbr\bin\management.dll
0x00007ff9f0b30000 - 0x00007ff9f0b3b000 	C:\Program Files\Android\Android Studio\jbr\bin\management_ext.dll
0x00007ffa13fa0000 - 0x00007ffa13fa8000 	C:\WINDOWS\System32\PSAPI.DLL
0x00007ffa113d0000 - 0x00007ffa113ec000 	C:\WINDOWS\SYSTEM32\CRYPTSP.dll
0x00007ffa10b70000 - 0x00007ffa10baa000 	C:\WINDOWS\system32\rsaenh.dll
0x00007ffa111d0000 - 0x00007ffa111fb000 	C:\WINDOWS\SYSTEM32\USERENV.dll
0x00007ffa11bc0000 - 0x00007ffa11be6000 	C:\WINDOWS\SYSTEM32\bcrypt.dll
0x00007ffa113f0000 - 0x00007ffa113fc000 	C:\WINDOWS\SYSTEM32\CRYPTBASE.dll
0x00007ffa10610000 - 0x00007ffa10643000 	C:\WINDOWS\SYSTEM32\IPHLPAPI.DLL
0x00007ffa139e0000 - 0x00007ffa139ea000 	C:\WINDOWS\System32\NSI.dll
0x00007ff9f0ba0000 - 0x00007ff9f0ba9000 	C:\Program Files\Android\Android Studio\jbr\bin\extnet.dll
0x00007ff9f9580000 - 0x00007ff9f9588000 	C:\WINDOWS\system32\wshunix.dll

dbghelp: loaded successfully - version: 4.0.5 - missing functions: none
symbol engine: initialized successfully - sym options: 0x614 - pdb path: .;C:\Program Files\Android\Android Studio\jbr\bin;C:\WINDOWS\SYSTEM32;C:\WINDOWS\WinSxS\amd64_microsoft.windows.common-controls_6595b64144ccf1df_6.0.26100.3624_none_3e086962e3345f24;C:\Program Files\Android\Android Studio\jbr\bin\server;C:\Users\santi\.gradle\native\c067742578af261105cb4f569cf0c3c89f3d7b1fecec35dd04571415982c5e48\windows-amd64;C:\Users\santi\.gradle\native\100fb08df4bc3b14c8652ba06237920a3bd2aa13389f12d3474272988ae205f9\windows-amd64

VM Arguments:
jvm_args: -XX:MaxPermSize=512m -XX:+HeapDumpOnOutOfMemoryError --add-opens=java.base/java.util=ALL-UNNAMED --add-opens=java.base/java.lang=ALL-UNNAMED --add-opens=java.base/java.lang.invoke=ALL-UNNAMED --add-opens=java.prefs/java.util.prefs=ALL-UNNAMED --add-exports=jdk.compiler/com.sun.tools.javac.api=ALL-UNNAMED --add-exports=jdk.compiler/com.sun.tools.javac.util=ALL-UNNAMED --add-opens=java.base/java.nio.charset=ALL-UNNAMED --add-opens=java.base/java.net=ALL-UNNAMED --add-opens=java.base/java.util.concurrent.atomic=ALL-UNNAMED -Xmx2048m -Dfile.encoding=UTF-8 -Duser.country=CO -Duser.language=es -Duser.variant -javaagent:C:\Users\santi\.gradle\wrapper\dists\gradle-8.9-bin\90cnw93cvbtalezasaz0blq0a\gradle-8.9\lib\agents\gradle-instrumentation-agent-8.9.jar 
java_command: org.gradle.launcher.daemon.bootstrap.GradleDaemon 8.9
java_class_path (initial): C:\Users\santi\.gradle\wrapper\dists\gradle-8.9-bin\90cnw93cvbtalezasaz0blq0a\gradle-8.9\lib\gradle-daemon-main-8.9.jar
Launcher Type: SUN_STANDARD

[Global flags]
     intx CICompilerCount                          = 3                                         {product} {ergonomic}
     uint ConcGCThreads                            = 1                                         {product} {ergonomic}
     uint G1ConcRefinementThreads                  = 4                                         {product} {ergonomic}
   size_t G1HeapRegionSize                         = 1048576                                   {product} {ergonomic}
    uintx GCDrainStackTargetSize                   = 64                                        {product} {ergonomic}
     bool HeapDumpOnOutOfMemoryError               = true                                   {manageable} {command line}
   size_t InitialHeapSize                          = 58720256                                  {product} {ergonomic}
   size_t MarkStackSize                            = 4194304                                   {product} {ergonomic}
   size_t MaxHeapSize                              = 2147483648                                {product} {command line}
   size_t MaxNewSize                               = 1287651328                                {product} {ergonomic}
   size_t MinHeapDeltaBytes                        = 1048576                                   {product} {ergonomic}
   size_t MinHeapSize                              = 8388608                                   {product} {ergonomic}
    uintx NonNMethodCodeHeapSize                   = 5832780                                {pd product} {ergonomic}
    uintx NonProfiledCodeHeapSize                  = 122912730                              {pd product} {ergonomic}
    uintx ProfiledCodeHeapSize                     = 122912730                              {pd product} {ergonomic}
    uintx ReservedCodeCacheSize                    = 251658240                              {pd product} {ergonomic}
     bool SegmentedCodeCache                       = true                                      {product} {ergonomic}
   size_t SoftMaxHeapSize                          = 2147483648                             {manageable} {ergonomic}
     bool UseCompressedOops                        = true                           {product lp64_product} {ergonomic}
     bool UseG1GC                                  = true                                      {product} {ergonomic}
     bool UseLargePagesIndividualAllocation        = false                                  {pd product} {ergonomic}

Logging:
Log output configuration:
 #0: stdout all=warning uptime,level,tags foldmultilines=false
 #1: stderr all=off uptime,level,tags foldmultilines=false

Environment Variables:
PATH=C:\Program Files\Microsoft MPI\Bin\;C:\Program Files\Common Files\Oracle\Java\javapath;C:\WINDOWS\system32;C:\WINDOWS;C:\WINDOWS\System32\Wbem;C:\WINDOWS\System32\WindowsPowerShell\v1.0\;C:\WINDOWS\System32\OpenSSH\;C:\Program Files\nodejs\;C:\Program Files\Git\cmd;C:\Program Files\Microsoft SQL Server\150\Tools\Binn\;C:\Users\santi\AppData\Local\Programs\Python\Python313\Scripts\;C:\Users\santi\AppData\Local\Programs\Python\Python313\;C:\Users\santi\AppData\Local\Programs\Python\Launcher\;C:\Users\santi\AppData\Local\Microsoft\WindowsApps;C:\Users\santi\AppData\Local\Programs\Microsoft VS Code\bin;C:\Users\santi\AppData\Roaming\npm;
USERNAME=santi
OS=Windows_NT
PROCESSOR_IDENTIFIER=AMD64 Family 23 Model 24 Stepping 1, AuthenticAMD
TMP=C:\Users\santi\AppData\Local\Temp
TEMP=C:\Users\santi\AppData\Local\Temp




Periodic native trim disabled

JNI global refs:
JNI global refs: 26, weak refs: 2

JNI global refs memory usage: 835, weak refs: 833

Process memory usage:
Resident Set Size: 199600K (5% of 3587996K total physical memory with 186764K free physical memory)

OOME stack traces (most recent first):
Classloader memory used:
Loader org.gradle.internal.classloader.VisitableURLClassLoader                         : 35787K
Loader bootstrap                                                                       : 23141K
Loader org.gradle.initialization.MixInLegacyTypesClassLoader                           : 10772K
Loader org.gradle.internal.classloader.VisitableURLClassLoader                         : 986K
Loader org.gradle.internal.classloader.VisitableURLClassLoader$InstrumentingVisitableURLClassLoader: 691K
Loader jdk.internal.loader.ClassLoaders$PlatformClassLoader                            : 549K
Loader jdk.internal.reflect.DelegatingClassLoader                                      : 248K
Loader jdk.internal.loader.ClassLoaders$AppClassLoader                                 : 230K
Loader org.gradle.groovy.scripts.internal.DefaultScriptCompilationHandler$ScriptClassLoader: 89256B
Loader org.codehaus.groovy.runtime.callsite.CallSiteClassLoader                        : 49672B

Classes loaded by more than one classloader:
Class org.gradle.api.GradleException                                                  : loaded 3 times (x 79B)
Class Program                                                                         : loaded 3 times (x 69B)
Class org.gradle.api.internal.classpath.ManifestUtil                                  : loaded 2 times (x 68B)
Class org.jetbrains.plugins.gradle.model.GradleExtensions                             : loaded 2 times (x 67B)
Class org.jetbrains.plugins.gradle.model.AnnotationProcessingModel                    : loaded 2 times (x 67B)
Class org.gradle.internal.operations.MultipleBuildOperationFailures                   : loaded 2 times (x 92B)
Class org.jetbrains.kotlin.idea.gradleTooling.model.noarg.NoArgModel                  : loaded 2 times (x 67B)
Class org.gradle.internal.classloader.DefaultClassLoaderFactory                       : loaded 2 times (x 79B)
Class kotlin.collections.AbstractList$Companion                                       : loaded 2 times (x 68B)
Class org.gradle.internal.classloader.ClassLoaderVisitor                              : loaded 2 times (x 73B)
Class org.gradle.api.internal.classpath.EffectiveClassPath                            : loaded 2 times (x 87B)
Class org.gradle.tooling.internal.gradle.DefaultProjectIdentifier                     : loaded 2 times (x 83B)
Class org.jetbrains.kotlin.idea.gradleTooling.model.allopen.AllOpenModel              : loaded 2 times (x 67B)
Class org.gradle.api.internal.DefaultClassPathProvider                                : loaded 2 times (x 73B)
Class [Lorg.gradle.api.internal.ClassPathProvider;                                    : loaded 2 times (x 66B)
Class org.gradle.api.internal.ClassPathProvider                                       : loaded 2 times (x 67B)
Class org.gradle.internal.service.UnknownServiceException                             : loaded 2 times (x 80B)
Class org.jetbrains.kotlin.idea.gradleTooling.KotlinDslScriptAdditionalTask           : loaded 2 times (x 67B)
Class org.gradle.internal.classpath.TransformedClassPath                              : loaded 2 times (x 93B)
Class kotlin.enums.EnumEntriesList                                                    : loaded 2 times (x 220B)
Class org.jetbrains.plugins.gradle.model.IntelliJSettings                             : loaded 2 times (x 67B)
Class org.gradle.internal.classloader.ClassLoaderHierarchy                            : loaded 2 times (x 67B)
Class org.gradle.internal.service.ServiceLocator                                      : loaded 2 times (x 67B)
Class org.jetbrains.kotlin.android.synthetic.idea.AndroidExtensionsGradleModel        : loaded 2 times (x 67B)
Class org.gradle.tooling.model.UnsupportedMethodException                             : loaded 2 times (x 79B)
Class org.gradle.internal.InternalTransformer                                         : loaded 2 times (x 67B)
Class org.gradle.internal.time.DefaultTimer                                           : loaded 2 times (x 77B)
Class org.gradle.internal.classloader.ClasspathUtil$1                                 : loaded 2 times (x 73B)
Class org.gradle.api.internal.classpath.DefaultModuleRegistry$DefaultModule           : loaded 2 times (x 83B)
Class org.jetbrains.kotlin.idea.gradleTooling.model.lombok.LombokModel                : loaded 2 times (x 67B)
Class org.gradle.internal.time.DefaultCountdownTimer                                  : loaded 2 times (x 85B)
Class org.gradle.tooling.internal.gradle.DefaultBuildIdentifier                       : loaded 2 times (x 76B)
Class kotlin.Function                                                                 : loaded 2 times (x 67B)
Class org.gradle.api.internal.classpath.Module                                        : loaded 2 times (x 67B)
Class org.gradle.api.internal.classpath.UnknownModuleException                        : loaded 2 times (x 79B)
Class com.intellij.openapi.externalSystem.model.project.dependencies.ProjectDependencies: loaded 2 times (x 67B)
Class org.gradle.tooling.internal.gradle.GradleProjectIdentity                        : loaded 2 times (x 67B)
Class org.gradle.api.internal.DefaultClassPathRegistry                                : loaded 2 times (x 73B)
Class org.gradle.api.internal.ClassPathRegistry                                       : loaded 2 times (x 67B)
Class org.gradle.internal.classpath.DefaultClassPath$ImmutableUniqueList              : loaded 2 times (x 196B)
Class ijInit1_2hpve0n1074sajyxzxfe9rrlb                                               : loaded 2 times (x 176B)
Class org.jetbrains.kotlin.idea.gradleTooling.KotlinSourceSetContainer                : loaded 2 times (x 67B)
Class Settings_gradle$1                                                               : loaded 2 times (x 71B)
Class org.gradle.internal.classpath.ClassPath                                         : loaded 2 times (x 67B)
Class org.gradle.api.UncheckedIOException                                             : loaded 2 times (x 79B)
Class org.jetbrains.kotlin.idea.gradleTooling.KotlinGradleModel                       : loaded 2 times (x 67B)
Class org.gradle.tooling.model.Model                                                  : loaded 2 times (x 67B)
Class kotlin.UninitializedPropertyAccessException                                     : loaded 2 times (x 79B)
Class org.jetbrains.plugins.gradle.model.IntelliJProjectSettings                      : loaded 2 times (x 67B)
Class org.jetbrains.kotlin.idea.gradleTooling.model.annotation.AnnotationBasedPluginModel: loaded 2 times (x 67B)
Class sync_studio_tooling_45mi5sxeumqv4x5ayo010spyx                                   : loaded 2 times (x 176B)
Class org.gradle.internal.installation.GradleInstallation$1                           : loaded 2 times (x 72B)
Class org.gradle.api.internal.classpath.ModuleRegistry                                : loaded 2 times (x 67B)
Class org.jetbrains.plugins.gradle.model.VersionCatalogsModel                         : loaded 2 times (x 67B)
Class org.gradle.api.internal.classpath.DefaultModuleRegistry                         : loaded 2 times (x 80B)
Class org.gradle.internal.time.MonotonicClock                                         : loaded 2 times (x 74B)
Class org.gradle.internal.service.ServiceLookupException                              : loaded 2 times (x 79B)
Class org.gradle.internal.classloader.ClassLoaderFactory                              : loaded 2 times (x 67B)
Class org.gradle.internal.service.CachingServiceLocator                               : loaded 2 times (x 79B)
Class org.jetbrains.plugins.gradle.model.RepositoryModels                             : loaded 2 times (x 67B)
Class org.gradle.internal.time.TimeSource                                             : loaded 2 times (x 67B)
Class org.gradle.tooling.internal.gradle.GradleBuildIdentity                          : loaded 2 times (x 67B)
Class kotlin.enums.EnumEntries                                                        : loaded 2 times (x 67B)
Class org.gradle.internal.exceptions.ResolutionProvider                               : loaded 2 times (x 67B)
Class org.gradle.tooling.model.ProjectIdentifier                                      : loaded 2 times (x 67B)
Class org.gradle.internal.classloader.ClasspathUtil                                   : loaded 2 times (x 68B)
Class org.gradle.internal.time.TimeSource$1                                           : loaded 2 times (x 74B)
Class kotlin.jvm.internal.DefaultConstructorMarker                                    : loaded 2 times (x 68B)
Class org.gradle.api.specs.Spec                                                       : loaded 2 times (x 67B)
Class org.gradle.internal.time.Clock                                                  : loaded 2 times (x 67B)
Class org.jetbrains.plugins.gradle.model.jar.JarTaskManifestConfiguration             : loaded 2 times (x 67B)
Class kotlin.collections.AbstractList                                                 : loaded 2 times (x 194B)
Class kotlin.collections.AbstractCollection                                           : loaded 2 times (x 114B)
Class org.gradle.internal.classloader.VisitableURLClassLoader$InstrumentingVisitableURLClassLoader: loaded 2 times (x 120B)
Class org.gradle.internal.classloader.VisitableURLClassLoader$Spec                    : loaded 2 times (x 71B)
Class org.gradle.internal.classpath.DefaultClassPath                                  : loaded 2 times (x 87B)
Class org.gradle.internal.classloader.ClassLoaderSpec                                 : loaded 2 times (x 68B)
Class Settings_gradle$1$1                                                             : loaded 2 times (x 71B)
Class org.gradle.internal.classloader.VisitableURLClassLoader                         : loaded 2 times (x 114B)
Class Settings_gradle                                                                 : loaded 2 times (x 125B)
Class org.gradle.internal.Cast                                                        : loaded 2 times (x 68B)
Class org.gradle.api.Action                                                           : loaded 2 times (x 67B)
Class kotlin.jvm.functions.Function1                                                  : loaded 2 times (x 67B)
Class org.gradle.internal.agents.InstrumentingClassLoader                             : loaded 2 times (x 67B)
Class org.gradle.internal.classpath.DefaultClassPath$ImmutableUniqueList$Builder      : loaded 2 times (x 72B)
Class org.jetbrains.kotlin.idea.gradleTooling.model.samWithReceiver.SamWithReceiverModel: loaded 2 times (x 67B)
Class org.gradle.internal.classloader.FilteringClassLoader                            : loaded 2 times (x 102B)
Class org.gradle.internal.exceptions.NonGradleCauseExceptionsHolder                   : loaded 2 times (x 67B)
Class org.jetbrains.kotlin.idea.gradleTooling.model.assignment.AssignmentModel        : loaded 2 times (x 67B)
Class kotlin.enums.EnumEntriesKt                                                      : loaded 2 times (x 68B)
Class org.gradle.internal.IoActions                                                   : loaded 2 times (x 68B)
Class org.gradle.internal.classloader.SystemClassLoaderSpec                           : loaded 2 times (x 68B)
Class org.gradle.internal.exceptions.MultiCauseException                              : loaded 2 times (x 67B)
Class org.gradle.internal.time.CountdownTimer                                         : loaded 2 times (x 67B)
Class kotlin.jvm.internal.Intrinsics                                                  : loaded 2 times (x 68B)
Class org.jetbrains.kotlin.idea.gradleTooling.model.parcelize.ParcelizeGradleModel    : loaded 2 times (x 67B)
Class org.gradle.tooling.model.ProjectModel                                           : loaded 2 times (x 67B)
Class kotlin.KotlinNullPointerException                                               : loaded 2 times (x 80B)
Class org.jetbrains.plugins.gradle.model.tests.ExternalTestsModel                     : loaded 2 times (x 67B)
Class org.gradle.internal.exceptions.DefaultMultiCauseException                       : loaded 2 times (x 92B)
Class org.gradle.internal.time.Time                                                   : loaded 2 times (x 68B)
Class org.jetbrains.plugins.gradle.model.DependencyAccessorsModel                     : loaded 2 times (x 67B)
Class org.jetbrains.kotlin.idea.gradleTooling.KotlinMPPGradleModel                    : loaded 2 times (x 67B)
Class org.gradle.tooling.model.BuildIdentifier                                        : loaded 2 times (x 67B)
Class org.jetbrains.kotlin.idea.gradleTooling.PrepareKotlinIdeImportTaskModel         : loaded 2 times (x 67B)
Class org.gradle.internal.time.Timer                                                  : loaded 2 times (x 67B)
Class kotlin.jvm.internal.markers.KMappedMarker                                       : loaded 2 times (x 67B)
Class org.gradle.internal.installation.CurrentGradleInstallationLocator               : loaded 2 times (x 68B)
Class org.gradle.internal.service.DefaultServiceLocator                               : loaded 2 times (x 80B)
Class org.gradle.util.GradleVersion                                                   : loaded 2 times (x 80B)
Class org.gradle.internal.installation.CurrentGradleInstallation                      : loaded 2 times (x 70B)
Class org.gradle.util.internal.GUtil                                                  : loaded 2 times (x 68B)
Class org.gradle.internal.installation.GradleInstallation                             : loaded 2 times (x 72B)

---------------  S Y S T E M  ---------------

OS:
 Windows 11 , 64 bit Build 26100 (10.0.26100.3775)
OS uptime: 5 days 14:03 hours
Hyper-V role detected

CPU: total 4 (initial active 4) (4 cores per cpu, 2 threads per core) family 23 model 24 stepping 1 microcode 0x8108109, cx8, cmov, fxsr, ht, mmx, 3dnowpref, sse, sse2, sse3, ssse3, sse4a, sse4.1, sse4.2, popcnt, lzcnt, tsc, tscinvbit, avx, avx2, aes, clmul, bmi1, bmi2, adx, sha, fma, vzeroupper, clflush, clflushopt, hv, rdtscp, f16c
Processor Information for all 4 processors :
  Max Mhz: 2600, Current Mhz: 2600, Mhz Limit: 2600

Memory: 4k page, system-wide physical 3503M (164M free)
TotalPageFile size 11695M (AvailPageFile size 1M)
current process WorkingSet (physical memory assigned to process): 199M, peak: 240M
current process commit charge ("private bytes"): 363M, peak: 366M

vm_info: OpenJDK 64-Bit Server VM (21.0.3+-12282718-b509.11) for windows-amd64 JRE (21.0.3+-12282718-b509.11), built on 2024-08-27T17:34:15Z by "builder" with MS VC++ 16.10 / 16.11 (VS2019)

END.
