#
# There is insufficient memory for the Java Runtime Environment to continue.
# Native memory allocation (malloc) failed to allocate 1576496 bytes. Error detail: Chunk::new
# Possible reasons:
#   The system is out of physical RAM or swap space
#   This process is running with CompressedOops enabled, and the Java Heap may be blocking the growth of the native heap
# Possible solutions:
#   Reduce memory load on the system
#   Increase physical memory or swap space
#   Check if swap backing store is full
#   Decrease Java heap size (-Xmx/-Xms)
#   Decrease number of Java threads
#   Decrease Java thread stack sizes (-Xss)
#   Set larger code cache with -XX:ReservedCodeCacheSize=
#   JVM is running with Unscaled Compressed Oops mode in which the Java heap is
#     placed in the first 4GB address space. The Java Heap base address is the
#     maximum limit for the native heap growth. Please use -XX:HeapBaseMinAddress
#     to set the Java Heap base and to place the Java Heap above 4GB virtual address.
# This output file may be truncated or incomplete.
#
#  Out of Memory Error (arena.cpp:168), pid=14128, tid=7848
#
# JRE version: OpenJDK Runtime Environment (21.0.3) (build 21.0.3+-12282718-b509.11)
# Java VM: OpenJDK 64-Bit Server VM (21.0.3+-12282718-b509.11, mixed mode, tiered, compressed oops, compressed class ptrs, g1 gc, windows-amd64)
# No core dump will be written. Minidumps are not enabled by default on client versions of Windows
#

---------------  S U M M A R Y ------------

Command Line: -XX:MaxPermSize=512m -XX:+HeapDumpOnOutOfMemoryError --add-opens=java.base/java.util=ALL-UNNAMED --add-opens=java.base/java.lang=ALL-UNNAMED --add-opens=java.base/java.lang.invoke=ALL-UNNAMED --add-opens=java.prefs/java.util.prefs=ALL-UNNAMED --add-exports=jdk.compiler/com.sun.tools.javac.api=ALL-UNNAMED --add-exports=jdk.compiler/com.sun.tools.javac.util=ALL-UNNAMED --add-opens=java.base/java.nio.charset=ALL-UNNAMED --add-opens=java.base/java.net=ALL-UNNAMED --add-opens=java.base/java.util.concurrent.atomic=ALL-UNNAMED -Xmx2048m -Dfile.encoding=UTF-8 -Duser.country=CO -Duser.language=es -Duser.variant -javaagent:C:\Users\santi\.gradle\wrapper\dists\gradle-8.9-bin\90cnw93cvbtalezasaz0blq0a\gradle-8.9\lib\agents\gradle-instrumentation-agent-8.9.jar org.gradle.launcher.daemon.bootstrap.GradleDaemon 8.9

Host: AMD Ryzen 3 3250U with Radeon Graphics         , 4 cores, 3G,  Windows 11 , 64 bit Build 26100 (10.0.26100.3775)
Time: Fri Apr 18 22:32:38 2025 Hora est. Pacífico, Sudamérica elapsed time: 11.466242 seconds (0d 0h 0m 11s)

---------------  T H R E A D  ---------------

Current thread (0x00000175961f86d0):  JavaThread "C2 CompilerThread0" daemon [_thread_in_native, id=7848, stack(0x0000002eb4400000,0x0000002eb4500000) (1024K)]


Current CompileTask:
C2:  11466 2647   !   4       java.lang.ClassLoader::loadClass (121 bytes)

Stack: [0x0000002eb4400000,0x0000002eb4500000]
Native frames: (J=compiled Java code, j=interpreted, Vv=VM code, C=native code)
V  [jvm.dll+0x6cafb9]
V  [jvm.dll+0x858523]
V  [jvm.dll+0x85aa7e]
V  [jvm.dll+0x85b163]
V  [jvm.dll+0x27d356]
V  [jvm.dll+0xbf93d]
V  [jvm.dll+0xbfe73]
V  [jvm.dll+0x3b1cb1]
V  [jvm.dll+0x37e787]
V  [jvm.dll+0x37dbfa]
V  [jvm.dll+0x246b02]
V  [jvm.dll+0x2460d1]
V  [jvm.dll+0x1c5804]
V  [jvm.dll+0x25575c]
V  [jvm.dll+0x253c36]
V  [jvm.dll+0x3ec996]
V  [jvm.dll+0x800d78]
V  [jvm.dll+0x6c98cd]
C  [ucrtbase.dll+0x37b0]
C  [KERNEL32.DLL+0x2e8d7]
C  [ntdll.dll+0xb14fc]


---------------  P R O C E S S  ---------------

Threads class SMR info:
_java_thread_list=0x000001759bfa5320, length=24, elements={
0x00000175fc324750, 0x00000175961dc070, 0x00000175961dfad0, 0x00000175961fd470,
0x00000175961fded0, 0x00000175961ff0d0, 0x00000175961f7d30, 0x00000175961f86d0,
0x00000175961fa1e0, 0x0000017596375650, 0x00000175965b6720, 0x00000175965ce4c0,
0x000001759c0fd130, 0x000001759be51570, 0x000001759c049720, 0x000001759c04a190,
0x000001759c04a800, 0x000001759bf380e0, 0x000001759bf39490, 0x000001759bf38770,
0x000001759bf36010, 0x000001759bf36d30, 0x000001759bf38e00, 0x000001759bf373c0
}

Java Threads: ( => current thread )
  0x00000175fc324750 JavaThread "main"                              [_thread_blocked, id=6676, stack(0x0000002eb3600000,0x0000002eb3700000) (1024K)]
  0x00000175961dc070 JavaThread "Reference Handler"          daemon [_thread_blocked, id=1120, stack(0x0000002eb3e00000,0x0000002eb3f00000) (1024K)]
  0x00000175961dfad0 JavaThread "Finalizer"                  daemon [_thread_blocked, id=12676, stack(0x0000002eb3f00000,0x0000002eb4000000) (1024K)]
  0x00000175961fd470 JavaThread "Signal Dispatcher"          daemon [_thread_blocked, id=6920, stack(0x0000002eb4000000,0x0000002eb4100000) (1024K)]
  0x00000175961fded0 JavaThread "Attach Listener"            daemon [_thread_blocked, id=2728, stack(0x0000002eb4100000,0x0000002eb4200000) (1024K)]
  0x00000175961ff0d0 JavaThread "Service Thread"             daemon [_thread_blocked, id=8424, stack(0x0000002eb4200000,0x0000002eb4300000) (1024K)]
  0x00000175961f7d30 JavaThread "Monitor Deflation Thread"   daemon [_thread_blocked, id=5040, stack(0x0000002eb4300000,0x0000002eb4400000) (1024K)]
=>0x00000175961f86d0 JavaThread "C2 CompilerThread0"         daemon [_thread_in_native, id=7848, stack(0x0000002eb4400000,0x0000002eb4500000) (1024K)]
  0x00000175961fa1e0 JavaThread "C1 CompilerThread0"         daemon [_thread_blocked, id=5868, stack(0x0000002eb4500000,0x0000002eb4600000) (1024K)]
  0x0000017596375650 JavaThread "Common-Cleaner"             daemon [_thread_blocked, id=2596, stack(0x0000002eb4600000,0x0000002eb4700000) (1024K)]
  0x00000175965b6720 JavaThread "Notification Thread"        daemon [_thread_blocked, id=4536, stack(0x0000002eb4700000,0x0000002eb4800000) (1024K)]
  0x00000175965ce4c0 JavaThread "Daemon health stats"               [_thread_blocked, id=2828, stack(0x0000002eb4b00000,0x0000002eb4c00000) (1024K)]
  0x000001759c0fd130 JavaThread "Incoming local TCP Connector on port 49428"        [_thread_in_native, id=9452, stack(0x0000002eb4c00000,0x0000002eb4d00000) (1024K)]
  0x000001759be51570 JavaThread "Daemon periodic checks"            [_thread_blocked, id=13872, stack(0x0000002eb4d00000,0x0000002eb4e00000) (1024K)]
  0x000001759c049720 JavaThread "Daemon"                            [_thread_blocked, id=4328, stack(0x0000002eb4e00000,0x0000002eb4f00000) (1024K)]
  0x000001759c04a190 JavaThread "Handler for socket connection from /127.0.0.1:49428 to /127.0.0.1:49429"        [_thread_in_native, id=14844, stack(0x0000002eb4f00000,0x0000002eb5000000) (1024K)]
  0x000001759c04a800 JavaThread "Cancel handler"                    [_thread_blocked, id=1764, stack(0x0000002eb5000000,0x0000002eb5100000) (1024K)]
  0x000001759bf380e0 JavaThread "Daemon worker"                     [_thread_in_native, id=15584, stack(0x0000002eb5100000,0x0000002eb5200000) (1024K)]
  0x000001759bf39490 JavaThread "Asynchronous log dispatcher for DefaultDaemonConnection: socket connection from /127.0.0.1:49428 to /127.0.0.1:49429"        [_thread_blocked, id=14004, stack(0x0000002eb5200000,0x0000002eb5300000) (1024K)]
  0x000001759bf38770 JavaThread "Stdin handler"                     [_thread_blocked, id=15552, stack(0x0000002eb5300000,0x0000002eb5400000) (1024K)]
  0x000001759bf36010 JavaThread "Daemon client event forwarder"        [_thread_blocked, id=10184, stack(0x0000002eb5400000,0x0000002eb5500000) (1024K)]
  0x000001759bf36d30 JavaThread "Cache worker for journal cache (C:\Users\santi\.gradle\caches\journal-1)"        [_thread_blocked, id=9884, stack(0x0000002eb5500000,0x0000002eb5600000) (1024K)]
  0x000001759bf38e00 JavaThread "File lock request listener"        [_thread_in_native, id=8404, stack(0x0000002eb5600000,0x0000002eb5700000) (1024K)]
  0x000001759bf373c0 JavaThread "Cache worker for file hash cache (C:\Users\santi\.gradle\caches\8.9\fileHashes)"        [_thread_blocked, id=2108, stack(0x0000002eb5700000,0x0000002eb5800000) (1024K)]
Total: 24

Other Threads:
  0x00000175ff1ec9d0 VMThread "VM Thread"                           [id=15220, stack(0x0000002eb3d00000,0x0000002eb3e00000) (1024K)]
  0x00000175ff155100 WatcherThread "VM Periodic Task Thread"        [id=9144, stack(0x0000002eb3c00000,0x0000002eb3d00000) (1024K)]
  0x00000175fc47f650 WorkerThread "GC Thread#0"                     [id=15844, stack(0x0000002eb3700000,0x0000002eb3800000) (1024K)]
  0x00000175965be210 WorkerThread "GC Thread#1"                     [id=9860, stack(0x0000002eb4800000,0x0000002eb4900000) (1024K)]
  0x000001759663c8a0 WorkerThread "GC Thread#2"                     [id=8900, stack(0x0000002eb4900000,0x0000002eb4a00000) (1024K)]
  0x000001759b2d7740 WorkerThread "GC Thread#3"                     [id=2840, stack(0x0000002eb4a00000,0x0000002eb4b00000) (1024K)]
  0x00000175fc490540 ConcurrentGCThread "G1 Main Marker"            [id=8604, stack(0x0000002eb3800000,0x0000002eb3900000) (1024K)]
  0x00000175fc492bd0 WorkerThread "G1 Conc#0"                       [id=16184, stack(0x0000002eb3900000,0x0000002eb3a00000) (1024K)]
  0x00000175fc4e5f90 ConcurrentGCThread "G1 Refine#0"               [id=9148, stack(0x0000002eb3a00000,0x0000002eb3b00000) (1024K)]
  0x00000175fc4e78c0 ConcurrentGCThread "G1 Service"                [id=8236, stack(0x0000002eb3b00000,0x0000002eb3c00000) (1024K)]
Total: 10

Threads with active compile tasks:
C2 CompilerThread0    11533 2647   !   4       java.lang.ClassLoader::loadClass (121 bytes)
Total: 1

VM state: not at safepoint (normal execution)

VM Mutex/Monitor currently owned by a thread: None

Heap address: 0x0000000080000000, size: 2048 MB, Compressed Oops mode: 32-bit

CDS archive(s) not mapped
Compressed class space mapped at: 0x0000000100000000-0x0000000140000000, reserved size: 1073741824
Narrow klass base: 0x0000000000000000, Narrow klass shift: 3, Narrow klass range: 0x140000000

GC Precious Log:
 CardTable entry size: 512
 Card Set container configuration: InlinePtr #cards 5 size 8 Array Of Cards #cards 12 size 40 Howl #buckets 4 coarsen threshold 1843 Howl Bitmap #cards 512 size 80 coarsen threshold 460 Card regions per heap region 1 cards per card region 2048
 CPUs: 4 total, 4 available
 Memory: 3503M
 Large Page Support: Disabled
 NUMA Support: Disabled
 Compressed Oops: Enabled (32-bit)
 Heap Region Size: 1M
 Heap Min Capacity: 8M
 Heap Initial Capacity: 56M
 Heap Max Capacity: 2G
 Pre-touch: Disabled
 Parallel Workers: 4
 Concurrent Workers: 1
 Concurrent Refinement Workers: 4
 Periodic GC: Disabled

Heap:
 garbage-first heap   total 57344K, used 27018K [0x0000000080000000, 0x0000000100000000)
  region size 1024K, 7 young (7168K), 2 survivors (2048K)
 Metaspace       used 26183K, committed 26688K, reserved 1114112K
  class space    used 3215K, committed 3456K, reserved 1048576K

Heap Regions: E=young(eden), S=young(survivor), O=old, HS=humongous(starts), HC=humongous(continues), CS=collection set, F=free, TAMS=top-at-mark-start, PB=parsable bottom
|   0|0x0000000080000000, 0x0000000080100000, 0x0000000080100000|100%|HS|  |TAMS 0x0000000080000000| PB 0x0000000080000000| Complete 
|   1|0x0000000080100000, 0x0000000080200000, 0x0000000080200000|100%|HC|  |TAMS 0x0000000080100000| PB 0x0000000080100000| Complete 
|   2|0x0000000080200000, 0x0000000080300000, 0x0000000080300000|100%|HC|  |TAMS 0x0000000080200000| PB 0x0000000080200000| Complete 
|   3|0x0000000080300000, 0x0000000080400000, 0x0000000080400000|100%|HC|  |TAMS 0x0000000080300000| PB 0x0000000080300000| Complete 
|   4|0x0000000080400000, 0x0000000080500000, 0x0000000080500000|100%| O|  |TAMS 0x0000000080400000| PB 0x0000000080400000| Untracked 
|   5|0x0000000080500000, 0x0000000080600000, 0x0000000080600000|100%| O|  |TAMS 0x0000000080500000| PB 0x0000000080500000| Untracked 
|   6|0x0000000080600000, 0x0000000080700000, 0x0000000080700000|100%| O|  |TAMS 0x0000000080600000| PB 0x0000000080600000| Untracked 
|   7|0x0000000080700000, 0x0000000080800000, 0x0000000080800000|100%| O|  |TAMS 0x0000000080700000| PB 0x0000000080700000| Untracked 
|   8|0x0000000080800000, 0x0000000080900000, 0x0000000080900000|100%| O|  |TAMS 0x0000000080800000| PB 0x0000000080800000| Untracked 
|   9|0x0000000080900000, 0x0000000080a00000, 0x0000000080a00000|100%| O|  |TAMS 0x0000000080900000| PB 0x0000000080900000| Untracked 
|  10|0x0000000080a00000, 0x0000000080b00000, 0x0000000080b00000|100%| O|  |TAMS 0x0000000080a00000| PB 0x0000000080a00000| Untracked 
|  11|0x0000000080b00000, 0x0000000080c00000, 0x0000000080c00000|100%| O|Cm|TAMS 0x0000000080b00000| PB 0x0000000080b00000| Complete 
|  12|0x0000000080c00000, 0x0000000080d00000, 0x0000000080d00000|100%|HS|  |TAMS 0x0000000080c00000| PB 0x0000000080c00000| Complete 
|  13|0x0000000080d00000, 0x0000000080e00000, 0x0000000080e00000|100%| O|  |TAMS 0x0000000080d00000| PB 0x0000000080d00000| Untracked 
|  14|0x0000000080e00000, 0x0000000080f00000, 0x0000000080f00000|100%| O|  |TAMS 0x0000000080e00000| PB 0x0000000080e00000| Untracked 
|  15|0x0000000080f00000, 0x0000000081000000, 0x0000000081000000|100%| O|  |TAMS 0x0000000080f00000| PB 0x0000000080f00000| Untracked 
|  16|0x0000000081000000, 0x0000000081100000, 0x0000000081100000|100%| O|  |TAMS 0x0000000081000000| PB 0x0000000081000000| Untracked 
|  17|0x0000000081100000, 0x0000000081200000, 0x0000000081200000|100%| O|  |TAMS 0x0000000081100000| PB 0x0000000081100000| Untracked 
|  18|0x0000000081200000, 0x0000000081300000, 0x0000000081300000|100%| O|  |TAMS 0x0000000081200000| PB 0x0000000081200000| Untracked 
|  19|0x0000000081300000, 0x0000000081400000, 0x0000000081400000|100%| O|  |TAMS 0x0000000081300000| PB 0x0000000081300000| Untracked 
|  20|0x0000000081400000, 0x00000000814ee930, 0x0000000081500000| 93%| O|  |TAMS 0x0000000081400000| PB 0x0000000081400000| Untracked 
|  21|0x0000000081500000, 0x0000000081500000, 0x0000000081600000|  0%| F|  |TAMS 0x0000000081500000| PB 0x0000000081500000| Untracked 
|  22|0x0000000081600000, 0x0000000081600000, 0x0000000081700000|  0%| F|  |TAMS 0x0000000081600000| PB 0x0000000081600000| Untracked 
|  23|0x0000000081700000, 0x0000000081700000, 0x0000000081800000|  0%| F|  |TAMS 0x0000000081700000| PB 0x0000000081700000| Untracked 
|  24|0x0000000081800000, 0x0000000081800000, 0x0000000081900000|  0%| F|  |TAMS 0x0000000081800000| PB 0x0000000081800000| Untracked 
|  25|0x0000000081900000, 0x0000000081900000, 0x0000000081a00000|  0%| F|  |TAMS 0x0000000081900000| PB 0x0000000081900000| Untracked 
|  26|0x0000000081a00000, 0x0000000081a00000, 0x0000000081b00000|  0%| F|  |TAMS 0x0000000081a00000| PB 0x0000000081a00000| Untracked 
|  27|0x0000000081b00000, 0x0000000081b00000, 0x0000000081c00000|  0%| F|  |TAMS 0x0000000081b00000| PB 0x0000000081b00000| Untracked 
|  28|0x0000000081c00000, 0x0000000081c00000, 0x0000000081d00000|  0%| F|  |TAMS 0x0000000081c00000| PB 0x0000000081c00000| Untracked 
|  29|0x0000000081d00000, 0x0000000081d00000, 0x0000000081e00000|  0%| F|  |TAMS 0x0000000081d00000| PB 0x0000000081d00000| Untracked 
|  30|0x0000000081e00000, 0x0000000081e00000, 0x0000000081f00000|  0%| F|  |TAMS 0x0000000081e00000| PB 0x0000000081e00000| Untracked 
|  31|0x0000000081f00000, 0x0000000081f00000, 0x0000000082000000|  0%| F|  |TAMS 0x0000000081f00000| PB 0x0000000081f00000| Untracked 
|  32|0x0000000082000000, 0x0000000082000000, 0x0000000082100000|  0%| F|  |TAMS 0x0000000082000000| PB 0x0000000082000000| Untracked 
|  33|0x0000000082100000, 0x0000000082174118, 0x0000000082200000| 45%| S|CS|TAMS 0x0000000082100000| PB 0x0000000082100000| Complete 
|  34|0x0000000082200000, 0x0000000082300000, 0x0000000082300000|100%| S|CS|TAMS 0x0000000082200000| PB 0x0000000082200000| Complete 
|  35|0x0000000082300000, 0x0000000082300000, 0x0000000082400000|  0%| F|  |TAMS 0x0000000082300000| PB 0x0000000082300000| Untracked 
|  36|0x0000000082400000, 0x0000000082400000, 0x0000000082500000|  0%| F|  |TAMS 0x0000000082400000| PB 0x0000000082400000| Untracked 
|  37|0x0000000082500000, 0x0000000082500000, 0x0000000082600000|  0%| F|  |TAMS 0x0000000082500000| PB 0x0000000082500000| Untracked 
|  38|0x0000000082600000, 0x0000000082600000, 0x0000000082700000|  0%| F|  |TAMS 0x0000000082600000| PB 0x0000000082600000| Untracked 
|  39|0x0000000082700000, 0x0000000082700000, 0x0000000082800000|  0%| F|  |TAMS 0x0000000082700000| PB 0x0000000082700000| Untracked 
|  40|0x0000000082800000, 0x0000000082800000, 0x0000000082900000|  0%| F|  |TAMS 0x0000000082800000| PB 0x0000000082800000| Untracked 
|  41|0x0000000082900000, 0x0000000082900000, 0x0000000082a00000|  0%| F|  |TAMS 0x0000000082900000| PB 0x0000000082900000| Untracked 
|  42|0x0000000082a00000, 0x0000000082a00000, 0x0000000082b00000|  0%| F|  |TAMS 0x0000000082a00000| PB 0x0000000082a00000| Untracked 
|  43|0x0000000082b00000, 0x0000000082b00000, 0x0000000082c00000|  0%| F|  |TAMS 0x0000000082b00000| PB 0x0000000082b00000| Untracked 
|  44|0x0000000082c00000, 0x0000000082c00000, 0x0000000082d00000|  0%| F|  |TAMS 0x0000000082c00000| PB 0x0000000082c00000| Untracked 
|  45|0x0000000082d00000, 0x0000000082d00000, 0x0000000082e00000|  0%| F|  |TAMS 0x0000000082d00000| PB 0x0000000082d00000| Untracked 
|  46|0x0000000082e00000, 0x0000000082e00000, 0x0000000082f00000|  0%| F|  |TAMS 0x0000000082e00000| PB 0x0000000082e00000| Untracked 
|  47|0x0000000082f00000, 0x0000000082f00000, 0x0000000083000000|  0%| F|  |TAMS 0x0000000082f00000| PB 0x0000000082f00000| Untracked 
|  48|0x0000000083000000, 0x0000000083000000, 0x0000000083100000|  0%| F|  |TAMS 0x0000000083000000| PB 0x0000000083000000| Untracked 
|  49|0x0000000083100000, 0x0000000083100000, 0x0000000083200000|  0%| F|  |TAMS 0x0000000083100000| PB 0x0000000083100000| Untracked 
|  50|0x0000000083200000, 0x0000000083200000, 0x0000000083300000|  0%| F|  |TAMS 0x0000000083200000| PB 0x0000000083200000| Untracked 
|  51|0x0000000083300000, 0x00000000833b20f8, 0x0000000083400000| 69%| E|  |TAMS 0x0000000083300000| PB 0x0000000083300000| Complete 
|  52|0x0000000083400000, 0x0000000083500000, 0x0000000083500000|100%| E|CS|TAMS 0x0000000083400000| PB 0x0000000083400000| Complete 
|  53|0x0000000083500000, 0x0000000083600000, 0x0000000083600000|100%| E|CS|TAMS 0x0000000083500000| PB 0x0000000083500000| Complete 
|  54|0x0000000083600000, 0x0000000083700000, 0x0000000083700000|100%| E|CS|TAMS 0x0000000083600000| PB 0x0000000083600000| Complete 
|  55|0x0000000083700000, 0x0000000083800000, 0x0000000083800000|100%| E|CS|TAMS 0x0000000083700000| PB 0x0000000083700000| Complete 

Card table byte_map: [0x00000175fe7f0000,0x00000175febf0000] _byte_map_base: 0x00000175fe3f0000

Marking Bits: (CMBitMap*) 0x00000175fc47fc60
 Bits: [0x0000017592080000, 0x0000017594080000)

Polling page: 0x00000175fc4f0000

Metaspace:

Usage:
  Non-class:     22.44 MB used.
      Class:      3.14 MB used.
       Both:     25.59 MB used.

Virtual space:
  Non-class space:       64.00 MB reserved,      22.75 MB ( 36%) committed,  1 nodes.
      Class space:        1.00 GB reserved,       3.38 MB ( <1%) committed,  1 nodes.
             Both:        1.06 GB reserved,      26.12 MB (  2%) committed. 

Chunk freelists:
   Non-Class:  8.80 MB
       Class:  12.64 MB
        Both:  21.44 MB

MaxMetaspaceSize: unlimited
CompressedClassSpaceSize: 1.00 GB
Initial GC threshold: 21.00 MB
Current GC threshold: 35.25 MB
CDS: off
 - commit_granule_bytes: 65536.
 - commit_granule_words: 8192.
 - virtual_space_node_default_size: 8388608.
 - enlarge_chunks_in_place: 1.
 - use_allocation_guard: 0.


Internal statistics:

num_allocs_failed_limit: 3.
num_arena_births: 602.
num_arena_deaths: 0.
num_vsnodes_births: 2.
num_vsnodes_deaths: 0.
num_space_committed: 418.
num_space_uncommitted: 0.
num_chunks_returned_to_freelist: 3.
num_chunks_taken_from_freelist: 1208.
num_chunk_merges: 3.
num_chunk_splits: 770.
num_chunks_enlarged: 542.
num_inconsistent_stats: 0.

CodeHeap 'non-profiled nmethods': size=120000Kb used=1231Kb max_used=1231Kb free=118768Kb
 bounds [0x000001758ab50000, 0x000001758adc0000, 0x0000017592080000]
CodeHeap 'profiled nmethods': size=120000Kb used=5526Kb max_used=5526Kb free=114473Kb
 bounds [0x0000017583080000, 0x00000175835f0000, 0x000001758a5b0000]
CodeHeap 'non-nmethods': size=5760Kb used=1452Kb max_used=1467Kb free=4307Kb
 bounds [0x000001758a5b0000, 0x000001758a820000, 0x000001758ab50000]
 total_blobs=3254 nmethods=2699 adapters=459
 compilation: enabled
              stopped_count=0, restarted_count=0
 full_count=0

Compilation events (20 events):
Event: 11.404 Thread 0x00000175961fa1e0 2682       3       java.util.ArrayList::addAll (76 bytes)
Event: 11.405 Thread 0x00000175961fa1e0 nmethod 2682 0x00000175835db690 code [0x00000175835db880, 0x00000175835dbd00]
Event: 11.410 Thread 0x00000175961fa1e0 2683       3       java.lang.invoke.ClassSpecializer$SpeciesData::fieldCount (10 bytes)
Event: 11.410 Thread 0x00000175961fa1e0 nmethod 2683 0x00000175835dbe90 code [0x00000175835dc040, 0x00000175835dc210]
Event: 11.445 Thread 0x00000175961fa1e0 2685       3       sun.security.provider.MD5::FF (27 bytes)
Event: 11.445 Thread 0x00000175961fa1e0 nmethod 2685 0x00000175835dc310 code [0x00000175835dc4c0, 0x00000175835dc640]
Event: 11.445 Thread 0x00000175961fa1e0 2687       3       sun.security.provider.MD5::HH (23 bytes)
Event: 11.445 Thread 0x00000175961fa1e0 nmethod 2687 0x00000175835dc710 code [0x00000175835dc8c0, 0x00000175835dca38]
Event: 11.445 Thread 0x00000175961fa1e0 2688       3       sun.security.provider.MD5::II (25 bytes)
Event: 11.445 Thread 0x00000175961fa1e0 nmethod 2688 0x00000175835dcb10 code [0x00000175835dccc0, 0x00000175835dce30]
Event: 11.445 Thread 0x00000175961fa1e0 2686       3       sun.security.provider.MD5::GG (27 bytes)
Event: 11.446 Thread 0x00000175961fa1e0 nmethod 2686 0x00000175835dcf10 code [0x00000175835dd0c0, 0x00000175835dd238]
Event: 11.454 Thread 0x00000175961fa1e0 2689       3       java.lang.invoke.MethodHandleImpl::valueConversion (325 bytes)
Event: 11.455 Thread 0x00000175961fa1e0 nmethod 2689 0x00000175835dd310 code [0x00000175835dd620, 0x00000175835de290]
Event: 11.455 Thread 0x00000175961fa1e0 2690       3       java.lang.invoke.LambdaFormBuffer::replaceParameterByCopy (38 bytes)
Event: 11.456 Thread 0x00000175961fa1e0 nmethod 2690 0x00000175835de710 code [0x00000175835de8e0, 0x00000175835deac8]
Event: 11.456 Thread 0x00000175961fa1e0 2691       3       java.lang.invoke.LambdaFormBuffer::noteDuplicate (115 bytes)
Event: 11.456 Thread 0x00000175961fa1e0 nmethod 2691 0x00000175835dec10 code [0x00000175835dee20, 0x00000175835df5e8]
Event: 11.456 Thread 0x00000175961fa1e0 2692       3       java.lang.invoke.LambdaForm$Name::<init> (19 bytes)
Event: 11.457 Thread 0x00000175961fa1e0 nmethod 2692 0x00000175835df910 code [0x00000175835dfb40, 0x00000175835e0390]

GC Heap History (12 events):
Event: 1.058 GC heap before
{Heap before GC invocations=0 (full 0):
 garbage-first heap   total 57344K, used 13312K [0x0000000080000000, 0x0000000100000000)
  region size 1024K, 13 young (13312K), 0 survivors (0K)
 Metaspace       used 7361K, committed 7424K, reserved 1114112K
  class space    used 671K, committed 704K, reserved 1048576K
}
Event: 1.102 GC heap after
{Heap after GC invocations=1 (full 0):
 garbage-first heap   total 57344K, used 1280K [0x0000000080000000, 0x0000000100000000)
  region size 1024K, 2 young (2048K), 2 survivors (2048K)
 Metaspace       used 7361K, committed 7424K, reserved 1114112K
  class space    used 671K, committed 704K, reserved 1048576K
}
Event: 3.430 GC heap before
{Heap before GC invocations=1 (full 0):
 garbage-first heap   total 57344K, used 28928K [0x0000000080000000, 0x0000000100000000)
  region size 1024K, 26 young (26624K), 2 survivors (2048K)
 Metaspace       used 12017K, committed 12224K, reserved 1114112K
  class space    used 1279K, committed 1408K, reserved 1048576K
}
Event: 3.444 GC heap after
{Heap after GC invocations=2 (full 0):
 garbage-first heap   total 57344K, used 11126K [0x0000000080000000, 0x0000000100000000)
  region size 1024K, 4 young (4096K), 4 survivors (4096K)
 Metaspace       used 12017K, committed 12224K, reserved 1114112K
  class space    used 1279K, committed 1408K, reserved 1048576K
}
Event: 4.580 GC heap before
{Heap before GC invocations=2 (full 0):
 garbage-first heap   total 57344K, used 37750K [0x0000000080000000, 0x0000000100000000)
  region size 1024K, 30 young (30720K), 4 survivors (4096K)
 Metaspace       used 12096K, committed 12288K, reserved 1114112K
  class space    used 1280K, committed 1408K, reserved 1048576K
}
Event: 4.590 GC heap after
{Heap after GC invocations=3 (full 0):
 garbage-first heap   total 57344K, used 12347K [0x0000000080000000, 0x0000000100000000)
  region size 1024K, 1 young (1024K), 1 survivors (1024K)
 Metaspace       used 12096K, committed 12288K, reserved 1114112K
  class space    used 1280K, committed 1408K, reserved 1048576K
}
Event: 6.262 GC heap before
{Heap before GC invocations=3 (full 0):
 garbage-first heap   total 57344K, used 42043K [0x0000000080000000, 0x0000000100000000)
  region size 1024K, 28 young (28672K), 1 survivors (1024K)
 Metaspace       used 12772K, committed 13056K, reserved 1114112K
  class space    used 1398K, committed 1536K, reserved 1048576K
}
Event: 6.269 GC heap after
{Heap after GC invocations=4 (full 0):
 garbage-first heap   total 57344K, used 17408K [0x0000000080000000, 0x0000000100000000)
  region size 1024K, 4 young (4096K), 4 survivors (4096K)
 Metaspace       used 12772K, committed 13056K, reserved 1114112K
  class space    used 1398K, committed 1536K, reserved 1048576K
}
Event: 10.010 GC heap before
{Heap before GC invocations=4 (full 0):
 garbage-first heap   total 57344K, used 41984K [0x0000000080000000, 0x0000000100000000)
  region size 1024K, 29 young (29696K), 4 survivors (4096K)
 Metaspace       used 21208K, committed 21504K, reserved 1114112K
  class space    used 2464K, committed 2624K, reserved 1048576K
}
Event: 10.020 GC heap after
{Heap after GC invocations=5 (full 0):
 garbage-first heap   total 57344K, used 21511K [0x0000000080000000, 0x0000000100000000)
  region size 1024K, 4 young (4096K), 4 survivors (4096K)
 Metaspace       used 21208K, committed 21504K, reserved 1114112K
  class space    used 2464K, committed 2624K, reserved 1048576K
}
Event: 11.295 GC heap before
{Heap before GC invocations=6 (full 0):
 garbage-first heap   total 57344K, used 43015K [0x0000000080000000, 0x0000000100000000)
  region size 1024K, 25 young (25600K), 4 survivors (4096K)
 Metaspace       used 25354K, committed 25856K, reserved 1114112K
  class space    used 3081K, committed 3328K, reserved 1048576K
}
Event: 11.303 GC heap after
{Heap after GC invocations=7 (full 0):
 garbage-first heap   total 57344K, used 22922K [0x0000000080000000, 0x0000000100000000)
  region size 1024K, 2 young (2048K), 2 survivors (2048K)
 Metaspace       used 25354K, committed 25856K, reserved 1114112K
  class space    used 3081K, committed 3328K, reserved 1048576K
}

Dll operation events (3 events):
Event: 0.038 Loaded shared library C:\Program Files\Android\Android Studio\jbr\bin\java.dll
Event: 0.059 Loaded shared library C:\Program Files\Android\Android Studio\jbr\bin\zip.dll
Event: 1.845 Loaded shared library C:\Program Files\Android\Android Studio\jbr\bin\verify.dll

Deoptimization events (20 events):
Event: 11.174 Thread 0x000001759bf380e0 DEOPT PACKING pc=0x000001758ab6ef70 sp=0x0000002eb51fa9c0
Event: 11.174 Thread 0x000001759bf380e0 DEOPT UNPACKING pc=0x000001758a6046a2 sp=0x0000002eb51fa950 mode 2
Event: 11.304 Thread 0x00000175961dc070 Uncommon trap: trap_request=0xffffff45 fr.pc=0x000001758ac3779c relative=0x000000000000017c
Event: 11.304 Thread 0x00000175961dc070 Uncommon trap: reason=unstable_if action=reinterpret pc=0x000001758ac3779c method=java.util.concurrent.locks.ReentrantLock$NonfairSync.initialTryLock()Z @ 25 c2
Event: 11.304 Thread 0x00000175961dc070 DEOPT PACKING pc=0x000001758ac3779c sp=0x0000002eb3eff380
Event: 11.304 Thread 0x00000175961dc070 DEOPT UNPACKING pc=0x000001758a6046a2 sp=0x0000002eb3eff320 mode 2
Event: 11.306 Thread 0x000001759bf380e0 DEOPT PACKING pc=0x000001758316555f sp=0x0000002eb51fb4d0
Event: 11.306 Thread 0x000001759bf380e0 DEOPT UNPACKING pc=0x000001758a604e42 sp=0x0000002eb51fa968 mode 0
Event: 11.307 Thread 0x000001759bf380e0 Uncommon trap: trap_request=0xffffff45 fr.pc=0x000001758ab7209c relative=0x0000000000000d1c
Event: 11.307 Thread 0x000001759bf380e0 Uncommon trap: reason=unstable_if action=reinterpret pc=0x000001758ab7209c method=java.io.WinNTFileSystem.resolve(Ljava/lang/String;Ljava/lang/String;)Ljava/lang/String; @ 19 c2
Event: 11.307 Thread 0x000001759bf380e0 DEOPT PACKING pc=0x000001758ab7209c sp=0x0000002eb51fb7c0
Event: 11.307 Thread 0x000001759bf380e0 DEOPT UNPACKING pc=0x000001758a6046a2 sp=0x0000002eb51fb758 mode 2
Event: 11.310 Thread 0x000001759bf380e0 Uncommon trap: trap_request=0xffffff45 fr.pc=0x000001758abd6310 relative=0x0000000000000630
Event: 11.310 Thread 0x000001759bf380e0 Uncommon trap: reason=unstable_if action=reinterpret pc=0x000001758abd6310 method=java.io.File.getName()Ljava/lang/String; @ 16 c2
Event: 11.310 Thread 0x000001759bf380e0 DEOPT PACKING pc=0x000001758abd6310 sp=0x0000002eb51fb780
Event: 11.310 Thread 0x000001759bf380e0 DEOPT UNPACKING pc=0x000001758a6046a2 sp=0x0000002eb51fb750 mode 2
Event: 11.453 Thread 0x000001759bf380e0 Uncommon trap: trap_request=0xffffff45 fr.pc=0x000001758ab77890 relative=0x00000000000000f0
Event: 11.453 Thread 0x000001759bf380e0 Uncommon trap: reason=unstable_if action=reinterpret pc=0x000001758ab77890 method=java.util.HashMap.hash(Ljava/lang/Object;)I @ 1 c2
Event: 11.453 Thread 0x000001759bf380e0 DEOPT PACKING pc=0x000001758ab77890 sp=0x0000002eb51fc630
Event: 11.453 Thread 0x000001759bf380e0 DEOPT UNPACKING pc=0x000001758a6046a2 sp=0x0000002eb51fc570 mode 2

Classes loaded (20 events):
Event: 11.224 Loading class sun/security/provider/MD5
Event: 11.225 Loading class sun/security/provider/MD5 done
Event: 11.225 Loading class sun/security/provider/SHA5$SHA512
Event: 11.225 Loading class sun/security/provider/SHA5
Event: 11.226 Loading class sun/security/provider/SHA5 done
Event: 11.226 Loading class sun/security/provider/SHA5$SHA512 done
Event: 11.229 Loading class sun/security/provider/ByteArrayAccess$LE
Event: 11.230 Loading class sun/security/provider/ByteArrayAccess$LE done
Event: 11.309 Loading class java/io/File$TempDirectory
Event: 11.309 Loading class java/io/File$TempDirectory done
Event: 11.319 Loading class java/io/PrintWriter
Event: 11.321 Loading class java/io/PrintWriter done
Event: 11.390 Loading class java/util/concurrent/Semaphore
Event: 11.391 Loading class java/util/concurrent/Semaphore done
Event: 11.395 Loading class java/nio/file/FileVisitOption
Event: 11.395 Loading class java/nio/file/FileVisitOption done
Event: 11.403 Loading class java/util/stream/ReduceOps$1
Event: 11.403 Loading class java/util/stream/ReduceOps$1 done
Event: 11.403 Loading class java/util/stream/ReduceOps$1ReducingSink
Event: 11.403 Loading class java/util/stream/ReduceOps$1ReducingSink done

Classes unloaded (0 events):
No events

Classes redefined (0 events):
No events

Internal exceptions (20 events):
Event: 9.657 Thread 0x000001759c049720 Exception <a 'java/lang/NoSuchMethodError'{0x0000000082367100}: 'void java.lang.invoke.DirectMethodHandle$Holder.invokeSpecial(java.lang.Object, java.lang.Object, java.lang.Object)'> (0x0000000082367100) 
thrown [s\src\hotspot\share\interpreter\linkResolver.cpp, line 784]
Event: 9.930 Thread 0x000001759bf380e0 Exception <a 'java/lang/NoSuchMethodError'{0x00000000820228f8}: 'long java.lang.invoke.DirectMethodHandle$Holder.invokeInterface(java.lang.Object, java.lang.Object)'> (0x00000000820228f8) 
thrown [s\src\hotspot\share\interpreter\linkResolver.cpp, line 784]
Event: 10.196 Thread 0x000001759bf380e0 Exception <a 'java/lang/NoSuchMethodError'{0x0000000083415ad8}: 'void java.lang.invoke.DirectMethodHandle$Holder.invokeStatic(java.lang.Object, java.lang.Object)'> (0x0000000083415ad8) 
thrown [s\src\hotspot\share\interpreter\linkResolver.cpp, line 784]
Event: 10.234 Thread 0x000001759bf380e0 Exception <a 'java/lang/NoSuchMethodError'{0x000000008345aed8}: 'java.lang.Object java.lang.invoke.DirectMethodHandle$Holder.invokeVirtual(java.lang.Object, java.lang.Object, java.lang.Object, java.lang.Object, java.lang.Object, java.lang.Object, java.lang.Object, java.lang.Object, java.lang.Object, java.lang.Object, java.lang.Object, java.lang.Object)'> (0x000000008345aed8) 
thrown [s\src\hotspot\share\interpreter\linkResolver.cpp, line 784]
Event: 10.236 Thread 0x000001759bf380e0 Exception <a 'java/lang/NoSuchMethodError'{0x000000008346b8b0}: 'java.lang.Object java.lang.invoke.DirectMethodHandle$Holder.invokeSpecial(java.lang.Object, java.lang.Object, java.lang.Object, java.lang.Object, java.lang.Object, java.lang.Object, java.lang.Object, java.lang.Object, java.lang.Object, java.lang.Object, java.lang.Object, java.lang.Object, java.lang.Object)'> (0x000000008346b8b0) 
thrown [s\src\hotspot\share\interpreter\linkResolver.cpp, line 784]
Event: 10.412 Thread 0x000001759bf380e0 Exception <a 'java/lang/NoSuchMethodError'{0x0000000083213520}: 'java.lang.Object java.lang.invoke.DirectMethodHandle$Holder.newInvokeSpecial(java.lang.Object, java.lang.Object, java.lang.Object, java.lang.Object, java.lang.Object)'> (0x0000000083213520) 
thrown [s\src\hotspot\share\interpreter\linkResolver.cpp, line 784]
Event: 10.439 Thread 0x000001759bf380e0 Exception <a 'java/lang/NoSuchMethodError'{0x000000008326b688}: 'int java.lang.invoke.DirectMethodHandle$Holder.invokeVirtual(java.lang.Object, java.lang.Object, java.lang.Object)'> (0x000000008326b688) 
thrown [s\src\hotspot\share\interpreter\linkResolver.cpp, line 784]
Event: 10.583 Thread 0x000001759bf380e0 Exception <a 'java/lang/NoSuchMethodError'{0x00000000830dc7c0}: 'java.lang.Object java.lang.invoke.DirectMethodHandle$Holder.newInvokeSpecial(java.lang.Object, java.lang.Object, java.lang.Object, java.lang.Object, java.lang.Object, java.lang.Object)'> (0x00000000830dc7c0) 
thrown [s\src\hotspot\share\interpreter\linkResolver.cpp, line 784]
Event: 10.589 Thread 0x000001759bf380e0 Exception <a 'java/lang/NoSuchMethodError'{0x00000000830fe1f8}: 'void java.lang.invoke.DirectMethodHandle$Holder.invokeStaticInit(java.lang.Object, java.lang.Object)'> (0x00000000830fe1f8) 
thrown [s\src\hotspot\share\interpreter\linkResolver.cpp, line 784]
Event: 10.749 Thread 0x000001759bf380e0 Exception <a 'java/lang/NoSuchMethodError'{0x0000000082d8d3f0}: 'void java.lang.invoke.DelegatingMethodHandle$Holder.reinvoke_L(java.lang.Object, java.lang.Object, java.lang.Object, java.lang.Object, java.lang.Object, java.lang.Object, java.lang.Object, java.lang.Object, java.lang.Object, java.lang.Object)'> (0x0000000082d8d3f0) 
thrown [s\src\hotspot\share\interpreter\linkResolver.cpp, line 784]
Event: 10.750 Thread 0x000001759bf380e0 Exception <a 'java/lang/NoSuchMethodError'{0x0000000082d94df0}: 'java.lang.Object java.lang.invoke.Invokers$Holder.invoker(java.lang.Object, java.lang.Object, java.lang.Object, java.lang.Object, java.lang.Object, java.lang.Object, java.lang.Object, java.lang.Object, java.lang.Object, java.lang.Object)'> (0x0000000082d94df0) 
thrown [s\src\hotspot\share\interpreter\linkResolver.cpp, line 784]
Event: 10.934 Thread 0x000001759bf380e0 Exception <a 'java/lang/NoSuchMethodError'{0x000000008296dac8}: 'void java.lang.invoke.DirectMethodHandle$Holder.invokeVirtual(java.lang.Object, java.lang.Object, java.lang.Object, java.lang.Object, java.lang.Object)'> (0x000000008296dac8) 
thrown [s\src\hotspot\share\interpreter\linkResolver.cpp, line 784]
Event: 11.056 Thread 0x000001759bf380e0 Exception <a 'java/lang/NoSuchMethodError'{0x00000000828f8918}: 'void java.lang.invoke.DirectMethodHandle$Holder.invokeInterface(java.lang.Object, java.lang.Object)'> (0x00000000828f8918) 
thrown [s\src\hotspot\share\interpreter\linkResolver.cpp, line 784]
Event: 11.056 Thread 0x000001759bf380e0 Exception <a 'java/lang/IncompatibleClassChangeError'{0x00000000828fbe78}: Found class java.lang.Object, but interface was expected> (0x00000000828fbe78) 
thrown [s\src\hotspot\share\interpreter\linkResolver.cpp, line 851]
Event: 11.123 Thread 0x000001759bf380e0 Exception <a 'java/lang/NoSuchMethodError'{0x000000008261ca58}: 'java.lang.Object java.lang.invoke.DirectMethodHandle$Holder.newInvokeSpecial(java.lang.Object, java.lang.Object, int)'> (0x000000008261ca58) 
thrown [s\src\hotspot\share\interpreter\linkResolver.cpp, line 784]
Event: 11.166 Thread 0x000001759bf380e0 Exception <a 'java/lang/NoSuchMethodError'{0x00000000826c8700}: 'java.lang.Object java.lang.invoke.DirectMethodHandle$Holder.invokeVirtual(java.lang.Object, java.lang.Object, java.lang.Object, java.lang.Object, java.lang.Object, java.lang.Object, java.lang.Object, java.lang.Object)'> (0x00000000826c8700) 
thrown [s\src\hotspot\share\interpreter\linkResolver.cpp, line 784]
Event: 11.399 Thread 0x000001759bf380e0 Exception <a 'java/lang/NoSuchMethodError'{0x0000000083502ae8}: 'int java.lang.invoke.DirectMethodHandle$Holder.invokeSpecialIFC(java.lang.Object, java.lang.Object, java.lang.Object, java.lang.Object)'> (0x0000000083502ae8) 
thrown [s\src\hotspot\share\interpreter\linkResolver.cpp, line 784]
Event: 11.402 Thread 0x000001759bf380e0 Exception <a 'java/lang/NoSuchMethodError'{0x000000008350fda0}: 'java.lang.Object java.lang.invoke.DirectMethodHandle$Holder.invokeInterface(java.lang.Object, java.lang.Object, java.lang.Object)'> (0x000000008350fda0) 
thrown [s\src\hotspot\share\interpreter\linkResolver.cpp, line 784]
Event: 11.402 Thread 0x000001759bf380e0 Exception <a 'java/lang/IncompatibleClassChangeError'{0x00000000835136e8}: Found class java.lang.Object, but interface was expected> (0x00000000835136e8) 
thrown [s\src\hotspot\share\interpreter\linkResolver.cpp, line 851]
Event: 11.453 Thread 0x000001759bf380e0 Implicit null exception at 0x000001758ab777e6 to 0x000001758ab77886

ZGC Phase Switch (0 events):
No events

VM Operations (20 events):
Event: 8.702 Executing VM operation: HandshakeAllThreads (Deoptimize)
Event: 8.702 Executing VM operation: HandshakeAllThreads (Deoptimize) done
Event: 8.702 Executing VM operation: Cleanup
Event: 8.703 Executing VM operation: Cleanup done
Event: 9.106 Executing VM operation: HandshakeAllThreads (Deoptimize)
Event: 9.125 Executing VM operation: HandshakeAllThreads (Deoptimize) done
Event: 10.010 Executing VM operation: CollectForMetadataAllocation (Metadata GC Threshold)
Event: 10.020 Executing VM operation: CollectForMetadataAllocation (Metadata GC Threshold) done
Event: 10.040 Executing VM operation: G1PauseRemark
Event: 10.044 Executing VM operation: G1PauseRemark done
Event: 10.053 Executing VM operation: G1PauseCleanup
Event: 10.054 Executing VM operation: G1PauseCleanup done
Event: 10.676 Executing VM operation: HandshakeAllThreads (Deoptimize)
Event: 10.676 Executing VM operation: HandshakeAllThreads (Deoptimize) done
Event: 11.120 Executing VM operation: HandshakeAllThreads (Deoptimize)
Event: 11.120 Executing VM operation: HandshakeAllThreads (Deoptimize) done
Event: 11.120 Executing VM operation: Cleanup
Event: 11.120 Executing VM operation: Cleanup done
Event: 11.295 Executing VM operation: G1CollectForAllocation (G1 Evacuation Pause)
Event: 11.303 Executing VM operation: G1CollectForAllocation (G1 Evacuation Pause) done

Events (20 events):
Event: 0.423 Thread 0x00000175965b6720 Thread added: 0x00000175965b6720
Event: 1.262 Loaded shared library C:\Program Files\Android\Android Studio\jbr\bin\jimage.dll
Event: 2.423 Loaded shared library C:\Users\santi\.gradle\native\c067742578af261105cb4f569cf0c3c89f3d7b1fecec35dd04571415982c5e48\windows-amd64\native-platform.dll
Event: 2.453 Loaded shared library C:\Users\santi\.gradle\native\100fb08df4bc3b14c8652ba06237920a3bd2aa13389f12d3474272988ae205f9\windows-amd64\native-platform-file-events.dll
Event: 7.411 Loaded shared library C:\Program Files\Android\Android Studio\jbr\bin\management.dll
Event: 7.429 Loaded shared library C:\Program Files\Android\Android Studio\jbr\bin\management_ext.dll
Event: 7.548 Thread 0x00000175965ce4c0 Thread added: 0x00000175965ce4c0
Event: 8.158 Loaded shared library C:\Program Files\Android\Android Studio\jbr\bin\extnet.dll
Event: 8.403 Thread 0x000001759c0fd130 Thread added: 0x000001759c0fd130
Event: 9.104 Thread 0x000001759be51570 Thread added: 0x000001759be51570
Event: 9.449 Thread 0x000001759c049720 Thread added: 0x000001759c049720
Event: 9.501 Thread 0x000001759c04a190 Thread added: 0x000001759c04a190
Event: 9.626 Thread 0x000001759c04a800 Thread added: 0x000001759c04a800
Event: 9.659 Thread 0x000001759bf380e0 Thread added: 0x000001759bf380e0
Event: 9.770 Thread 0x000001759bf39490 Thread added: 0x000001759bf39490
Event: 9.799 Thread 0x000001759bf38770 Thread added: 0x000001759bf38770
Event: 9.805 Thread 0x000001759bf36010 Thread added: 0x000001759bf36010
Event: 11.121 Thread 0x000001759bf36d30 Thread added: 0x000001759bf36d30
Event: 11.136 Thread 0x000001759bf38e00 Thread added: 0x000001759bf38e00
Event: 11.206 Thread 0x000001759bf373c0 Thread added: 0x000001759bf373c0


Dynamic libraries:
0x00007ff66a190000 - 0x00007ff66a19a000 	C:\Program Files\Android\Android Studio\jbr\bin\java.exe
0x00007ffa14b00000 - 0x00007ffa14d60000 	C:\WINDOWS\SYSTEM32\ntdll.dll
0x00007ffa13db0000 - 0x00007ffa13e77000 	C:\WINDOWS\System32\KERNEL32.DLL
0x00007ffa12230000 - 0x00007ffa125fa000 	C:\WINDOWS\System32\KERNELBASE.dll
0x00007ffa120e0000 - 0x00007ffa1222b000 	C:\WINDOWS\System32\ucrtbase.dll
0x00007ffa0b680000 - 0x00007ffa0b69b000 	C:\Program Files\Android\Android Studio\jbr\bin\VCRUNTIME140.dll
0x00007ff9eb750000 - 0x00007ff9eb768000 	C:\Program Files\Android\Android Studio\jbr\bin\jli.dll
0x00007ffa14310000 - 0x00007ffa144dc000 	C:\WINDOWS\System32\USER32.dll
0x00007ff9f3a10000 - 0x00007ff9f3ca7000 	C:\WINDOWS\WinSxS\amd64_microsoft.windows.common-controls_6595b64144ccf1df_6.0.26100.3624_none_3e086962e3345f24\COMCTL32.dll
0x00007ffa12830000 - 0x00007ffa12857000 	C:\WINDOWS\System32\win32u.dll
0x00007ffa14060000 - 0x00007ffa14109000 	C:\WINDOWS\System32\msvcrt.dll
0x00007ffa13fb0000 - 0x00007ffa13fda000 	C:\WINDOWS\System32\GDI32.dll
0x00007ffa11da0000 - 0x00007ffa11ed1000 	C:\WINDOWS\System32\gdi32full.dll
0x00007ffa12600000 - 0x00007ffa126a3000 	C:\WINDOWS\System32\msvcp_win.dll
0x00007ffa14a80000 - 0x00007ffa14aaf000 	C:\WINDOWS\System32\IMM32.DLL
0x00007ffa0b6b0000 - 0x00007ffa0b6bc000 	C:\Program Files\Android\Android Studio\jbr\bin\vcruntime140_1.dll
0x00007ff9add80000 - 0x00007ff9ade0d000 	C:\Program Files\Android\Android Studio\jbr\bin\msvcp140.dll
0x00007ff9acd50000 - 0x00007ff9ad9cd000 	C:\Program Files\Android\Android Studio\jbr\bin\server\jvm.dll
0x00007ffa13cf0000 - 0x00007ffa13da2000 	C:\WINDOWS\System32\ADVAPI32.dll
0x00007ffa14260000 - 0x00007ffa14306000 	C:\WINDOWS\System32\sechost.dll
0x00007ffa13e80000 - 0x00007ffa13f96000 	C:\WINDOWS\System32\RPCRT4.dll
0x00007ffa13fe0000 - 0x00007ffa14054000 	C:\WINDOWS\System32\WS2_32.dll
0x00007ffa10950000 - 0x00007ffa109ae000 	C:\WINDOWS\SYSTEM32\POWRPROF.dll
0x00007ffa0b980000 - 0x00007ffa0b9b6000 	C:\WINDOWS\SYSTEM32\WINMM.dll
0x00007ffa0b9c0000 - 0x00007ffa0b9cb000 	C:\WINDOWS\SYSTEM32\VERSION.dll
0x00007ffa10930000 - 0x00007ffa10944000 	C:\WINDOWS\SYSTEM32\UMPDC.dll
0x00007ffa10c10000 - 0x00007ffa10c2a000 	C:\WINDOWS\SYSTEM32\kernel.appcore.dll
0x00007ffa07b70000 - 0x00007ffa07b7a000 	C:\Program Files\Android\Android Studio\jbr\bin\jimage.dll
0x00007ffa064d0000 - 0x00007ffa06711000 	C:\WINDOWS\SYSTEM32\DBGHELP.DLL
0x00007ffa146a0000 - 0x00007ffa14a22000 	C:\WINDOWS\System32\combase.dll
0x00007ffa14110000 - 0x00007ffa141e6000 	C:\WINDOWS\System32\OLEAUT32.dll
0x00007ff9f4690000 - 0x00007ff9f46c9000 	C:\WINDOWS\SYSTEM32\dbgcore.DLL
0x00007ffa12860000 - 0x00007ffa128f9000 	C:\WINDOWS\System32\bcryptPrimitives.dll
0x00007ffa0ec90000 - 0x00007ffa0ec9e000 	C:\Program Files\Android\Android Studio\jbr\bin\instrument.dll
0x00007ffa06340000 - 0x00007ffa0635f000 	C:\Program Files\Android\Android Studio\jbr\bin\java.dll
0x00007ffa06320000 - 0x00007ffa06338000 	C:\Program Files\Android\Android Studio\jbr\bin\zip.dll
0x00007ffa12c00000 - 0x00007ffa13329000 	C:\WINDOWS\System32\SHELL32.dll
0x00007ffa11ee0000 - 0x00007ffa12048000 	C:\WINDOWS\System32\wintypes.dll
0x00007ffa0f970000 - 0x00007ffa101c2000 	C:\WINDOWS\SYSTEM32\windows.storage.dll
0x00007ffa12b00000 - 0x00007ffa12bed000 	C:\WINDOWS\System32\SHCORE.dll
0x00007ffa141f0000 - 0x00007ffa14254000 	C:\WINDOWS\System32\shlwapi.dll
0x00007ffa11bf0000 - 0x00007ffa11c1f000 	C:\WINDOWS\SYSTEM32\profapi.dll
0x00007ffa07b60000 - 0x00007ffa07b70000 	C:\Program Files\Android\Android Studio\jbr\bin\net.dll
0x00007ffa085b0000 - 0x00007ffa086cd000 	C:\WINDOWS\SYSTEM32\WINHTTP.dll
0x00007ffa11130000 - 0x00007ffa1119a000 	C:\WINDOWS\system32\mswsock.dll
0x00007ffa06300000 - 0x00007ffa06316000 	C:\Program Files\Android\Android Studio\jbr\bin\nio.dll
0x00007ffa0b370000 - 0x00007ffa0b380000 	C:\Program Files\Android\Android Studio\jbr\bin\verify.dll
0x00007ff9fc130000 - 0x00007ff9fc157000 	C:\Users\santi\.gradle\native\c067742578af261105cb4f569cf0c3c89f3d7b1fecec35dd04571415982c5e48\windows-amd64\native-platform.dll
0x00007ff9adae0000 - 0x00007ff9adc24000 	C:\Users\santi\.gradle\native\100fb08df4bc3b14c8652ba06237920a3bd2aa13389f12d3474272988ae205f9\windows-amd64\native-platform-file-events.dll
0x00007ff9ff650000 - 0x00007ff9ff659000 	C:\Program Files\Android\Android Studio\jbr\bin\management.dll
0x00007ff9ff640000 - 0x00007ff9ff64b000 	C:\Program Files\Android\Android Studio\jbr\bin\management_ext.dll
0x00007ffa13fa0000 - 0x00007ffa13fa8000 	C:\WINDOWS\System32\PSAPI.DLL
0x00007ffa113d0000 - 0x00007ffa113ec000 	C:\WINDOWS\SYSTEM32\CRYPTSP.dll
0x00007ffa10b70000 - 0x00007ffa10baa000 	C:\WINDOWS\system32\rsaenh.dll
0x00007ffa111d0000 - 0x00007ffa111fb000 	C:\WINDOWS\SYSTEM32\USERENV.dll
0x00007ffa11bc0000 - 0x00007ffa11be6000 	C:\WINDOWS\SYSTEM32\bcrypt.dll
0x00007ffa113f0000 - 0x00007ffa113fc000 	C:\WINDOWS\SYSTEM32\CRYPTBASE.dll
0x00007ffa10610000 - 0x00007ffa10643000 	C:\WINDOWS\SYSTEM32\IPHLPAPI.DLL
0x00007ffa139e0000 - 0x00007ffa139ea000 	C:\WINDOWS\System32\NSI.dll
0x00007ffa062f0000 - 0x00007ffa062f9000 	C:\Program Files\Android\Android Studio\jbr\bin\extnet.dll
0x00007ff9c2f50000 - 0x00007ff9c2f58000 	C:\WINDOWS\system32\wshunix.dll

dbghelp: loaded successfully - version: 4.0.5 - missing functions: none
symbol engine: initialized successfully - sym options: 0x614 - pdb path: .;C:\Program Files\Android\Android Studio\jbr\bin;C:\WINDOWS\SYSTEM32;C:\WINDOWS\WinSxS\amd64_microsoft.windows.common-controls_6595b64144ccf1df_6.0.26100.3624_none_3e086962e3345f24;C:\Program Files\Android\Android Studio\jbr\bin\server;C:\Users\santi\.gradle\native\c067742578af261105cb4f569cf0c3c89f3d7b1fecec35dd04571415982c5e48\windows-amd64;C:\Users\santi\.gradle\native\100fb08df4bc3b14c8652ba06237920a3bd2aa13389f12d3474272988ae205f9\windows-amd64

VM Arguments:
jvm_args: -XX:MaxPermSize=512m -XX:+HeapDumpOnOutOfMemoryError --add-opens=java.base/java.util=ALL-UNNAMED --add-opens=java.base/java.lang=ALL-UNNAMED --add-opens=java.base/java.lang.invoke=ALL-UNNAMED --add-opens=java.prefs/java.util.prefs=ALL-UNNAMED --add-exports=jdk.compiler/com.sun.tools.javac.api=ALL-UNNAMED --add-exports=jdk.compiler/com.sun.tools.javac.util=ALL-UNNAMED --add-opens=java.base/java.nio.charset=ALL-UNNAMED --add-opens=java.base/java.net=ALL-UNNAMED --add-opens=java.base/java.util.concurrent.atomic=ALL-UNNAMED -Xmx2048m -Dfile.encoding=UTF-8 -Duser.country=CO -Duser.language=es -Duser.variant -javaagent:C:\Users\santi\.gradle\wrapper\dists\gradle-8.9-bin\90cnw93cvbtalezasaz0blq0a\gradle-8.9\lib\agents\gradle-instrumentation-agent-8.9.jar 
java_command: org.gradle.launcher.daemon.bootstrap.GradleDaemon 8.9
java_class_path (initial): C:\Users\santi\.gradle\wrapper\dists\gradle-8.9-bin\90cnw93cvbtalezasaz0blq0a\gradle-8.9\lib\gradle-daemon-main-8.9.jar
Launcher Type: SUN_STANDARD

[Global flags]
     intx CICompilerCount                          = 3                                         {product} {ergonomic}
     uint ConcGCThreads                            = 1                                         {product} {ergonomic}
     uint G1ConcRefinementThreads                  = 4                                         {product} {ergonomic}
   size_t G1HeapRegionSize                         = 1048576                                   {product} {ergonomic}
    uintx GCDrainStackTargetSize                   = 64                                        {product} {ergonomic}
     bool HeapDumpOnOutOfMemoryError               = true                                   {manageable} {command line}
   size_t InitialHeapSize                          = 58720256                                  {product} {ergonomic}
   size_t MarkStackSize                            = 4194304                                   {product} {ergonomic}
   size_t MaxHeapSize                              = 2147483648                                {product} {command line}
   size_t MaxNewSize                               = 1287651328                                {product} {ergonomic}
   size_t MinHeapDeltaBytes                        = 1048576                                   {product} {ergonomic}
   size_t MinHeapSize                              = 8388608                                   {product} {ergonomic}
    uintx NonNMethodCodeHeapSize                   = 5832780                                {pd product} {ergonomic}
    uintx NonProfiledCodeHeapSize                  = 122912730                              {pd product} {ergonomic}
    uintx ProfiledCodeHeapSize                     = 122912730                              {pd product} {ergonomic}
    uintx ReservedCodeCacheSize                    = 251658240                              {pd product} {ergonomic}
     bool SegmentedCodeCache                       = true                                      {product} {ergonomic}
   size_t SoftMaxHeapSize                          = 2147483648                             {manageable} {ergonomic}
     bool UseCompressedOops                        = true                           {product lp64_product} {ergonomic}
     bool UseG1GC                                  = true                                      {product} {ergonomic}
     bool UseLargePagesIndividualAllocation        = false                                  {pd product} {ergonomic}

Logging:
Log output configuration:
 #0: stdout all=warning uptime,level,tags foldmultilines=false
 #1: stderr all=off uptime,level,tags foldmultilines=false

Environment Variables:
PATH=C:\Program Files\Microsoft MPI\Bin\;C:\Program Files\Common Files\Oracle\Java\javapath;C:\WINDOWS\system32;C:\WINDOWS;C:\WINDOWS\System32\Wbem;C:\WINDOWS\System32\WindowsPowerShell\v1.0\;C:\WINDOWS\System32\OpenSSH\;C:\Program Files\nodejs\;C:\Program Files\Git\cmd;C:\Program Files\Microsoft SQL Server\150\Tools\Binn\;C:\Users\santi\AppData\Local\Programs\Python\Python313\Scripts\;C:\Users\santi\AppData\Local\Programs\Python\Python313\;C:\Users\santi\AppData\Local\Programs\Python\Launcher\;C:\Users\santi\AppData\Local\Microsoft\WindowsApps;C:\Users\santi\AppData\Local\Programs\Microsoft VS Code\bin;C:\Users\santi\AppData\Roaming\npm;
USERNAME=santi
OS=Windows_NT
PROCESSOR_IDENTIFIER=AMD64 Family 23 Model 24 Stepping 1, AuthenticAMD
TMP=C:\Users\santi\AppData\Local\Temp
TEMP=C:\Users\santi\AppData\Local\Temp




Periodic native trim disabled

JNI global refs:
JNI global refs: 22, weak refs: 0

JNI global refs memory usage: 835, weak refs: 833

Process memory usage:
Resident Set Size: 155924K (4% of 3587996K total physical memory with 176628K free physical memory)

OOME stack traces (most recent first):
Classloader memory used:
Loader bootstrap                                                                       : 15889K
Loader org.gradle.internal.classloader.VisitableURLClassLoader                         : 9298K
Loader org.gradle.initialization.MixInLegacyTypesClassLoader                           : 703K
Loader jdk.internal.loader.ClassLoaders$AppClassLoader                                 : 230K
Loader jdk.internal.loader.ClassLoaders$PlatformClassLoader                            : 168K

Classes loaded by more than one classloader:
Class org.gradle.internal.classloader.FilteringClassLoader                            : loaded 2 times (x 102B)
Class org.gradle.internal.classloader.ClassLoaderHierarchy                            : loaded 2 times (x 67B)
Class org.gradle.api.internal.classpath.ManifestUtil                                  : loaded 2 times (x 68B)
Class org.gradle.internal.classloader.DefaultClassLoaderFactory                       : loaded 2 times (x 79B)
Class org.gradle.internal.classloader.ClassLoaderVisitor                              : loaded 2 times (x 73B)
Class org.gradle.api.internal.classpath.EffectiveClassPath                            : loaded 2 times (x 87B)
Class org.gradle.api.internal.DefaultClassPathProvider                                : loaded 2 times (x 73B)
Class [Lorg.gradle.api.internal.ClassPathProvider;                                    : loaded 2 times (x 66B)
Class org.gradle.api.internal.ClassPathProvider                                       : loaded 2 times (x 67B)
Class org.gradle.internal.service.UnknownServiceException                             : loaded 2 times (x 80B)
Class org.gradle.internal.classpath.TransformedClassPath                              : loaded 2 times (x 93B)
Class org.gradle.internal.service.ServiceLocator                                      : loaded 2 times (x 67B)
Class org.gradle.internal.InternalTransformer                                         : loaded 2 times (x 67B)
Class org.gradle.internal.classloader.ClasspathUtil$1                                 : loaded 2 times (x 73B)
Class org.gradle.api.internal.classpath.DefaultModuleRegistry$DefaultModule           : loaded 2 times (x 83B)
Class org.gradle.api.internal.classpath.Module                                        : loaded 2 times (x 67B)
Class org.gradle.api.internal.classpath.UnknownModuleException                        : loaded 2 times (x 79B)
Class org.gradle.api.internal.DefaultClassPathRegistry                                : loaded 2 times (x 73B)
Class org.gradle.api.internal.ClassPathRegistry                                       : loaded 2 times (x 67B)
Class org.gradle.internal.classpath.DefaultClassPath$ImmutableUniqueList              : loaded 2 times (x 196B)
Class org.gradle.internal.classpath.ClassPath                                         : loaded 2 times (x 67B)
Class org.gradle.api.UncheckedIOException                                             : loaded 2 times (x 79B)
Class org.gradle.internal.installation.GradleInstallation$1                           : loaded 2 times (x 72B)
Class org.gradle.api.internal.classpath.ModuleRegistry                                : loaded 2 times (x 67B)
Class org.gradle.api.internal.classpath.DefaultModuleRegistry                         : loaded 2 times (x 80B)
Class org.gradle.internal.service.ServiceLookupException                              : loaded 2 times (x 79B)
Class org.gradle.internal.classloader.ClassLoaderFactory                              : loaded 2 times (x 67B)
Class org.gradle.internal.service.CachingServiceLocator                               : loaded 2 times (x 79B)
Class org.gradle.internal.classloader.ClasspathUtil                                   : loaded 2 times (x 68B)
Class org.gradle.api.specs.Spec                                                       : loaded 2 times (x 67B)
Class org.gradle.internal.classloader.VisitableURLClassLoader$InstrumentingVisitableURLClassLoader: loaded 2 times (x 120B)
Class org.gradle.internal.classloader.VisitableURLClassLoader$Spec                    : loaded 2 times (x 71B)
Class org.gradle.internal.classpath.DefaultClassPath                                  : loaded 2 times (x 87B)
Class org.gradle.internal.classloader.ClassLoaderSpec                                 : loaded 2 times (x 68B)
Class org.gradle.internal.classloader.VisitableURLClassLoader                         : loaded 2 times (x 114B)
Class org.gradle.internal.Cast                                                        : loaded 2 times (x 68B)
Class org.gradle.api.Action                                                           : loaded 2 times (x 67B)
Class org.gradle.internal.agents.InstrumentingClassLoader                             : loaded 2 times (x 67B)
Class org.gradle.internal.classpath.DefaultClassPath$ImmutableUniqueList$Builder      : loaded 2 times (x 72B)
Class org.gradle.api.GradleException                                                  : loaded 2 times (x 79B)
Class org.gradle.internal.IoActions                                                   : loaded 2 times (x 68B)
Class org.gradle.internal.classloader.SystemClassLoaderSpec                           : loaded 2 times (x 68B)
Class org.gradle.internal.installation.CurrentGradleInstallationLocator               : loaded 2 times (x 68B)
Class org.gradle.internal.service.DefaultServiceLocator                               : loaded 2 times (x 80B)
Class org.gradle.internal.installation.CurrentGradleInstallation                      : loaded 2 times (x 70B)
Class org.gradle.util.internal.GUtil                                                  : loaded 2 times (x 68B)
Class org.gradle.internal.installation.GradleInstallation                             : loaded 2 times (x 72B)

---------------  S Y S T E M  ---------------

OS:
 Windows 11 , 64 bit Build 26100 (10.0.26100.3775)
OS uptime: 6 days 11:02 hours
Hyper-V role detected

CPU: total 4 (initial active 4) (4 cores per cpu, 2 threads per core) family 23 model 24 stepping 1 microcode 0x8108109, cx8, cmov, fxsr, ht, mmx, 3dnowpref, sse, sse2, sse3, ssse3, sse4a, sse4.1, sse4.2, popcnt, lzcnt, tsc, tscinvbit, avx, avx2, aes, clmul, bmi1, bmi2, adx, sha, fma, vzeroupper, clflush, clflushopt, hv, rdtscp, f16c
Processor Information for all 4 processors :
  Max Mhz: 2600, Current Mhz: 2600, Mhz Limit: 2600

Memory: 4k page, system-wide physical 3503M (172M free)
TotalPageFile size 11695M (AvailPageFile size 3M)
current process WorkingSet (physical memory assigned to process): 152M, peak: 152M
current process commit charge ("private bytes"): 185M, peak: 187M

vm_info: OpenJDK 64-Bit Server VM (21.0.3+-12282718-b509.11) for windows-amd64 JRE (21.0.3+-12282718-b509.11), built on 2024-08-27T17:34:15Z by "builder" with MS VC++ 16.10 / 16.11 (VS2019)

END.
