#
# There is insufficient memory for the Java Runtime Environment to continue.
# Native memory allocation (mmap) failed to map 59768832 bytes. Error detail: G1 virtual space
# Possible reasons:
#   The system is out of physical RAM or swap space
#   This process is running with CompressedOops enabled, and the Java Heap may be blocking the growth of the native heap
# Possible solutions:
#   Reduce memory load on the system
#   Increase physical memory or swap space
#   Check if swap backing store is full
#   Decrease Java heap size (-Xmx/-Xms)
#   Decrease number of Java threads
#   Decrease Java thread stack sizes (-Xss)
#   Set larger code cache with -XX:ReservedCodeCacheSize=
#   JVM is running with Unscaled Compressed Oops mode in which the Java heap is
#     placed in the first 4GB address space. The Java Heap base address is the
#     maximum limit for the native heap growth. Please use -XX:HeapBaseMinAddress
#     to set the Java Heap base and to place the Java Heap above 4GB virtual address.
# This output file may be truncated or incomplete.
#
#  Out of Memory Error (os_windows.cpp:3815), pid=13908, tid=12488
#
# JRE version: OpenJDK Runtime Environment (21.0.3) (build 21.0.3+-12282718-b509.11)
# Java VM: OpenJDK 64-Bit Server VM (21.0.3+-12282718-b509.11, mixed mode, tiered, compressed oops, compressed class ptrs, g1 gc, windows-amd64)
# No core dump will be written. Minidumps are not enabled by default on client versions of Windows
#

---------------  S U M M A R Y ------------

Command Line: org.jetbrains.kotlin.cli.jvm.K2JVMCompiler @C:\Users\santi\AndroidStudioProjects\Depov\app\build\20250410_6352637551162727448.compiler.options

Host: AMD Ryzen 3 3250U with Radeon Graphics         , 4 cores, 3G,  Windows 11 , 64 bit Build 26100 (10.0.26100.3775)
Time: Thu Apr 10 23:27:39 2025 Hora est. Pacífico, Sudamérica elapsed time: 40.242262 seconds (0d 0h 0m 40s)

---------------  T H R E A D  ---------------

Current thread (0x000001b5606ce9c0):  VMThread "VM Thread"          [id=12488, stack(0x0000004d2d200000,0x0000004d2d300000) (1024K)]

Stack: [0x0000004d2d200000,0x0000004d2d300000]
Native frames: (J=compiled Java code, j=interpreted, Vv=VM code, C=native code)
V  [jvm.dll+0x6cafb9]
V  [jvm.dll+0x858523]
V  [jvm.dll+0x85aa7e]
V  [jvm.dll+0x85b163]
V  [jvm.dll+0x27d356]
V  [jvm.dll+0x6c7865]
V  [jvm.dll+0x6bbd3a]
V  [jvm.dll+0x35199b]
V  [jvm.dll+0x3595d6]
V  [jvm.dll+0x3aa826]
V  [jvm.dll+0x3aaaf8]
V  [jvm.dll+0x3240bc]
V  [jvm.dll+0x324147]
V  [jvm.dll+0x36a00c]
V  [jvm.dll+0x36879e]
V  [jvm.dll+0x3237c1]
V  [jvm.dll+0x367eb0]
V  [jvm.dll+0x860ac8]
V  [jvm.dll+0x861bc4]
V  [jvm.dll+0x862100]
V  [jvm.dll+0x862393]
V  [jvm.dll+0x800d78]
V  [jvm.dll+0x6c98cd]
C  [ucrtbase.dll+0x37b0]
C  [KERNEL32.DLL+0x2e8d7]
C  [ntdll.dll+0xb14fc]

VM_Operation (0x0000004d2cbfd250): G1CollectForAllocation, mode: safepoint, requested by thread 0x000001b5606e2010


---------------  P R O C E S S  ---------------

Threads class SMR info:
_java_thread_list=0x000001b57ea718c0, length=11, elements={
0x000001b5606e2010, 0x000001b5782805a0, 0x000001b578006290, 0x000001b578280e70,
0x000001b5782834f0, 0x000001b578283f50, 0x000001b5782845c0, 0x000001b578285f70,
0x000001b578287750, 0x000001b5784311a0, 0x000001b578433820
}

Java Threads: ( => current thread )
  0x000001b5606e2010 JavaThread "main"                              [_thread_blocked, id=13528, stack(0x0000004d2cb00000,0x0000004d2cc00000) (1024K)]
  0x000001b5782805a0 JavaThread "Reference Handler"          daemon [_thread_blocked, id=6624, stack(0x0000004d2d300000,0x0000004d2d400000) (1024K)]
  0x000001b578006290 JavaThread "Finalizer"                  daemon [_thread_blocked, id=8788, stack(0x0000004d2d400000,0x0000004d2d500000) (1024K)]
  0x000001b578280e70 JavaThread "Signal Dispatcher"          daemon [_thread_blocked, id=5832, stack(0x0000004d2d500000,0x0000004d2d600000) (1024K)]
  0x000001b5782834f0 JavaThread "Attach Listener"            daemon [_thread_blocked, id=13160, stack(0x0000004d2d600000,0x0000004d2d700000) (1024K)]
  0x000001b578283f50 JavaThread "Service Thread"             daemon [_thread_blocked, id=12000, stack(0x0000004d2d700000,0x0000004d2d800000) (1024K)]
  0x000001b5782845c0 JavaThread "Monitor Deflation Thread"   daemon [_thread_blocked, id=14536, stack(0x0000004d2d800000,0x0000004d2d900000) (1024K)]
  0x000001b578285f70 JavaThread "C2 CompilerThread0"         daemon [_thread_blocked, id=10996, stack(0x0000004d2d900000,0x0000004d2da00000) (1024K)]
  0x000001b578287750 JavaThread "C1 CompilerThread0"         daemon [_thread_blocked, id=10428, stack(0x0000004d2da00000,0x0000004d2db00000) (1024K)]
  0x000001b5784311a0 JavaThread "Notification Thread"        daemon [_thread_blocked, id=12108, stack(0x0000004d2db00000,0x0000004d2dc00000) (1024K)]
  0x000001b578433820 JavaThread "Common-Cleaner"             daemon [_thread_blocked, id=14740, stack(0x0000004d2dc00000,0x0000004d2dd00000) (1024K)]
Total: 11

Other Threads:
=>0x000001b5606ce9c0 VMThread "VM Thread"                           [id=12488, stack(0x0000004d2d200000,0x0000004d2d300000) (1024K)]
  0x000001b577f3ca10 WatcherThread "VM Periodic Task Thread"        [id=2072, stack(0x0000004d2d100000,0x0000004d2d200000) (1024K)]
  0x000001b5606cf4a0 WorkerThread "GC Thread#0"                     [id=1376, stack(0x0000004d2cc00000,0x0000004d2cd00000) (1024K)]
  0x000001b5606cf100 WorkerThread "GC Thread#1"                     [id=12548, stack(0x0000004d2dd00000,0x0000004d2de00000) (1024K)]
  0x000001b5606cdee0 WorkerThread "GC Thread#2"                     [id=6908, stack(0x0000004d2de00000,0x0000004d2df00000) (1024K)]
  0x000001b5606ce280 WorkerThread "GC Thread#3"                     [id=12872, stack(0x0000004d2df00000,0x0000004d2e000000) (1024K)]
  0x000001b562953040 ConcurrentGCThread "G1 Main Marker"            [id=14840, stack(0x0000004d2cd00000,0x0000004d2ce00000) (1024K)]
  0x000001b5606ce620 WorkerThread "G1 Conc#0"                       [id=13964, stack(0x0000004d2ce00000,0x0000004d2cf00000) (1024K)]
  0x000001b5629a7070 ConcurrentGCThread "G1 Refine#0"               [id=12540, stack(0x0000004d2cf00000,0x0000004d2d000000) (1024K)]
  0x000001b5629a8a20 ConcurrentGCThread "G1 Service"                [id=15340, stack(0x0000004d2d000000,0x0000004d2d100000) (1024K)]
Total: 10

Threads with active compile tasks:
C2 CompilerThread0    40326 14517       4       org.jetbrains.kotlin.backend.jvm.lower.BridgeLowering::createBridges (1016 bytes)
Total: 1

VM state: at safepoint (normal execution)

VM Mutex/Monitor currently owned by a thread:  ([mutex/lock_event])
[0x00007ff93c0d20c8] Threads_lock - owner thread: 0x000001b5606ce9c0
[0x00007ff93c0d21c8] Heap_lock - owner thread: 0x000001b5606e2010

Heap address: 0x00000000c9400000, size: 876 MB, Compressed Oops mode: 32-bit

CDS archive(s) not mapped
Compressed class space mapped at: 0x0000000100000000-0x0000000140000000, reserved size: 1073741824
Narrow klass base: 0x0000000000000000, Narrow klass shift: 3, Narrow klass range: 0x140000000

GC Precious Log:
 CardTable entry size: 512
 Card Set container configuration: InlinePtr #cards 5 size 8 Array Of Cards #cards 12 size 40 Howl #buckets 4 coarsen threshold 1843 Howl Bitmap #cards 512 size 80 coarsen threshold 460 Card regions per heap region 1 cards per card region 2048
 CPUs: 4 total, 4 available
 Memory: 3503M
 Large Page Support: Disabled
 NUMA Support: Disabled
 Compressed Oops: Enabled (32-bit)
 Heap Region Size: 1M
 Heap Min Capacity: 8M
 Heap Initial Capacity: 56M
 Heap Max Capacity: 876M
 Pre-touch: Disabled
 Parallel Workers: 4
 Concurrent Workers: 1
 Concurrent Refinement Workers: 4
 Periodic GC: Disabled

Heap:
 garbage-first heap   total 132096K, used 74175K [0x00000000c9400000, 0x0000000100000000)
  region size 1024K, 2 young (2048K), 2 survivors (2048K)
 Metaspace       used 80214K, committed 80896K, reserved 1179648K
  class space    used 8550K, committed 8896K, reserved 1048576K

Heap Regions: E=young(eden), S=young(survivor), O=old, HS=humongous(starts), HC=humongous(continues), CS=collection set, F=free, TAMS=top-at-mark-start, PB=parsable bottom
|   0|0x00000000c9400000, 0x00000000c9500000, 0x00000000c9500000|100%|HS|  |TAMS 0x00000000c9400000| PB 0x00000000c9400000| Complete 
|   1|0x00000000c9500000, 0x00000000c9600000, 0x00000000c9600000|100%|HC|  |TAMS 0x00000000c9500000| PB 0x00000000c9500000| Complete 
|   2|0x00000000c9600000, 0x00000000c9700000, 0x00000000c9700000|100%|HC|  |TAMS 0x00000000c9600000| PB 0x00000000c9600000| Complete 
|   3|0x00000000c9700000, 0x00000000c9800000, 0x00000000c9800000|100%|HC|  |TAMS 0x00000000c9700000| PB 0x00000000c9700000| Complete 
|   4|0x00000000c9800000, 0x00000000c9900000, 0x00000000c9900000|100%| O|  |TAMS 0x00000000c9800000| PB 0x00000000c9800000| Untracked 
|   5|0x00000000c9900000, 0x00000000c9a00000, 0x00000000c9a00000|100%| O|  |TAMS 0x00000000c9900000| PB 0x00000000c9900000| Untracked 
|   6|0x00000000c9a00000, 0x00000000c9b00000, 0x00000000c9b00000|100%| O|  |TAMS 0x00000000c9a00000| PB 0x00000000c9a00000| Untracked 
|   7|0x00000000c9b00000, 0x00000000c9c00000, 0x00000000c9c00000|100%| O|  |TAMS 0x00000000c9b00000| PB 0x00000000c9b00000| Untracked 
|   8|0x00000000c9c00000, 0x00000000c9d00000, 0x00000000c9d00000|100%| O|  |TAMS 0x00000000c9c00000| PB 0x00000000c9c00000| Untracked 
|   9|0x00000000c9d00000, 0x00000000c9e00000, 0x00000000c9e00000|100%| O|  |TAMS 0x00000000c9d00000| PB 0x00000000c9d00000| Untracked 
|  10|0x00000000c9e00000, 0x00000000c9f00000, 0x00000000c9f00000|100%| O|  |TAMS 0x00000000c9e00000| PB 0x00000000c9e00000| Untracked 
|  11|0x00000000c9f00000, 0x00000000ca000000, 0x00000000ca000000|100%| O|  |TAMS 0x00000000c9f00000| PB 0x00000000c9f00000| Untracked 
|  12|0x00000000ca000000, 0x00000000ca100000, 0x00000000ca100000|100%| O|  |TAMS 0x00000000ca000000| PB 0x00000000ca000000| Untracked 
|  13|0x00000000ca100000, 0x00000000ca200000, 0x00000000ca200000|100%| O|  |TAMS 0x00000000ca100000| PB 0x00000000ca100000| Untracked 
|  14|0x00000000ca200000, 0x00000000ca300000, 0x00000000ca300000|100%| O|  |TAMS 0x00000000ca200000| PB 0x00000000ca200000| Untracked 
|  15|0x00000000ca300000, 0x00000000ca400000, 0x00000000ca400000|100%| O|  |TAMS 0x00000000ca300000| PB 0x00000000ca300000| Untracked 
|  16|0x00000000ca400000, 0x00000000ca500000, 0x00000000ca500000|100%| O|  |TAMS 0x00000000ca400000| PB 0x00000000ca400000| Untracked 
|  17|0x00000000ca500000, 0x00000000ca600000, 0x00000000ca600000|100%| O|  |TAMS 0x00000000ca500000| PB 0x00000000ca500000| Untracked 
|  18|0x00000000ca600000, 0x00000000ca700000, 0x00000000ca700000|100%| O|  |TAMS 0x00000000ca600000| PB 0x00000000ca600000| Untracked 
|  19|0x00000000ca700000, 0x00000000ca800000, 0x00000000ca800000|100%| O|  |TAMS 0x00000000ca700000| PB 0x00000000ca700000| Untracked 
|  20|0x00000000ca800000, 0x00000000ca900000, 0x00000000ca900000|100%| O|  |TAMS 0x00000000ca800000| PB 0x00000000ca800000| Untracked 
|  21|0x00000000ca900000, 0x00000000caa00000, 0x00000000caa00000|100%| O|  |TAMS 0x00000000ca900000| PB 0x00000000ca900000| Untracked 
|  22|0x00000000caa00000, 0x00000000cab00000, 0x00000000cab00000|100%|HS|  |TAMS 0x00000000caa00000| PB 0x00000000caa00000| Complete 
|  23|0x00000000cab00000, 0x00000000cac00000, 0x00000000cac00000|100%|HC|  |TAMS 0x00000000cab00000| PB 0x00000000cab00000| Complete 
|  24|0x00000000cac00000, 0x00000000cad00000, 0x00000000cad00000|100%| O|  |TAMS 0x00000000cac00000| PB 0x00000000cac00000| Untracked 
|  25|0x00000000cad00000, 0x00000000cae00000, 0x00000000cae00000|100%| O|  |TAMS 0x00000000cad00000| PB 0x00000000cad00000| Untracked 
|  26|0x00000000cae00000, 0x00000000caf00000, 0x00000000caf00000|100%| O|  |TAMS 0x00000000cae00000| PB 0x00000000cae00000| Untracked 
|  27|0x00000000caf00000, 0x00000000cb000000, 0x00000000cb000000|100%| O|  |TAMS 0x00000000caf00000| PB 0x00000000caf00000| Untracked 
|  28|0x00000000cb000000, 0x00000000cb100000, 0x00000000cb100000|100%| O|  |TAMS 0x00000000cb000000| PB 0x00000000cb000000| Untracked 
|  29|0x00000000cb100000, 0x00000000cb200000, 0x00000000cb200000|100%| O|  |TAMS 0x00000000cb100000| PB 0x00000000cb100000| Untracked 
|  30|0x00000000cb200000, 0x00000000cb300000, 0x00000000cb300000|100%| O|  |TAMS 0x00000000cb200000| PB 0x00000000cb200000| Untracked 
|  31|0x00000000cb300000, 0x00000000cb400000, 0x00000000cb400000|100%| O|  |TAMS 0x00000000cb300000| PB 0x00000000cb300000| Untracked 
|  32|0x00000000cb400000, 0x00000000cb500000, 0x00000000cb500000|100%| O|  |TAMS 0x00000000cb400000| PB 0x00000000cb400000| Untracked 
|  33|0x00000000cb500000, 0x00000000cb600000, 0x00000000cb600000|100%| O|  |TAMS 0x00000000cb500000| PB 0x00000000cb500000| Untracked 
|  34|0x00000000cb600000, 0x00000000cb700000, 0x00000000cb700000|100%| O|  |TAMS 0x00000000cb600000| PB 0x00000000cb600000| Untracked 
|  35|0x00000000cb700000, 0x00000000cb800000, 0x00000000cb800000|100%| O|  |TAMS 0x00000000cb700000| PB 0x00000000cb700000| Untracked 
|  36|0x00000000cb800000, 0x00000000cb900000, 0x00000000cb900000|100%| O|  |TAMS 0x00000000cb800000| PB 0x00000000cb800000| Untracked 
|  37|0x00000000cb900000, 0x00000000cba00000, 0x00000000cba00000|100%| O|  |TAMS 0x00000000cb900000| PB 0x00000000cb900000| Untracked 
|  38|0x00000000cba00000, 0x00000000cbb00000, 0x00000000cbb00000|100%| O|  |TAMS 0x00000000cba00000| PB 0x00000000cba00000| Untracked 
|  39|0x00000000cbb00000, 0x00000000cbc00000, 0x00000000cbc00000|100%| O|  |TAMS 0x00000000cbb00000| PB 0x00000000cbb00000| Untracked 
|  40|0x00000000cbc00000, 0x00000000cbd00000, 0x00000000cbd00000|100%| O|  |TAMS 0x00000000cbc00000| PB 0x00000000cbc00000| Untracked 
|  41|0x00000000cbd00000, 0x00000000cbe00000, 0x00000000cbe00000|100%| O|  |TAMS 0x00000000cbd00000| PB 0x00000000cbd00000| Untracked 
|  42|0x00000000cbe00000, 0x00000000cbf00000, 0x00000000cbf00000|100%| O|  |TAMS 0x00000000cbe00000| PB 0x00000000cbe00000| Untracked 
|  43|0x00000000cbf00000, 0x00000000cc000000, 0x00000000cc000000|100%| O|  |TAMS 0x00000000cbf00000| PB 0x00000000cbf00000| Untracked 
|  44|0x00000000cc000000, 0x00000000cc100000, 0x00000000cc100000|100%| O|  |TAMS 0x00000000cc000000| PB 0x00000000cc000000| Untracked 
|  45|0x00000000cc100000, 0x00000000cc200000, 0x00000000cc200000|100%| O|  |TAMS 0x00000000cc100000| PB 0x00000000cc100000| Untracked 
|  46|0x00000000cc200000, 0x00000000cc300000, 0x00000000cc300000|100%| O|  |TAMS 0x00000000cc200000| PB 0x00000000cc200000| Untracked 
|  47|0x00000000cc300000, 0x00000000cc400000, 0x00000000cc400000|100%| O|  |TAMS 0x00000000cc300000| PB 0x00000000cc300000| Untracked 
|  48|0x00000000cc400000, 0x00000000cc500000, 0x00000000cc500000|100%| O|  |TAMS 0x00000000cc400000| PB 0x00000000cc400000| Untracked 
|  49|0x00000000cc500000, 0x00000000cc600000, 0x00000000cc600000|100%| O|  |TAMS 0x00000000cc500000| PB 0x00000000cc500000| Untracked 
|  50|0x00000000cc600000, 0x00000000cc700000, 0x00000000cc700000|100%| O|  |TAMS 0x00000000cc600000| PB 0x00000000cc600000| Untracked 
|  51|0x00000000cc700000, 0x00000000cc800000, 0x00000000cc800000|100%| O|  |TAMS 0x00000000cc700000| PB 0x00000000cc700000| Untracked 
|  52|0x00000000cc800000, 0x00000000cc900000, 0x00000000cc900000|100%| O|Cm|TAMS 0x00000000cc800000| PB 0x00000000cc800000| Complete 
|  53|0x00000000cc900000, 0x00000000cca00000, 0x00000000cca00000|100%| O|  |TAMS 0x00000000cc900000| PB 0x00000000cc900000| Untracked 
|  54|0x00000000cca00000, 0x00000000ccb00000, 0x00000000ccb00000|100%| O|  |TAMS 0x00000000cca00000| PB 0x00000000cca00000| Untracked 
|  55|0x00000000ccb00000, 0x00000000ccc00000, 0x00000000ccc00000|100%| O|  |TAMS 0x00000000ccb00000| PB 0x00000000ccb00000| Untracked 
|  56|0x00000000ccc00000, 0x00000000ccd00000, 0x00000000ccd00000|100%| O|  |TAMS 0x00000000ccc00000| PB 0x00000000ccc00000| Untracked 
|  57|0x00000000ccd00000, 0x00000000cce00000, 0x00000000cce00000|100%| O|  |TAMS 0x00000000ccd00000| PB 0x00000000ccd00000| Untracked 
|  58|0x00000000cce00000, 0x00000000ccf00000, 0x00000000ccf00000|100%| O|Cm|TAMS 0x00000000cce00000| PB 0x00000000cce00000| Complete 
|  59|0x00000000ccf00000, 0x00000000cd000000, 0x00000000cd000000|100%| O|  |TAMS 0x00000000ccf00000| PB 0x00000000ccf00000| Untracked 
|  60|0x00000000cd000000, 0x00000000cd100000, 0x00000000cd100000|100%| O|  |TAMS 0x00000000cd000000| PB 0x00000000cd000000| Untracked 
|  61|0x00000000cd100000, 0x00000000cd200000, 0x00000000cd200000|100%| O|  |TAMS 0x00000000cd100000| PB 0x00000000cd100000| Untracked 
|  62|0x00000000cd200000, 0x00000000cd300000, 0x00000000cd300000|100%| O|  |TAMS 0x00000000cd200000| PB 0x00000000cd200000| Untracked 
|  63|0x00000000cd300000, 0x00000000cd400000, 0x00000000cd400000|100%| O|  |TAMS 0x00000000cd300000| PB 0x00000000cd300000| Untracked 
|  64|0x00000000cd400000, 0x00000000cd500000, 0x00000000cd500000|100%| O|  |TAMS 0x00000000cd400000| PB 0x00000000cd400000| Untracked 
|  65|0x00000000cd500000, 0x00000000cd600000, 0x00000000cd600000|100%| O|  |TAMS 0x00000000cd500000| PB 0x00000000cd500000| Untracked 
|  66|0x00000000cd600000, 0x00000000cd700000, 0x00000000cd700000|100%| O|  |TAMS 0x00000000cd600000| PB 0x00000000cd600000| Untracked 
|  67|0x00000000cd700000, 0x00000000cd7f1bc0, 0x00000000cd800000| 94%| O|  |TAMS 0x00000000cd700000| PB 0x00000000cd700000| Untracked 
|  68|0x00000000cd800000, 0x00000000cd800000, 0x00000000cd900000|  0%| F|  |TAMS 0x00000000cd800000| PB 0x00000000cd800000| Untracked 
|  69|0x00000000cd900000, 0x00000000cd900000, 0x00000000cda00000|  0%| F|  |TAMS 0x00000000cd900000| PB 0x00000000cd900000| Untracked 
|  70|0x00000000cda00000, 0x00000000cda00000, 0x00000000cdb00000|  0%| F|  |TAMS 0x00000000cda00000| PB 0x00000000cda00000| Untracked 
|  71|0x00000000cdb00000, 0x00000000cdb00000, 0x00000000cdc00000|  0%| F|  |TAMS 0x00000000cdb00000| PB 0x00000000cdb00000| Untracked 
|  72|0x00000000cdc00000, 0x00000000cdc00000, 0x00000000cdd00000|  0%| F|  |TAMS 0x00000000cdc00000| PB 0x00000000cdc00000| Untracked 
|  73|0x00000000cdd00000, 0x00000000cdd00000, 0x00000000cde00000|  0%| F|  |TAMS 0x00000000cdd00000| PB 0x00000000cdd00000| Untracked 
|  74|0x00000000cde00000, 0x00000000cde00000, 0x00000000cdf00000|  0%| F|  |TAMS 0x00000000cde00000| PB 0x00000000cde00000| Untracked 
|  75|0x00000000cdf00000, 0x00000000cdf00000, 0x00000000ce000000|  0%| F|  |TAMS 0x00000000cdf00000| PB 0x00000000cdf00000| Untracked 
|  76|0x00000000ce000000, 0x00000000ce000000, 0x00000000ce100000|  0%| F|  |TAMS 0x00000000ce000000| PB 0x00000000ce000000| Untracked 
|  77|0x00000000ce100000, 0x00000000ce100000, 0x00000000ce200000|  0%| F|  |TAMS 0x00000000ce100000| PB 0x00000000ce100000| Untracked 
|  78|0x00000000ce200000, 0x00000000ce200000, 0x00000000ce300000|  0%| F|  |TAMS 0x00000000ce200000| PB 0x00000000ce200000| Untracked 
|  79|0x00000000ce300000, 0x00000000ce300000, 0x00000000ce400000|  0%| F|  |TAMS 0x00000000ce300000| PB 0x00000000ce300000| Untracked 
|  80|0x00000000ce400000, 0x00000000ce400000, 0x00000000ce500000|  0%| F|  |TAMS 0x00000000ce400000| PB 0x00000000ce400000| Untracked 
|  81|0x00000000ce500000, 0x00000000ce500000, 0x00000000ce600000|  0%| F|  |TAMS 0x00000000ce500000| PB 0x00000000ce500000| Untracked 
|  82|0x00000000ce600000, 0x00000000ce600000, 0x00000000ce700000|  0%| F|  |TAMS 0x00000000ce600000| PB 0x00000000ce600000| Untracked 
|  83|0x00000000ce700000, 0x00000000ce700000, 0x00000000ce800000|  0%| F|  |TAMS 0x00000000ce700000| PB 0x00000000ce700000| Untracked 
|  84|0x00000000ce800000, 0x00000000ce800000, 0x00000000ce900000|  0%| F|  |TAMS 0x00000000ce800000| PB 0x00000000ce800000| Untracked 
|  85|0x00000000ce900000, 0x00000000ce900000, 0x00000000cea00000|  0%| F|  |TAMS 0x00000000ce900000| PB 0x00000000ce900000| Untracked 
|  86|0x00000000cea00000, 0x00000000cea00000, 0x00000000ceb00000|  0%| F|  |TAMS 0x00000000cea00000| PB 0x00000000cea00000| Untracked 
|  87|0x00000000ceb00000, 0x00000000ceb00000, 0x00000000cec00000|  0%| F|  |TAMS 0x00000000ceb00000| PB 0x00000000ceb00000| Untracked 
|  88|0x00000000cec00000, 0x00000000cec00000, 0x00000000ced00000|  0%| F|  |TAMS 0x00000000cec00000| PB 0x00000000cec00000| Untracked 
|  89|0x00000000ced00000, 0x00000000ced00000, 0x00000000cee00000|  0%| F|  |TAMS 0x00000000ced00000| PB 0x00000000ced00000| Untracked 
|  90|0x00000000cee00000, 0x00000000cee00000, 0x00000000cef00000|  0%| F|  |TAMS 0x00000000cee00000| PB 0x00000000cee00000| Untracked 
|  91|0x00000000cef00000, 0x00000000cef7e158, 0x00000000cf000000| 49%| S|CS|TAMS 0x00000000cef00000| PB 0x00000000cef00000| Complete 
|  92|0x00000000cf000000, 0x00000000cf100000, 0x00000000cf100000|100%| S|CS|TAMS 0x00000000cf000000| PB 0x00000000cf000000| Complete 
|  93|0x00000000cf100000, 0x00000000cf100000, 0x00000000cf200000|  0%| F|  |TAMS 0x00000000cf100000| PB 0x00000000cf100000| Untracked 
|  94|0x00000000cf200000, 0x00000000cf200000, 0x00000000cf300000|  0%| F|  |TAMS 0x00000000cf200000| PB 0x00000000cf200000| Untracked 
|  95|0x00000000cf300000, 0x00000000cf300000, 0x00000000cf400000|  0%| F|  |TAMS 0x00000000cf300000| PB 0x00000000cf300000| Untracked 
|  96|0x00000000cf400000, 0x00000000cf400000, 0x00000000cf500000|  0%| F|  |TAMS 0x00000000cf400000| PB 0x00000000cf400000| Untracked 
|  97|0x00000000cf500000, 0x00000000cf500000, 0x00000000cf600000|  0%| F|  |TAMS 0x00000000cf500000| PB 0x00000000cf500000| Untracked 
|  98|0x00000000cf600000, 0x00000000cf600000, 0x00000000cf700000|  0%| F|  |TAMS 0x00000000cf600000| PB 0x00000000cf600000| Untracked 
|  99|0x00000000cf700000, 0x00000000cf700000, 0x00000000cf800000|  0%| F|  |TAMS 0x00000000cf700000| PB 0x00000000cf700000| Untracked 
| 100|0x00000000cf800000, 0x00000000cf800000, 0x00000000cf900000|  0%| F|  |TAMS 0x00000000cf800000| PB 0x00000000cf800000| Untracked 
| 101|0x00000000cf900000, 0x00000000cf900000, 0x00000000cfa00000|  0%| F|  |TAMS 0x00000000cf900000| PB 0x00000000cf900000| Untracked 
| 102|0x00000000cfa00000, 0x00000000cfa00000, 0x00000000cfb00000|  0%| F|  |TAMS 0x00000000cfa00000| PB 0x00000000cfa00000| Untracked 
| 103|0x00000000cfb00000, 0x00000000cfb00000, 0x00000000cfc00000|  0%| F|  |TAMS 0x00000000cfb00000| PB 0x00000000cfb00000| Untracked 
| 104|0x00000000cfc00000, 0x00000000cfc00000, 0x00000000cfd00000|  0%| F|  |TAMS 0x00000000cfc00000| PB 0x00000000cfc00000| Untracked 
| 105|0x00000000cfd00000, 0x00000000cfd00000, 0x00000000cfe00000|  0%| F|  |TAMS 0x00000000cfd00000| PB 0x00000000cfd00000| Untracked 
| 106|0x00000000cfe00000, 0x00000000cfe00000, 0x00000000cff00000|  0%| F|  |TAMS 0x00000000cfe00000| PB 0x00000000cfe00000| Untracked 
| 107|0x00000000cff00000, 0x00000000cff00000, 0x00000000d0000000|  0%| F|  |TAMS 0x00000000cff00000| PB 0x00000000cff00000| Untracked 
| 108|0x00000000d0000000, 0x00000000d0000000, 0x00000000d0100000|  0%| F|  |TAMS 0x00000000d0000000| PB 0x00000000d0000000| Untracked 
| 109|0x00000000d0100000, 0x00000000d0100000, 0x00000000d0200000|  0%| F|  |TAMS 0x00000000d0100000| PB 0x00000000d0100000| Untracked 
| 110|0x00000000d0200000, 0x00000000d0200000, 0x00000000d0300000|  0%| F|  |TAMS 0x00000000d0200000| PB 0x00000000d0200000| Untracked 
| 111|0x00000000d0300000, 0x00000000d0300000, 0x00000000d0400000|  0%| F|  |TAMS 0x00000000d0300000| PB 0x00000000d0300000| Untracked 
| 112|0x00000000d0400000, 0x00000000d0400000, 0x00000000d0500000|  0%| F|  |TAMS 0x00000000d0400000| PB 0x00000000d0400000| Untracked 
| 113|0x00000000d0500000, 0x00000000d0500000, 0x00000000d0600000|  0%| F|  |TAMS 0x00000000d0500000| PB 0x00000000d0500000| Untracked 
| 114|0x00000000d0600000, 0x00000000d0600000, 0x00000000d0700000|  0%| F|  |TAMS 0x00000000d0600000| PB 0x00000000d0600000| Untracked 
| 115|0x00000000d0700000, 0x00000000d0700000, 0x00000000d0800000|  0%| F|  |TAMS 0x00000000d0700000| PB 0x00000000d0700000| Untracked 
| 116|0x00000000d0800000, 0x00000000d0800000, 0x00000000d0900000|  0%| F|  |TAMS 0x00000000d0800000| PB 0x00000000d0800000| Untracked 
| 117|0x00000000d0900000, 0x00000000d0900000, 0x00000000d0a00000|  0%| F|  |TAMS 0x00000000d0900000| PB 0x00000000d0900000| Untracked 
| 118|0x00000000d0a00000, 0x00000000d0a00000, 0x00000000d0b00000|  0%| F|  |TAMS 0x00000000d0a00000| PB 0x00000000d0a00000| Untracked 
| 119|0x00000000d0b00000, 0x00000000d0b00000, 0x00000000d0c00000|  0%| F|  |TAMS 0x00000000d0b00000| PB 0x00000000d0b00000| Untracked 
| 120|0x00000000d0c00000, 0x00000000d0c00000, 0x00000000d0d00000|  0%| F|  |TAMS 0x00000000d0c00000| PB 0x00000000d0c00000| Untracked 
| 121|0x00000000d0d00000, 0x00000000d0d00000, 0x00000000d0e00000|  0%| F|  |TAMS 0x00000000d0d00000| PB 0x00000000d0d00000| Untracked 
| 122|0x00000000d0e00000, 0x00000000d0e00000, 0x00000000d0f00000|  0%| F|  |TAMS 0x00000000d0e00000| PB 0x00000000d0e00000| Untracked 
| 123|0x00000000d0f00000, 0x00000000d0f00000, 0x00000000d1000000|  0%| F|  |TAMS 0x00000000d0f00000| PB 0x00000000d0f00000| Untracked 
| 124|0x00000000d1000000, 0x00000000d1000000, 0x00000000d1100000|  0%| F|  |TAMS 0x00000000d1000000| PB 0x00000000d1000000| Untracked 
| 125|0x00000000d1100000, 0x00000000d1100000, 0x00000000d1200000|  0%| F|  |TAMS 0x00000000d1100000| PB 0x00000000d1100000| Untracked 
| 873|0x00000000ffd00000, 0x00000000ffe00000, 0x00000000ffe00000|100%| O|  |TAMS 0x00000000ffd00000| PB 0x00000000ffd00000| Untracked 
| 874|0x00000000ffe00000, 0x00000000fff00000, 0x00000000fff00000|100%| O|  |TAMS 0x00000000ffe00000| PB 0x00000000ffe00000| Untracked 
| 875|0x00000000fff00000, 0x0000000100000000, 0x0000000100000000|100%| O|  |TAMS 0x00000000fff00000| PB 0x00000000fff00000| Untracked 

Card table byte_map: [0x000001b574a60000,0x000001b574c20000] _byte_map_base: 0x000001b574416000

Marking Bits: (CMBitMap*) 0x000001b56294b1d0
 Bits: [0x000001b574c20000, 0x000001b5759d0000)

Polling page: 0x000001b560810000

Metaspace:

Usage:
  Non-class:     69.98 MB used.
      Class:      8.35 MB used.
       Both:     78.33 MB used.

Virtual space:
  Non-class space:      128.00 MB reserved,      70.31 MB ( 55%) committed,  2 nodes.
      Class space:        1.00 GB reserved,       8.69 MB ( <1%) committed,  1 nodes.
             Both:        1.12 GB reserved,      79.00 MB (  7%) committed. 

Chunk freelists:
   Non-Class:  8.88 MB
       Class:  7.31 MB
        Both:  16.19 MB

MaxMetaspaceSize: unlimited
CompressedClassSpaceSize: 1.00 GB
Initial GC threshold: 21.00 MB
Current GC threshold: 130.94 MB
CDS: off
 - commit_granule_bytes: 65536.
 - commit_granule_words: 8192.
 - virtual_space_node_default_size: 8388608.
 - enlarge_chunks_in_place: 1.
 - use_allocation_guard: 0.


Internal statistics:

num_allocs_failed_limit: 6.
num_arena_births: 1300.
num_arena_deaths: 0.
num_vsnodes_births: 3.
num_vsnodes_deaths: 0.
num_space_committed: 1262.
num_space_uncommitted: 0.
num_chunks_returned_to_freelist: 6.
num_chunks_taken_from_freelist: 3975.
num_chunk_merges: 6.
num_chunk_splits: 3105.
num_chunks_enlarged: 2532.
num_inconsistent_stats: 0.

CodeHeap 'non-profiled nmethods': size=120000Kb used=7291Kb max_used=7784Kb free=112708Kb
 bounds [0x000001b56d530000, 0x000001b56dcd0000, 0x000001b574a60000]
CodeHeap 'profiled nmethods': size=120000Kb used=36932Kb max_used=39385Kb free=83067Kb
 bounds [0x000001b565a60000, 0x000001b5680e0000, 0x000001b56cf90000]
CodeHeap 'non-nmethods': size=5760Kb used=1778Kb max_used=1778Kb free=3981Kb
 bounds [0x000001b56cf90000, 0x000001b56d200000, 0x000001b56d530000]
 total_blobs=13130 nmethods=12366 adapters=660
 compilation: enabled
              stopped_count=0, restarted_count=0
 full_count=0

Compilation events (20 events):
Event: 40.170 Thread 0x000001b578287750 14813       2       org.jetbrains.kotlin.backend.jvm.lower.UniqueLoopLabelsLowering$lower$1::visitBranch (13 bytes)
Event: 40.170 Thread 0x000001b578287750 nmethod 14813 0x000001b565f9fc90 code [0x000001b565f9fe80, 0x000001b565fa01b0]
Event: 40.170 Thread 0x000001b578287750 14814       2       org.jetbrains.kotlin.backend.jvm.lower.UniqueLoopLabelsLowering$lower$1::visitBranch (8 bytes)
Event: 40.171 Thread 0x000001b578287750 nmethod 14814 0x000001b56715c010 code [0x000001b56715c200, 0x000001b56715c4f8]
Event: 40.171 Thread 0x000001b578287750 14812       2       org.jetbrains.kotlin.backend.jvm.lower.UniqueLoopLabelsLowering$lower$1::visitTypeOperator (8 bytes)
Event: 40.172 Thread 0x000001b578287750 nmethod 14812 0x000001b5660fb890 code [0x000001b5660fbac0, 0x000001b5660fbef0]
Event: 40.172 Thread 0x000001b578287750 14820       2       org.jetbrains.kotlin.ir.util.DeepCopySymbolRemapper::<init> (19 bytes)
Event: 40.172 Thread 0x000001b578287750 nmethod 14820 0x000001b566a28a90 code [0x000001b566a28c40, 0x000001b566a28d78]
Event: 40.172 Thread 0x000001b578287750 14815       2       org.jetbrains.kotlin.backend.jvm.lower.UniqueLoopLabelsLowering$lower$1::visitBlock (13 bytes)
Event: 40.173 Thread 0x000001b578287750 nmethod 14815 0x000001b5663dae10 code [0x000001b5663db020, 0x000001b5663db380]
Event: 40.173 Thread 0x000001b578287750 14821       3       org.jetbrains.kotlin.ir.declarations.impl.IrFieldImpl::getParent (17 bytes)
Event: 40.174 Thread 0x000001b578287750 nmethod 14821 0x000001b566660d10 code [0x000001b566660fa0, 0x000001b566661958]
Event: 40.174 Thread 0x000001b578287750 14816       2       org.jetbrains.kotlin.backend.jvm.lower.UniqueLoopLabelsLowering$lower$1::visitBlock (8 bytes)
Event: 40.174 Thread 0x000001b578287750 nmethod 14816 0x000001b5660fad10 code [0x000001b5660faf40, 0x000001b5660fb370]
Event: 40.175 Thread 0x000001b578287750 14817       1       org.jetbrains.kotlin.ir.declarations.impl.IrTypeParameterImpl::getName (5 bytes)
Event: 40.175 Thread 0x000001b578287750 nmethod 14817 0x000001b56d6ec690 code [0x000001b56d6ec820, 0x000001b56d6ec8e8]
Event: 40.175 Thread 0x000001b578287750 14818       1       org.jetbrains.kotlin.ir.expressions.impl.IrBlockImpl::getStartOffset (5 bytes)
Event: 40.175 Thread 0x000001b578287750 nmethod 14818 0x000001b56d6ec390 code [0x000001b56d6ec520, 0x000001b56d6ec5e8]
Event: 40.175 Thread 0x000001b578287750 14819       2       org.jetbrains.kotlin.backend.common.BodyLoweringVisitor::visitSetField (13 bytes)
Event: 40.176 Thread 0x000001b578287750 nmethod 14819 0x000001b566660410 code [0x000001b566660620, 0x000001b566660a60]

GC Heap History (20 events):
Event: 20.546 GC heap after
{Heap after GC invocations=26 (full 0):
 garbage-first heap   total 79872K, used 49723K [0x00000000c9400000, 0x0000000100000000)
  region size 1024K, 1 young (1024K), 1 survivors (1024K)
 Metaspace       used 58454K, committed 59200K, reserved 1114112K
  class space    used 6775K, committed 7168K, reserved 1048576K
}
Event: 22.141 GC heap before
{Heap before GC invocations=27 (full 0):
 garbage-first heap   total 99328K, used 72251K [0x00000000c9400000, 0x0000000100000000)
  region size 1024K, 23 young (23552K), 1 survivors (1024K)
 Metaspace       used 59630K, committed 60416K, reserved 1114112K
  class space    used 6802K, committed 7168K, reserved 1048576K
}
Event: 22.155 GC heap after
{Heap after GC invocations=28 (full 0):
 garbage-first heap   total 99328K, used 52169K [0x00000000c9400000, 0x0000000100000000)
  region size 1024K, 3 young (3072K), 3 survivors (3072K)
 Metaspace       used 59630K, committed 60416K, reserved 1114112K
  class space    used 6802K, committed 7168K, reserved 1048576K
}
Event: 25.987 GC heap before
{Heap before GC invocations=28 (full 0):
 garbage-first heap   total 99328K, used 84937K [0x00000000c9400000, 0x0000000100000000)
  region size 1024K, 35 young (35840K), 3 survivors (3072K)
 Metaspace       used 61216K, committed 61952K, reserved 1114112K
  class space    used 6853K, committed 7232K, reserved 1048576K
}
Event: 26.010 GC heap after
{Heap after GC invocations=29 (full 0):
 garbage-first heap   total 99328K, used 56818K [0x00000000c9400000, 0x0000000100000000)
  region size 1024K, 5 young (5120K), 5 survivors (5120K)
 Metaspace       used 61216K, committed 61952K, reserved 1114112K
  class space    used 6853K, committed 7232K, reserved 1048576K
}
Event: 28.201 GC heap before
{Heap before GC invocations=29 (full 0):
 garbage-first heap   total 99328K, used 86514K [0x00000000c9400000, 0x0000000100000000)
  region size 1024K, 34 young (34816K), 5 survivors (5120K)
 Metaspace       used 61598K, committed 62336K, reserved 1114112K
  class space    used 6865K, committed 7232K, reserved 1048576K
}
Event: 28.221 GC heap after
{Heap after GC invocations=30 (full 0):
 garbage-first heap   total 99328K, used 58753K [0x00000000c9400000, 0x0000000100000000)
  region size 1024K, 3 young (3072K), 3 survivors (3072K)
 Metaspace       used 61598K, committed 62336K, reserved 1114112K
  class space    used 6865K, committed 7232K, reserved 1048576K
}
Event: 30.618 GC heap before
{Heap before GC invocations=31 (full 0):
 garbage-first heap   total 101376K, used 88449K [0x00000000c9400000, 0x0000000100000000)
  region size 1024K, 32 young (32768K), 3 survivors (3072K)
 Metaspace       used 63510K, committed 64256K, reserved 1114112K
  class space    used 7062K, committed 7424K, reserved 1048576K
}
Event: 30.634 GC heap after
{Heap after GC invocations=32 (full 0):
 garbage-first heap   total 101376K, used 60810K [0x00000000c9400000, 0x0000000100000000)
  region size 1024K, 2 young (2048K), 2 survivors (2048K)
 Metaspace       used 63510K, committed 64256K, reserved 1114112K
  class space    used 7062K, committed 7424K, reserved 1048576K
}
Event: 32.469 GC heap before
{Heap before GC invocations=32 (full 0):
 garbage-first heap   total 101376K, used 91530K [0x00000000c9400000, 0x0000000100000000)
  region size 1024K, 32 young (32768K), 2 survivors (2048K)
 Metaspace       used 68528K, committed 69312K, reserved 1114112K
  class space    used 7509K, committed 7872K, reserved 1048576K
}
Event: 32.491 GC heap after
{Heap after GC invocations=33 (full 0):
 garbage-first heap   total 101376K, used 62983K [0x00000000c9400000, 0x0000000100000000)
  region size 1024K, 4 young (4096K), 4 survivors (4096K)
 Metaspace       used 68528K, committed 69312K, reserved 1114112K
  class space    used 7509K, committed 7872K, reserved 1048576K
}
Event: 34.801 GC heap before
{Heap before GC invocations=33 (full 0):
 garbage-first heap   total 101376K, used 90631K [0x00000000c9400000, 0x0000000100000000)
  region size 1024K, 31 young (31744K), 4 survivors (4096K)
 Metaspace       used 70763K, committed 71552K, reserved 1114112K
  class space    used 7754K, committed 8128K, reserved 1048576K
}
Event: 34.833 GC heap after
{Heap after GC invocations=34 (full 0):
 garbage-first heap   total 101376K, used 67713K [0x00000000c9400000, 0x0000000100000000)
  region size 1024K, 4 young (4096K), 4 survivors (4096K)
 Metaspace       used 70763K, committed 71552K, reserved 1114112K
  class space    used 7754K, committed 8128K, reserved 1048576K
}
Event: 36.321 GC heap before
{Heap before GC invocations=35 (full 0):
 garbage-first heap   total 117760K, used 89217K [0x00000000c9400000, 0x0000000100000000)
  region size 1024K, 25 young (25600K), 4 survivors (4096K)
 Metaspace       used 75131K, committed 75904K, reserved 1179648K
  class space    used 8127K, committed 8512K, reserved 1048576K
}
Event: 36.339 GC heap after
{Heap after GC invocations=36 (full 0):
 garbage-first heap   total 117760K, used 68979K [0x00000000c9400000, 0x0000000100000000)
  region size 1024K, 1 young (1024K), 1 survivors (1024K)
 Metaspace       used 75131K, committed 75904K, reserved 1179648K
  class space    used 8127K, committed 8512K, reserved 1048576K
}
Event: 37.550 GC heap before
{Heap before GC invocations=36 (full 0):
 garbage-first heap   total 117760K, used 104819K [0x00000000c9400000, 0x0000000100000000)
  region size 1024K, 37 young (37888K), 1 survivors (1024K)
 Metaspace       used 79008K, committed 79808K, reserved 1179648K
  class space    used 8490K, committed 8896K, reserved 1048576K
}
Event: 37.572 GC heap after
{Heap after GC invocations=37 (full 0):
 garbage-first heap   total 117760K, used 72069K [0x00000000c9400000, 0x0000000100000000)
  region size 1024K, 5 young (5120K), 5 survivors (5120K)
 Metaspace       used 79008K, committed 79808K, reserved 1179648K
  class space    used 8490K, committed 8896K, reserved 1048576K
}
Event: 38.745 GC heap before
{Heap before GC invocations=37 (full 0):
 garbage-first heap   total 117760K, used 104837K [0x00000000c9400000, 0x0000000100000000)
  region size 1024K, 37 young (37888K), 5 survivors (5120K)
 Metaspace       used 79703K, committed 80448K, reserved 1179648K
  class space    used 8509K, committed 8896K, reserved 1048576K
}
Event: 38.770 GC heap after
{Heap after GC invocations=38 (full 0):
 garbage-first heap   total 117760K, used 73487K [0x00000000c9400000, 0x0000000100000000)
  region size 1024K, 1 young (1024K), 1 survivors (1024K)
 Metaspace       used 79703K, committed 80448K, reserved 1179648K
  class space    used 8509K, committed 8896K, reserved 1048576K
}
Event: 40.179 GC heap before
{Heap before GC invocations=39 (full 0):
 garbage-first heap   total 132096K, used 107279K [0x00000000c9400000, 0x0000000100000000)
  region size 1024K, 34 young (34816K), 1 survivors (1024K)
 Metaspace       used 80214K, committed 80896K, reserved 1179648K
  class space    used 8550K, committed 8896K, reserved 1048576K
}

Dll operation events (3 events):
Event: 0.063 Loaded shared library C:\Program Files\Android\Android Studio\jbr\bin\java.dll
Event: 0.102 Loaded shared library C:\Program Files\Android\Android Studio\jbr\bin\zip.dll
Event: 5.752 Loaded shared library C:\Program Files\Android\Android Studio\jbr\bin\verify.dll

Deoptimization events (20 events):
Event: 39.994 Thread 0x000001b5606e2010 Uncommon trap: trap_request=0xffffffc6 fr.pc=0x000001b56dcac81c relative=0x000000000000101c
Event: 39.994 Thread 0x000001b5606e2010 Uncommon trap: reason=bimorphic_or_optimized_type_check action=maybe_recompile pc=0x000001b56dcac81c method=org.jetbrains.kotlin.backend.common.DeclarationTransformer$Visitor.visitFunction(Lorg/jetbrains/kotlin/ir/declarations/IrFunction;)V @ 21 c2
Event: 39.994 Thread 0x000001b5606e2010 DEOPT PACKING pc=0x000001b56dcac81c sp=0x0000004d2cbfc5a0
Event: 39.994 Thread 0x000001b5606e2010 DEOPT UNPACKING pc=0x000001b56cfe46a2 sp=0x0000004d2cbfc568 mode 2
Event: 39.994 Thread 0x000001b5606e2010 Uncommon trap: trap_request=0xffffffc6 fr.pc=0x000001b56dcac81c relative=0x000000000000101c
Event: 39.994 Thread 0x000001b5606e2010 Uncommon trap: reason=bimorphic_or_optimized_type_check action=maybe_recompile pc=0x000001b56dcac81c method=org.jetbrains.kotlin.backend.common.DeclarationTransformer$Visitor.visitFunction(Lorg/jetbrains/kotlin/ir/declarations/IrFunction;)V @ 21 c2
Event: 39.994 Thread 0x000001b5606e2010 DEOPT PACKING pc=0x000001b56dcac81c sp=0x0000004d2cbfc8a0
Event: 39.994 Thread 0x000001b5606e2010 DEOPT UNPACKING pc=0x000001b56cfe46a2 sp=0x0000004d2cbfc868 mode 2
Event: 39.994 Thread 0x000001b5606e2010 Uncommon trap: trap_request=0xffffffde fr.pc=0x000001b56dca8124 relative=0x0000000000001b04
Event: 39.994 Thread 0x000001b5606e2010 Uncommon trap: reason=class_check action=maybe_recompile pc=0x000001b56dca8124 method=org.jetbrains.kotlin.backend.common.lower.DefaultArgumentFunctionFactory.findBaseFunctionWithDefaultArgumentsFor$dfsImpl(Lorg/jetbrains/kotlin/ir/declarations/IrFunction
Event: 39.994 Thread 0x000001b5606e2010 DEOPT PACKING pc=0x000001b56dca8124 sp=0x0000004d2cbfba80
Event: 39.994 Thread 0x000001b5606e2010 DEOPT UNPACKING pc=0x000001b56cfe46a2 sp=0x0000004d2cbfba38 mode 2
Event: 40.030 Thread 0x000001b5606e2010 Uncommon trap: trap_request=0xffffffc6 fr.pc=0x000001b56dcac81c relative=0x000000000000101c
Event: 40.030 Thread 0x000001b5606e2010 Uncommon trap: reason=bimorphic_or_optimized_type_check action=maybe_recompile pc=0x000001b56dcac81c method=org.jetbrains.kotlin.backend.common.DeclarationTransformer$Visitor.visitFunction(Lorg/jetbrains/kotlin/ir/declarations/IrFunction;)V @ 21 c2
Event: 40.030 Thread 0x000001b5606e2010 DEOPT PACKING pc=0x000001b56dcac81c sp=0x0000004d2cbfc5a0
Event: 40.030 Thread 0x000001b5606e2010 DEOPT UNPACKING pc=0x000001b56cfe46a2 sp=0x0000004d2cbfc568 mode 2
Event: 40.030 Thread 0x000001b5606e2010 Uncommon trap: trap_request=0xffffffc6 fr.pc=0x000001b56dcac81c relative=0x000000000000101c
Event: 40.030 Thread 0x000001b5606e2010 Uncommon trap: reason=bimorphic_or_optimized_type_check action=maybe_recompile pc=0x000001b56dcac81c method=org.jetbrains.kotlin.backend.common.DeclarationTransformer$Visitor.visitFunction(Lorg/jetbrains/kotlin/ir/declarations/IrFunction;)V @ 21 c2
Event: 40.030 Thread 0x000001b5606e2010 DEOPT PACKING pc=0x000001b56dcac81c sp=0x0000004d2cbfc8a0
Event: 40.030 Thread 0x000001b5606e2010 DEOPT UNPACKING pc=0x000001b56cfe46a2 sp=0x0000004d2cbfc868 mode 2

Classes loaded (20 events):
Event: 30.381 Loading class jdk/internal/reflect/MethodHandleBooleanFieldAccessorImpl
Event: 30.383 Loading class jdk/internal/reflect/MethodHandleBooleanFieldAccessorImpl done
Event: 30.459 Loading class java/text/ChoiceFormat
Event: 30.460 Loading class java/text/NumberFormat
Event: 30.461 Loading class java/text/NumberFormat done
Event: 30.461 Loading class java/text/ChoiceFormat done
Event: 30.516 Loading class java/lang/invoke/DirectMethodHandle$1
Event: 30.519 Loading class java/lang/invoke/DirectMethodHandle$1 done
Event: 30.533 Loading class java/text/FieldPosition
Event: 30.533 Loading class java/text/FieldPosition done
Event: 30.534 Loading class java/util/Date
Event: 30.535 Loading class java/util/Date done
Event: 30.535 Loading class java/text/MessageFormat$Field
Event: 30.535 Loading class java/text/Format$Field
Event: 30.535 Loading class java/text/AttributedCharacterIterator$Attribute
Event: 30.536 Loading class java/text/AttributedCharacterIterator$Attribute done
Event: 30.536 Loading class java/text/Format$Field done
Event: 30.536 Loading class java/text/MessageFormat$Field done
Event: 34.592 Loading class java/security/CodeSigner
Event: 34.593 Loading class java/security/CodeSigner done

Classes unloaded (0 events):
No events

Classes redefined (0 events):
No events

Internal exceptions (20 events):
Event: 19.229 Thread 0x000001b5606e2010 Implicit null exception at 0x000001b56d7bb8de to 0x000001b56d7bd5d8
Event: 19.229 Thread 0x000001b5606e2010 Implicit null exception at 0x000001b56d7bb8de to 0x000001b56d7bd5d8
Event: 19.229 Thread 0x000001b5606e2010 Implicit null exception at 0x000001b56d7ad8cd to 0x000001b56d7af1e0
Event: 19.230 Thread 0x000001b5606e2010 Implicit null exception at 0x000001b56d7b175e to 0x000001b56d7b20a8
Event: 19.253 Thread 0x000001b5606e2010 Exception <a 'java/lang/NoSuchMethodError'{0x00000000cd14cde0}: 'java.lang.Object java.lang.invoke.DirectMethodHandle$Holder.invokeInterface(java.lang.Object, java.lang.Object, java.lang.Object)'> (0x00000000cd14cde0) 
thrown [s\src\hotspot\share\interpreter\linkResolver.cpp, line 784]
Event: 19.254 Thread 0x000001b5606e2010 Exception <a 'java/lang/IncompatibleClassChangeError'{0x00000000cd150478}: Found class java.lang.Object, but interface was expected> (0x00000000cd150478) 
thrown [s\src\hotspot\share\interpreter\linkResolver.cpp, line 851]
Event: 20.055 Thread 0x000001b5606e2010 Implicit null exception at 0x000001b56d568f4a to 0x000001b56d56919c
Event: 21.226 Thread 0x000001b5606e2010 Exception <a 'java/lang/NoSuchMethodError'{0x00000000ced88340}: 'java.lang.Object java.lang.invoke.DirectMethodHandle$Holder.newInvokeSpecial(java.lang.Object, int, java.lang.Object, java.lang.Object)'> (0x00000000ced88340) 
thrown [s\src\hotspot\share\interpreter\linkResolver.cpp, line 784]
Event: 29.779 Thread 0x000001b5606e2010 Implicit null exception at 0x000001b56da3b48f to 0x000001b56da3b7bc
Event: 29.779 Thread 0x000001b5606e2010 Implicit null exception at 0x000001b56d619887 to 0x000001b56d619b70
Event: 30.385 Thread 0x000001b5606e2010 Exception <a 'java/lang/NoSuchMethodError'{0x00000000cda87e00}: 'int java.lang.invoke.Invokers$Holder.invokeExact_MT(java.lang.Object, java.lang.Object, java.lang.Object)'> (0x00000000cda87e00) 
thrown [s\src\hotspot\share\interpreter\linkResolver.cpp, line 784]
Event: 30.387 Thread 0x000001b5606e2010 Exception <a 'java/lang/NoSuchMethodError'{0x00000000cda8c468}: 'void java.lang.invoke.Invokers$Holder.invokeExact_MT(java.lang.Object, java.lang.Object, java.lang.Object, java.lang.Object)'> (0x00000000cda8c468) 
thrown [s\src\hotspot\share\interpreter\linkResolver.cpp, line 784]
Event: 30.410 Thread 0x000001b5606e2010 Implicit null exception at 0x000001b56d9f31e3 to 0x000001b56d9f3748
Event: 30.412 Thread 0x000001b5606e2010 Implicit null exception at 0x000001b56d9f1f63 to 0x000001b56d9f2380
Event: 30.440 Thread 0x000001b5606e2010 Exception <a 'java/lang/NoSuchMethodError'{0x00000000cd9bca60}: 'java.lang.Object java.lang.invoke.DirectMethodHandle$Holder.invokeStaticInit(java.lang.Object, java.lang.Object, java.lang.Object, java.lang.Object)'> (0x00000000cd9bca60) 
thrown [s\src\hotspot\share\interpreter\linkResolver.cpp, line 784]
Event: 31.335 Thread 0x000001b5606e2010 Exception <a 'java/lang/NoSuchMethodError'{0x00000000ce7b2668}: 'java.lang.Object java.lang.invoke.DirectMethodHandle$Holder.newInvokeSpecial(java.lang.Object, java.lang.Object, java.lang.Object, int, int)'> (0x00000000ce7b2668) 
thrown [s\src\hotspot\share\interpreter\linkResolver.cpp, line 784]
Event: 31.335 Thread 0x000001b5606e2010 Exception <a 'java/lang/NoSuchMethodError'{0x00000000ce7b6218}: 'java.lang.Object java.lang.invoke.DirectMethodHandle$Holder.invokeSpecial(java.lang.Object, java.lang.Object, java.lang.Object, java.lang.Object, int, int)'> (0x00000000ce7b6218) 
thrown [s\src\hotspot\share\interpreter\linkResolver.cpp, line 784]
Event: 31.396 Thread 0x000001b5606e2010 Exception <a 'java/lang/NoSuchMethodError'{0x00000000ce55d5f0}: 'java.lang.Object java.lang.invoke.Invokers$Holder.linkToTargetMethod(java.lang.Object, java.lang.Object, int, int, java.lang.Object, java.lang.Object, java.lang.Object, java.lang.Object, java.lang.Object)'> (0x00000000ce55d5f0) 
thrown [s\src\hotspot\share\interpreter\linkResolver.cpp, line 784]
Event: 31.418 Thread 0x000001b5606e2010 Exception <a 'java/lang/NoSuchMethodError'{0x00000000ce5d2de0}: 'java.lang.Object java.lang.invoke.DirectMethodHandle$Holder.invokeStatic(java.lang.Object, int, java.lang.Object)'> (0x00000000ce5d2de0) 
thrown [s\src\hotspot\share\interpreter\linkResolver.cpp, line 784]
Event: 37.326 Thread 0x000001b5606e2010 Implicit null exception at 0x000001b56dc5f160 to 0x000001b56dc5f3aa

ZGC Phase Switch (0 events):
No events

VM Operations (20 events):
Event: 37.368 Executing VM operation: ICBufferFull done
Event: 37.543 Executing VM operation: ICBufferFull
Event: 37.544 Executing VM operation: ICBufferFull done
Event: 37.550 Executing VM operation: G1CollectForAllocation (G1 Evacuation Pause)
Event: 37.572 Executing VM operation: G1CollectForAllocation (G1 Evacuation Pause) done
Event: 37.780 Executing VM operation: HandshakeAllThreads (Deoptimize)
Event: 37.780 Executing VM operation: HandshakeAllThreads (Deoptimize) done
Event: 37.987 Executing VM operation: ICBufferFull
Event: 37.987 Executing VM operation: ICBufferFull done
Event: 38.252 Executing VM operation: ICBufferFull
Event: 38.252 Executing VM operation: ICBufferFull done
Event: 38.745 Executing VM operation: G1CollectForAllocation (G1 Evacuation Pause)
Event: 38.771 Executing VM operation: G1CollectForAllocation (G1 Evacuation Pause) done
Event: 39.022 Executing VM operation: G1PauseRemark
Event: 39.481 Executing VM operation: G1PauseRemark done
Event: 39.603 Executing VM operation: G1PauseCleanup
Event: 39.603 Executing VM operation: G1PauseCleanup done
Event: 40.027 Executing VM operation: ICBufferFull
Event: 40.027 Executing VM operation: ICBufferFull done
Event: 40.178 Executing VM operation: G1CollectForAllocation (G1 Evacuation Pause)

Events (20 events):
Event: 39.097 Thread 0x000001b5606ce9c0 flushing nmethod 0x000001b56d946810
Event: 39.097 Thread 0x000001b5606ce9c0 flushing nmethod 0x000001b56d916e90
Event: 39.097 Thread 0x000001b5606ce9c0 flushing nmethod 0x000001b56d901c10
Event: 39.097 Thread 0x000001b5606ce9c0 flushing nmethod 0x000001b56d8e8e90
Event: 39.097 Thread 0x000001b5606ce9c0 flushing nmethod 0x000001b56d8e0710
Event: 39.097 Thread 0x000001b5606ce9c0 flushing nmethod 0x000001b56d8bf510
Event: 39.097 Thread 0x000001b5606ce9c0 flushing nmethod 0x000001b56d8ab490
Event: 39.097 Thread 0x000001b5606ce9c0 flushing nmethod 0x000001b56d834510
Event: 39.097 Thread 0x000001b5606ce9c0 flushing nmethod 0x000001b56d815d90
Event: 39.098 Thread 0x000001b5606ce9c0 flushing nmethod 0x000001b56d7c5a10
Event: 39.098 Thread 0x000001b5606ce9c0 flushing nmethod 0x000001b56d7ad810
Event: 39.098 Thread 0x000001b5606ce9c0 flushing nmethod 0x000001b56d748510
Event: 39.098 Thread 0x000001b5606ce9c0 flushing nmethod 0x000001b56d6eb790
Event: 39.098 Thread 0x000001b5606ce9c0 flushing nmethod 0x000001b56d71e490
Event: 39.098 Thread 0x000001b5606ce9c0 flushing nmethod 0x000001b56d665190
Event: 39.098 Thread 0x000001b5606ce9c0 flushing nmethod 0x000001b56d619690
Event: 39.098 Thread 0x000001b5606ce9c0 flushing nmethod 0x000001b56d605690
Event: 39.098 Thread 0x000001b5606ce9c0 flushing nmethod 0x000001b56d5dc110
Event: 39.098 Thread 0x000001b5606ce9c0 flushing nmethod 0x000001b56d552710
Event: 39.098 Thread 0x000001b5606ce9c0 flushing nmethod 0x000001b56d537710


Dynamic libraries:
0x00007ff7e3a20000 - 0x00007ff7e3a2a000 	C:\Program Files\Android\Android Studio\jbr\bin\java.exe
0x00007ff99dc20000 - 0x00007ff99de80000 	C:\WINDOWS\SYSTEM32\ntdll.dll
0x00007ff99c410000 - 0x00007ff99c4d7000 	C:\WINDOWS\System32\KERNEL32.DLL
0x00007ff99ae30000 - 0x00007ff99b1fa000 	C:\WINDOWS\System32\KERNELBASE.dll
0x00007ff99b410000 - 0x00007ff99b55b000 	C:\WINDOWS\System32\ucrtbase.dll
0x00007ff98bc60000 - 0x00007ff98bc7b000 	C:\Program Files\Android\Android Studio\jbr\bin\VCRUNTIME140.dll
0x00007ff972590000 - 0x00007ff9725a8000 	C:\Program Files\Android\Android Studio\jbr\bin\jli.dll
0x00007ff99bb40000 - 0x00007ff99bd0c000 	C:\WINDOWS\System32\USER32.dll
0x00007ff99ae00000 - 0x00007ff99ae27000 	C:\WINDOWS\System32\win32u.dll
0x00007ff99d1a0000 - 0x00007ff99d1ca000 	C:\WINDOWS\System32\GDI32.dll
0x00007ff99b8e0000 - 0x00007ff99ba11000 	C:\WINDOWS\System32\gdi32full.dll
0x00007ff99b830000 - 0x00007ff99b8d3000 	C:\WINDOWS\System32\msvcp_win.dll
0x00007ff9807a0000 - 0x00007ff980a37000 	C:\WINDOWS\WinSxS\amd64_microsoft.windows.common-controls_6595b64144ccf1df_6.0.26100.3624_none_3e086962e3345f24\COMCTL32.dll
0x00007ff99d7c0000 - 0x00007ff99d869000 	C:\WINDOWS\System32\msvcrt.dll
0x00007ff99c1d0000 - 0x00007ff99c1ff000 	C:\WINDOWS\System32\IMM32.DLL
0x00007ff9953e0000 - 0x00007ff9953ec000 	C:\Program Files\Android\Android Studio\jbr\bin\vcruntime140_1.dll
0x00007ff947450000 - 0x00007ff9474dd000 	C:\Program Files\Android\Android Studio\jbr\bin\msvcp140.dll
0x00007ff93b530000 - 0x00007ff93c1ad000 	C:\Program Files\Android\Android Studio\jbr\bin\server\jvm.dll
0x00007ff99d870000 - 0x00007ff99d922000 	C:\WINDOWS\System32\ADVAPI32.dll
0x00007ff99cf00000 - 0x00007ff99cfa6000 	C:\WINDOWS\System32\sechost.dll
0x00007ff99d9d0000 - 0x00007ff99dae6000 	C:\WINDOWS\System32\RPCRT4.dll
0x00007ff99c220000 - 0x00007ff99c294000 	C:\WINDOWS\System32\WS2_32.dll
0x00007ff999a70000 - 0x00007ff999ace000 	C:\WINDOWS\SYSTEM32\POWRPROF.dll
0x00007ff994f70000 - 0x00007ff994fa6000 	C:\WINDOWS\SYSTEM32\WINMM.dll
0x00007ff994fb0000 - 0x00007ff994fbb000 	C:\WINDOWS\SYSTEM32\VERSION.dll
0x00007ff999a50000 - 0x00007ff999a64000 	C:\WINDOWS\SYSTEM32\UMPDC.dll
0x00007ff999d30000 - 0x00007ff999d4a000 	C:\WINDOWS\SYSTEM32\kernel.appcore.dll
0x00007ff992d40000 - 0x00007ff992d4a000 	C:\Program Files\Android\Android Studio\jbr\bin\jimage.dll
0x00007ff98f3c0000 - 0x00007ff98f601000 	C:\WINDOWS\SYSTEM32\DBGHELP.DLL
0x00007ff99bd10000 - 0x00007ff99c092000 	C:\WINDOWS\System32\combase.dll
0x00007ff99ce20000 - 0x00007ff99cef6000 	C:\WINDOWS\System32\OLEAUT32.dll
0x00007ff97fc20000 - 0x00007ff97fc59000 	C:\WINDOWS\SYSTEM32\dbgcore.DLL
0x00007ff99b6d0000 - 0x00007ff99b769000 	C:\WINDOWS\System32\bcryptPrimitives.dll
0x00007ff98bba0000 - 0x00007ff98bbbf000 	C:\Program Files\Android\Android Studio\jbr\bin\java.dll
0x00007ff985640000 - 0x00007ff985658000 	C:\Program Files\Android\Android Studio\jbr\bin\zip.dll
0x00007ff99c4e0000 - 0x00007ff99cc09000 	C:\WINDOWS\System32\SHELL32.dll
0x00007ff99b560000 - 0x00007ff99b6c8000 	C:\WINDOWS\System32\wintypes.dll
0x00007ff998a90000 - 0x00007ff9992e2000 	C:\WINDOWS\SYSTEM32\windows.storage.dll
0x00007ff99daf0000 - 0x00007ff99dbdd000 	C:\WINDOWS\System32\SHCORE.dll
0x00007ff99cc10000 - 0x00007ff99cc74000 	C:\WINDOWS\System32\shlwapi.dll
0x00007ff99ad10000 - 0x00007ff99ad3f000 	C:\WINDOWS\SYSTEM32\profapi.dll
0x00007ff992bc0000 - 0x00007ff992bd0000 	C:\Program Files\Android\Android Studio\jbr\bin\net.dll
0x00007ff991b00000 - 0x00007ff991c1d000 	C:\WINDOWS\SYSTEM32\WINHTTP.dll
0x00007ff99a250000 - 0x00007ff99a2ba000 	C:\WINDOWS\system32\mswsock.dll
0x00007ff985450000 - 0x00007ff985466000 	C:\Program Files\Android\Android Studio\jbr\bin\nio.dll
0x00007ff98bdc0000 - 0x00007ff98bdd0000 	C:\Program Files\Android\Android Studio\jbr\bin\verify.dll

dbghelp: loaded successfully - version: 4.0.5 - missing functions: none
symbol engine: initialized successfully - sym options: 0x614 - pdb path: .;C:\Program Files\Android\Android Studio\jbr\bin;C:\WINDOWS\SYSTEM32;C:\WINDOWS\WinSxS\amd64_microsoft.windows.common-controls_6595b64144ccf1df_6.0.26100.3624_none_3e086962e3345f24;C:\Program Files\Android\Android Studio\jbr\bin\server

VM Arguments:
java_command: org.jetbrains.kotlin.cli.jvm.K2JVMCompiler @C:\Users\santi\AndroidStudioProjects\Depov\app\build\20250410_6352637551162727448.compiler.options
java_class_path (initial): C:\Users\santi\.gradle\caches\modules-2\files-2.1\org.jetbrains.kotlin\kotlin-compiler-embeddable\1.9.24\78dab849090e6c5e2eadb6e59a11cdc28fb67a08\kotlin-compiler-embeddable-1.9.24.jar;C:\Users\santi\.gradle\caches\modules-2\files-2.1\org.jetbrains.kotlin\kotlin-stdlib\1.9.24\9928532f12c66ad816a625b3f9984f8368ca6d2b\kotlin-stdlib-1.9.24.jar;C:\Users\santi\.gradle\caches\modules-2\files-2.1\org.jetbrains.kotlin\kotlin-script-runtime\1.9.24\96771497da90fbc5af1c90fce148db2595a62502\kotlin-script-runtime-1.9.24.jar;C:\Users\santi\.gradle\caches\modules-2\files-2.1\org.jetbrains.kotlin\kotlin-reflect\1.6.10\1cbe9c92c12a94eea200d23c2bbaedaf3daf5132\kotlin-reflect-1.6.10.jar;C:\Users\santi\.gradle\caches\modules-2\files-2.1\org.jetbrains.kotlin\kotlin-daemon-embeddable\1.9.24\86685b9c5e8d170925bd9ddbdc263374a6a73281\kotlin-daemon-embeddable-1.9.24.jar;C:\Users\santi\.gradle\caches\modules-2\files-2.1\org.jetbrains.intellij.deps\trove4j\1.0.20200330\3afb14d5f9ceb459d724e907a21145e8ff394f02\trove4j-1.0.20200330.jar;C:\Users\santi\.gradle\caches\modules-2\files-2.1\org.jetbrains\annotations\13.0\919f0dfe192fb4e063e7dacadee7f8bb9a2672a9\annotations-13.0.jar
Launcher Type: SUN_STANDARD

[Global flags]
     intx CICompilerCount                          = 3                                         {product} {ergonomic}
     uint ConcGCThreads                            = 1                                         {product} {ergonomic}
     uint G1ConcRefinementThreads                  = 4                                         {product} {ergonomic}
   size_t G1HeapRegionSize                         = 1048576                                   {product} {ergonomic}
    uintx GCDrainStackTargetSize                   = 64                                        {product} {ergonomic}
   size_t InitialHeapSize                          = 58720256                                  {product} {ergonomic}
   size_t MarkStackSize                            = 4194304                                   {product} {ergonomic}
   size_t MaxHeapSize                              = 918552576                                 {product} {ergonomic}
   size_t MaxNewSize                               = 550502400                                 {product} {ergonomic}
   size_t MinHeapDeltaBytes                        = 1048576                                   {product} {ergonomic}
   size_t MinHeapSize                              = 8388608                                   {product} {ergonomic}
    uintx NonNMethodCodeHeapSize                   = 5832780                                {pd product} {ergonomic}
    uintx NonProfiledCodeHeapSize                  = 122912730                              {pd product} {ergonomic}
    uintx ProfiledCodeHeapSize                     = 122912730                              {pd product} {ergonomic}
    uintx ReservedCodeCacheSize                    = 251658240                              {pd product} {ergonomic}
     bool SegmentedCodeCache                       = true                                      {product} {ergonomic}
   size_t SoftMaxHeapSize                          = 918552576                              {manageable} {ergonomic}
     bool UseCompressedOops                        = true                           {product lp64_product} {ergonomic}
     bool UseG1GC                                  = true                                      {product} {ergonomic}
     bool UseLargePagesIndividualAllocation        = false                                  {pd product} {ergonomic}

Logging:
Log output configuration:
 #0: stdout all=warning uptime,level,tags foldmultilines=false
 #1: stderr all=off uptime,level,tags foldmultilines=false

Environment Variables:
PATH=C:\Program Files\Microsoft MPI\Bin\;C:\Program Files\Common Files\Oracle\Java\javapath;C:\WINDOWS\system32;C:\WINDOWS;C:\WINDOWS\System32\Wbem;C:\WINDOWS\System32\WindowsPowerShell\v1.0\;C:\WINDOWS\System32\OpenSSH\;C:\Program Files\nodejs\;C:\Program Files\Git\cmd;C:\Program Files\Microsoft SQL Server\150\Tools\Binn\;C:\Users\santi\AppData\Local\Programs\Python\Python313\Scripts\;C:\Users\santi\AppData\Local\Programs\Python\Python313\;C:\Users\santi\AppData\Local\Programs\Python\Launcher\;C:\Users\santi\AppData\Local\Microsoft\WindowsApps;C:\Users\santi\AppData\Local\Programs\Microsoft VS Code\bin;C:\Users\santi\AppData\Roaming\npm;
USERNAME=santi
OS=Windows_NT
PROCESSOR_IDENTIFIER=AMD64 Family 23 Model 24 Stepping 1, AuthenticAMD
TMP=C:\Users\santi\AppData\Local\Temp
TEMP=C:\Users\santi\AppData\Local\Temp




Periodic native trim disabled

JNI global refs:
JNI global refs: 10, weak refs: 18

JNI global refs memory usage: 835, weak refs: 833

Process memory usage:
Resident Set Size: 320648K (8% of 3587996K total physical memory with 281976K free physical memory)

OOME stack traces (most recent first):
Classloader memory used:
Loader jdk.internal.loader.ClassLoaders$AppClassLoader                                 : 67493K
Loader bootstrap                                                                       : 12721K

---------------  S Y S T E M  ---------------

OS:
 Windows 11 , 64 bit Build 26100 (10.0.26100.3775)
OS uptime: 0 days 21:39 hours
Hyper-V role detected

CPU: total 4 (initial active 4) (4 cores per cpu, 2 threads per core) family 23 model 24 stepping 1 microcode 0x8108109, cx8, cmov, fxsr, ht, mmx, 3dnowpref, sse, sse2, sse3, ssse3, sse4a, sse4.1, sse4.2, popcnt, lzcnt, tsc, tscinvbit, avx, avx2, aes, clmul, bmi1, bmi2, adx, sha, fma, vzeroupper, clflush, clflushopt, hv, rdtscp, f16c
Processor Information for all 4 processors :
  Max Mhz: 2600, Current Mhz: 2600, Mhz Limit: 2600

Memory: 4k page, system-wide physical 3503M (273M free)
TotalPageFile size 14255M (AvailPageFile size 12M)
current process WorkingSet (physical memory assigned to process): 313M, peak: 313M
current process commit charge ("private bytes"): 386M, peak: 444M

vm_info: OpenJDK 64-Bit Server VM (21.0.3+-12282718-b509.11) for windows-amd64 JRE (21.0.3+-12282718-b509.11), built on 2024-08-27T17:34:15Z by "builder" with MS VC++ 16.10 / 16.11 (VS2019)

END.
