#
# There is insufficient memory for the Java Runtime Environment to continue.
# Native memory allocation (malloc) failed to allocate 1222688 bytes. Error detail: Chunk::new
# Possible reasons:
#   The system is out of physical RAM or swap space
#   This process is running with CompressedOops enabled, and the Java Heap may be blocking the growth of the native heap
# Possible solutions:
#   Reduce memory load on the system
#   Increase physical memory or swap space
#   Check if swap backing store is full
#   Decrease Java heap size (-Xmx/-Xms)
#   Decrease number of Java threads
#   Decrease Java thread stack sizes (-Xss)
#   Set larger code cache with -XX:ReservedCodeCacheSize=
#   JVM is running with Unscaled Compressed Oops mode in which the Java heap is
#     placed in the first 4GB address space. The Java Heap base address is the
#     maximum limit for the native heap growth. Please use -XX:HeapBaseMinAddress
#     to set the Java Heap base and to place the Java Heap above 4GB virtual address.
# This output file may be truncated or incomplete.
#
#  Out of Memory Error (arena.cpp:168), pid=13064, tid=7332
#
# JRE version: OpenJDK Runtime Environment (21.0.3) (build 21.0.3+-12282718-b509.11)
# Java VM: OpenJDK 64-Bit Server VM (21.0.3+-12282718-b509.11, mixed mode, tiered, compressed oops, compressed class ptrs, g1 gc, windows-amd64)
# No core dump will be written. Minidumps are not enabled by default on client versions of Windows
#

---------------  S U M M A R Y ------------

Command Line: -XX:MaxPermSize=512m -XX:+HeapDumpOnOutOfMemoryError --add-opens=java.base/java.util=ALL-UNNAMED --add-opens=java.base/java.lang=ALL-UNNAMED --add-opens=java.base/java.lang.invoke=ALL-UNNAMED --add-opens=java.prefs/java.util.prefs=ALL-UNNAMED --add-exports=jdk.compiler/com.sun.tools.javac.api=ALL-UNNAMED --add-exports=jdk.compiler/com.sun.tools.javac.util=ALL-UNNAMED --add-opens=java.base/java.nio.charset=ALL-UNNAMED --add-opens=java.base/java.net=ALL-UNNAMED --add-opens=java.base/java.util.concurrent.atomic=ALL-UNNAMED -Xmx2048m -Dfile.encoding=UTF-8 -Duser.country=CO -Duser.language=es -Duser.variant -javaagent:C:\Users\santi\.gradle\wrapper\dists\gradle-8.9-bin\90cnw93cvbtalezasaz0blq0a\gradle-8.9\lib\agents\gradle-instrumentation-agent-8.9.jar org.gradle.launcher.daemon.bootstrap.GradleDaemon 8.9

Host: AMD Ryzen 3 3250U with Radeon Graphics         , 4 cores, 3G,  Windows 11 , 64 bit Build 26100 (10.0.26100.3775)
Time: Fri Apr 18 01:24:02 2025 Hora est. Pacífico, Sudamérica elapsed time: 20.360818 seconds (0d 0h 0m 20s)

---------------  T H R E A D  ---------------

Current thread (0x0000028f4ca24ec0):  JavaThread "C2 CompilerThread1" daemon [_thread_in_native, id=7332, stack(0x000000ecc0600000,0x000000ecc0700000) (1024K)]


Current CompileTask:
C2:  20361 8154   !   4       java.nio.file.FileTreeWalker::visit (204 bytes)

Stack: [0x000000ecc0600000,0x000000ecc0700000]
Native frames: (J=compiled Java code, j=interpreted, Vv=VM code, C=native code)
V  [jvm.dll+0x6cafb9]
V  [jvm.dll+0x858523]
V  [jvm.dll+0x85aa7e]
V  [jvm.dll+0x85b163]
V  [jvm.dll+0x27d356]
V  [jvm.dll+0xbf93d]
V  [jvm.dll+0xbfe73]
V  [jvm.dll+0x3b1ceb]
V  [jvm.dll+0x37e787]
V  [jvm.dll+0x37dbfa]
V  [jvm.dll+0x246b02]
V  [jvm.dll+0x2460d1]
V  [jvm.dll+0x1c5804]
V  [jvm.dll+0x25575c]
V  [jvm.dll+0x253c36]
V  [jvm.dll+0x3ec996]
V  [jvm.dll+0x800d78]
V  [jvm.dll+0x6c98cd]
C  [ucrtbase.dll+0x37b0]
C  [KERNEL32.DLL+0x2e8d7]
C  [ntdll.dll+0xb14fc]


---------------  P R O C E S S  ---------------

Threads class SMR info:
_java_thread_list=0x0000028f4b2d8790, length=42, elements={
0x0000028f2a496440, 0x0000028f438ea850, 0x0000028f4364e270, 0x0000028f4364c2a0,
0x0000028f4364cd00, 0x0000028f438d8670, 0x0000028f438fde90, 0x0000028f4390c520,
0x0000028f4392e780, 0x0000028f43a75860, 0x0000028f4801c5b0, 0x0000028f49863d80,
0x0000028f49809480, 0x0000028f498eb140, 0x0000028f49a124d0, 0x0000028f49891ff0,
0x0000028f498aea60, 0x0000028f499e71f0, 0x0000028f499e7f10, 0x0000028f499e7880,
0x0000028f499e64d0, 0x0000028f499e85a0, 0x0000028f499e6b60, 0x0000028f499e8c30,
0x0000028f499e9950, 0x0000028f4a2b9930, 0x0000028f4a2b8c10, 0x0000028f4a2bba00,
0x0000028f4a2b9fc0, 0x0000028f4a2bace0, 0x0000028f4a2bb370, 0x0000028f4a2b8580,
0x0000028f4a2bcdb0, 0x0000028f4a2bee80, 0x0000028f4a2be7f0, 0x0000028f4ca24ec0,
0x0000028f4a2bf510, 0x0000028f4a2bfba0, 0x0000028f4a2bd440, 0x0000028f4a2bdad0,
0x0000028f48f35de0, 0x0000028f48f32960
}

Java Threads: ( => current thread )
  0x0000028f2a496440 JavaThread "main"                              [_thread_blocked, id=11588, stack(0x000000ecbd900000,0x000000ecbda00000) (1024K)]
  0x0000028f438ea850 JavaThread "Reference Handler"          daemon [_thread_blocked, id=2520, stack(0x000000ecbe100000,0x000000ecbe200000) (1024K)]
  0x0000028f4364e270 JavaThread "Finalizer"                  daemon [_thread_blocked, id=10864, stack(0x000000ecbe200000,0x000000ecbe300000) (1024K)]
  0x0000028f4364c2a0 JavaThread "Signal Dispatcher"          daemon [_thread_blocked, id=6912, stack(0x000000ecbe300000,0x000000ecbe400000) (1024K)]
  0x0000028f4364cd00 JavaThread "Attach Listener"            daemon [_thread_blocked, id=12404, stack(0x000000ecbe400000,0x000000ecbe500000) (1024K)]
  0x0000028f438d8670 JavaThread "Service Thread"             daemon [_thread_blocked, id=2988, stack(0x000000ecbe500000,0x000000ecbe600000) (1024K)]
  0x0000028f438fde90 JavaThread "Monitor Deflation Thread"   daemon [_thread_blocked, id=8492, stack(0x000000ecbe600000,0x000000ecbe700000) (1024K)]
  0x0000028f4390c520 JavaThread "C2 CompilerThread0"         daemon [_thread_blocked, id=2124, stack(0x000000ecbe700000,0x000000ecbe800000) (1024K)]
  0x0000028f4392e780 JavaThread "C1 CompilerThread0"         daemon [_thread_blocked, id=1520, stack(0x000000ecbe800000,0x000000ecbe900000) (1024K)]
  0x0000028f43a75860 JavaThread "Common-Cleaner"             daemon [_thread_blocked, id=15104, stack(0x000000ecbe900000,0x000000ecbea00000) (1024K)]
  0x0000028f4801c5b0 JavaThread "Notification Thread"        daemon [_thread_blocked, id=15672, stack(0x000000ecbea00000,0x000000ecbeb00000) (1024K)]
  0x0000028f49863d80 JavaThread "Daemon health stats"               [_thread_blocked, id=3352, stack(0x000000ecbee00000,0x000000ecbef00000) (1024K)]
  0x0000028f49809480 JavaThread "Incoming local TCP Connector on port 51801"        [_thread_in_native, id=15616, stack(0x000000ecbef00000,0x000000ecbf000000) (1024K)]
  0x0000028f498eb140 JavaThread "Daemon periodic checks"            [_thread_blocked, id=9124, stack(0x000000ecbf000000,0x000000ecbf100000) (1024K)]
  0x0000028f49a124d0 JavaThread "Daemon"                            [_thread_blocked, id=12788, stack(0x000000ecbf100000,0x000000ecbf200000) (1024K)]
  0x0000028f49891ff0 JavaThread "Handler for socket connection from /127.0.0.1:51801 to /127.0.0.1:51802"        [_thread_in_native, id=9868, stack(0x000000ecbf200000,0x000000ecbf300000) (1024K)]
  0x0000028f498aea60 JavaThread "Cancel handler"                    [_thread_blocked, id=10904, stack(0x000000ecbf300000,0x000000ecbf400000) (1024K)]
  0x0000028f499e71f0 JavaThread "Daemon worker"                     [_thread_blocked, id=1192, stack(0x000000ecbf400000,0x000000ecbf500000) (1024K)]
  0x0000028f499e7f10 JavaThread "Asynchronous log dispatcher for DefaultDaemonConnection: socket connection from /127.0.0.1:51801 to /127.0.0.1:51802"        [_thread_blocked, id=11480, stack(0x000000ecbf500000,0x000000ecbf600000) (1024K)]
  0x0000028f499e7880 JavaThread "Stdin handler"                     [_thread_blocked, id=11660, stack(0x000000ecbf600000,0x000000ecbf700000) (1024K)]
  0x0000028f499e64d0 JavaThread "Daemon client event forwarder"        [_thread_blocked, id=12376, stack(0x000000ecbf700000,0x000000ecbf800000) (1024K)]
  0x0000028f499e85a0 JavaThread "Cache worker for journal cache (C:\Users\santi\.gradle\caches\journal-1)"        [_thread_blocked, id=1340, stack(0x000000ecbf800000,0x000000ecbf900000) (1024K)]
  0x0000028f499e6b60 JavaThread "File lock request listener"        [_thread_in_native, id=2964, stack(0x000000ecbf900000,0x000000ecbfa00000) (1024K)]
  0x0000028f499e8c30 JavaThread "Cache worker for file hash cache (C:\Users\santi\.gradle\caches\8.9\fileHashes)"        [_thread_in_native, id=15328, stack(0x000000ecbfa00000,0x000000ecbfb00000) (1024K)]
  0x0000028f499e9950 JavaThread "Cache worker for file hash cache (C:\Users\santi\AndroidStudioProjects\Depov\.gradle\8.9\fileHashes)"        [_thread_blocked, id=8636, stack(0x000000ecbfb00000,0x000000ecbfc00000) (1024K)]
  0x0000028f4a2b9930 JavaThread "Cache worker for Build Output Cleanup Cache (C:\Users\santi\AndroidStudioProjects\Depov\.gradle\buildOutputCleanup)"        [_thread_blocked, id=13276, stack(0x000000ecbfc00000,0x000000ecbfd00000) (1024K)]
  0x0000028f4a2b8c10 JavaThread "File watcher server"        daemon [_thread_in_native, id=5812, stack(0x000000ecbfd00000,0x000000ecbfe00000) (1024K)]
  0x0000028f4a2bba00 JavaThread "File watcher consumer"      daemon [_thread_blocked, id=11768, stack(0x000000ecbfe00000,0x000000ecbff00000) (1024K)]
  0x0000028f4a2b9fc0 JavaThread "Cache worker for checksums cache (C:\Users\santi\AndroidStudioProjects\Depov\.gradle\8.9\checksums)"        [_thread_blocked, id=7284, stack(0x000000ecbff00000,0x000000ecc0000000) (1024K)]
  0x0000028f4a2bace0 JavaThread "Cache worker for file content cache (C:\Users\santi\.gradle\caches\8.9\fileContent)"        [_thread_blocked, id=2000, stack(0x000000ecc0000000,0x000000ecc0100000) (1024K)]
  0x0000028f4a2bb370 JavaThread "Cache worker for cache directory md-rule (C:\Users\santi\.gradle\caches\8.9\md-rule)"        [_thread_blocked, id=2176, stack(0x000000ecc0100000,0x000000ecc0200000) (1024K)]
  0x0000028f4a2b8580 JavaThread "Cache worker for cache directory md-supplier (C:\Users\santi\.gradle\caches\8.9\md-supplier)"        [_thread_blocked, id=7400, stack(0x000000ecc0300000,0x000000ecc0400000) (1024K)]
  0x0000028f4a2bcdb0 JavaThread "Unconstrained build operations"        [_thread_blocked, id=2544, stack(0x000000ecc0200000,0x000000ecc0300000) (1024K)]
  0x0000028f4a2bee80 JavaThread "Unconstrained build operations Thread 2"        [_thread_blocked, id=2848, stack(0x000000ecc0400000,0x000000ecc0500000) (1024K)]
  0x0000028f4a2be7f0 JavaThread "Unconstrained build operations Thread 3"        [_thread_blocked, id=7460, stack(0x000000ecc0500000,0x000000ecc0600000) (1024K)]
=>0x0000028f4ca24ec0 JavaThread "C2 CompilerThread1"         daemon [_thread_in_native, id=7332, stack(0x000000ecc0600000,0x000000ecc0700000) (1024K)]
  0x0000028f4a2bf510 JavaThread "Unconstrained build operations Thread 4"        [_thread_blocked, id=4960, stack(0x000000ecc0700000,0x000000ecc0800000) (1024K)]
  0x0000028f4a2bfba0 JavaThread "Unconstrained build operations Thread 5"        [_thread_blocked, id=15716, stack(0x000000ecc0800000,0x000000ecc0900000) (1024K)]
  0x0000028f4a2bd440 JavaThread "Unconstrained build operations Thread 6"        [_thread_blocked, id=4996, stack(0x000000ecc0900000,0x000000ecc0a00000) (1024K)]
  0x0000028f4a2bdad0 JavaThread "Unconstrained build operations Thread 7"        [_thread_blocked, id=8584, stack(0x000000ecc0a00000,0x000000ecc0b00000) (1024K)]
  0x0000028f48f35de0 JavaThread "Unconstrained build operations Thread 8"        [_thread_in_native, id=9864, stack(0x000000ecc0b00000,0x000000ecc0c00000) (1024K)]
  0x0000028f48f32960 JavaThread "Unconstrained build operations Thread 9"        [_thread_blocked, id=10732, stack(0x000000ecc0c00000,0x000000ecc0d00000) (1024K)]
Total: 42

Other Threads:
  0x0000028f435dd9c0 VMThread "VM Thread"                           [id=12712, stack(0x000000ecbe000000,0x000000ecbe100000) (1024K)]
  0x0000028f435775e0 WatcherThread "VM Periodic Task Thread"        [id=7512, stack(0x000000ecbdf00000,0x000000ecbe000000) (1024K)]
  0x0000028f2c81f280 WorkerThread "GC Thread#0"                     [id=8844, stack(0x000000ecbda00000,0x000000ecbdb00000) (1024K)]
  0x0000028f48042660 WorkerThread "GC Thread#1"                     [id=1628, stack(0x000000ecbeb00000,0x000000ecbec00000) (1024K)]
  0x0000028f4806a770 WorkerThread "GC Thread#2"                     [id=16088, stack(0x000000ecbec00000,0x000000ecbed00000) (1024K)]
  0x0000028f48b208c0 WorkerThread "GC Thread#3"                     [id=9736, stack(0x000000ecbed00000,0x000000ecbee00000) (1024K)]
  0x0000028f2c831750 ConcurrentGCThread "G1 Main Marker"            [id=13436, stack(0x000000ecbdb00000,0x000000ecbdc00000) (1024K)]
  0x0000028f2c832160 WorkerThread "G1 Conc#0"                       [id=2368, stack(0x000000ecbdc00000,0x000000ecbdd00000) (1024K)]
  0x0000028f2c887380 ConcurrentGCThread "G1 Refine#0"               [id=5616, stack(0x000000ecbdd00000,0x000000ecbde00000) (1024K)]
  0x0000028f2c887e00 ConcurrentGCThread "G1 Service"                [id=16280, stack(0x000000ecbde00000,0x000000ecbdf00000) (1024K)]
Total: 10

Threads with active compile tasks:
C2 CompilerThread0    20449 8186       4       java.util.ArrayList::<init> (65 bytes)
C2 CompilerThread1    20449 8154   !   4       java.nio.file.FileTreeWalker::visit (204 bytes)
Total: 2

VM state: not at safepoint (normal execution)

VM Mutex/Monitor currently owned by a thread: None

Heap address: 0x0000000080000000, size: 2048 MB, Compressed Oops mode: 32-bit

CDS archive(s) not mapped
Compressed class space mapped at: 0x0000000100000000-0x0000000140000000, reserved size: 1073741824
Narrow klass base: 0x0000000000000000, Narrow klass shift: 3, Narrow klass range: 0x140000000

GC Precious Log:
 CardTable entry size: 512
 Card Set container configuration: InlinePtr #cards 5 size 8 Array Of Cards #cards 12 size 40 Howl #buckets 4 coarsen threshold 1843 Howl Bitmap #cards 512 size 80 coarsen threshold 460 Card regions per heap region 1 cards per card region 2048
 CPUs: 4 total, 4 available
 Memory: 3503M
 Large Page Support: Disabled
 NUMA Support: Disabled
 Compressed Oops: Enabled (32-bit)
 Heap Region Size: 1M
 Heap Min Capacity: 8M
 Heap Initial Capacity: 56M
 Heap Max Capacity: 2G
 Pre-touch: Disabled
 Parallel Workers: 4
 Concurrent Workers: 1
 Concurrent Refinement Workers: 4
 Periodic GC: Disabled

Heap:
 garbage-first heap   total 98304K, used 79124K [0x0000000080000000, 0x0000000100000000)
  region size 1024K, 33 young (33792K), 3 survivors (3072K)
 Metaspace       used 66485K, committed 68096K, reserved 1114112K
  class space    used 9117K, committed 9920K, reserved 1048576K

Heap Regions: E=young(eden), S=young(survivor), O=old, HS=humongous(starts), HC=humongous(continues), CS=collection set, F=free, TAMS=top-at-mark-start, PB=parsable bottom
|   0|0x0000000080000000, 0x0000000080100000, 0x0000000080100000|100%|HS|  |TAMS 0x0000000080000000| PB 0x0000000080000000| Complete 
|   1|0x0000000080100000, 0x0000000080200000, 0x0000000080200000|100%|HC|  |TAMS 0x0000000080100000| PB 0x0000000080100000| Complete 
|   2|0x0000000080200000, 0x0000000080300000, 0x0000000080300000|100%|HC|  |TAMS 0x0000000080200000| PB 0x0000000080200000| Complete 
|   3|0x0000000080300000, 0x0000000080400000, 0x0000000080400000|100%|HC|  |TAMS 0x0000000080300000| PB 0x0000000080300000| Complete 
|   4|0x0000000080400000, 0x0000000080500000, 0x0000000080500000|100%| O|  |TAMS 0x0000000080400000| PB 0x0000000080400000| Untracked 
|   5|0x0000000080500000, 0x0000000080600000, 0x0000000080600000|100%| O|  |TAMS 0x0000000080500000| PB 0x0000000080500000| Untracked 
|   6|0x0000000080600000, 0x0000000080700000, 0x0000000080700000|100%| O|  |TAMS 0x0000000080600000| PB 0x0000000080600000| Untracked 
|   7|0x0000000080700000, 0x0000000080800000, 0x0000000080800000|100%| O|  |TAMS 0x0000000080700000| PB 0x0000000080700000| Untracked 
|   8|0x0000000080800000, 0x0000000080900000, 0x0000000080900000|100%| O|  |TAMS 0x0000000080800000| PB 0x0000000080800000| Untracked 
|   9|0x0000000080900000, 0x0000000080a00000, 0x0000000080a00000|100%| O|  |TAMS 0x0000000080900000| PB 0x0000000080900000| Untracked 
|  10|0x0000000080a00000, 0x0000000080b00000, 0x0000000080b00000|100%| O|  |TAMS 0x0000000080a00000| PB 0x0000000080a00000| Untracked 
|  11|0x0000000080b00000, 0x0000000080c00000, 0x0000000080c00000|100%| O|  |TAMS 0x0000000080b00000| PB 0x0000000080b00000| Untracked 
|  12|0x0000000080c00000, 0x0000000080d00000, 0x0000000080d00000|100%|HS|  |TAMS 0x0000000080c00000| PB 0x0000000080c00000| Complete 
|  13|0x0000000080d00000, 0x0000000080e00000, 0x0000000080e00000|100%| O|  |TAMS 0x0000000080d00000| PB 0x0000000080d00000| Untracked 
|  14|0x0000000080e00000, 0x0000000080f00000, 0x0000000080f00000|100%| O|  |TAMS 0x0000000080e00000| PB 0x0000000080e00000| Untracked 
|  15|0x0000000080f00000, 0x0000000081000000, 0x0000000081000000|100%| O|  |TAMS 0x0000000080f00000| PB 0x0000000080f00000| Untracked 
|  16|0x0000000081000000, 0x0000000081100000, 0x0000000081100000|100%| O|  |TAMS 0x0000000081000000| PB 0x0000000081000000| Untracked 
|  17|0x0000000081100000, 0x0000000081200000, 0x0000000081200000|100%| O|  |TAMS 0x0000000081100000| PB 0x0000000081100000| Untracked 
|  18|0x0000000081200000, 0x0000000081300000, 0x0000000081300000|100%| O|  |TAMS 0x0000000081200000| PB 0x0000000081200000| Untracked 
|  19|0x0000000081300000, 0x0000000081400000, 0x0000000081400000|100%| O|  |TAMS 0x0000000081300000| PB 0x0000000081300000| Untracked 
|  20|0x0000000081400000, 0x0000000081500000, 0x0000000081500000|100%| O|  |TAMS 0x0000000081400000| PB 0x0000000081400000| Untracked 
|  21|0x0000000081500000, 0x0000000081600000, 0x0000000081600000|100%| O|  |TAMS 0x0000000081500000| PB 0x0000000081500000| Untracked 
|  22|0x0000000081600000, 0x0000000081700000, 0x0000000081700000|100%| O|  |TAMS 0x0000000081600000| PB 0x0000000081600000| Untracked 
|  23|0x0000000081700000, 0x0000000081800000, 0x0000000081800000|100%| O|  |TAMS 0x0000000081700000| PB 0x0000000081700000| Untracked 
|  24|0x0000000081800000, 0x0000000081900000, 0x0000000081900000|100%| O|  |TAMS 0x0000000081800000| PB 0x0000000081800000| Untracked 
|  25|0x0000000081900000, 0x0000000081a00000, 0x0000000081a00000|100%| O|  |TAMS 0x0000000081900000| PB 0x0000000081900000| Untracked 
|  26|0x0000000081a00000, 0x0000000081b00000, 0x0000000081b00000|100%| O|  |TAMS 0x0000000081a00000| PB 0x0000000081a00000| Untracked 
|  27|0x0000000081b00000, 0x0000000081c00000, 0x0000000081c00000|100%| O|  |TAMS 0x0000000081b00000| PB 0x0000000081b00000| Untracked 
|  28|0x0000000081c00000, 0x0000000081d00000, 0x0000000081d00000|100%| O|  |TAMS 0x0000000081c00000| PB 0x0000000081c00000| Untracked 
|  29|0x0000000081d00000, 0x0000000081e00000, 0x0000000081e00000|100%| O|  |TAMS 0x0000000081d00000| PB 0x0000000081d00000| Untracked 
|  30|0x0000000081e00000, 0x0000000081f00000, 0x0000000081f00000|100%| O|  |TAMS 0x0000000081e00000| PB 0x0000000081e00000| Untracked 
|  31|0x0000000081f00000, 0x0000000082000000, 0x0000000082000000|100%| O|  |TAMS 0x0000000081f00000| PB 0x0000000081f00000| Untracked 
|  32|0x0000000082000000, 0x0000000082100000, 0x0000000082100000|100%| O|  |TAMS 0x0000000082000000| PB 0x0000000082000000| Untracked 
|  33|0x0000000082100000, 0x0000000082200000, 0x0000000082200000|100%| O|  |TAMS 0x0000000082100000| PB 0x0000000082100000| Untracked 
|  34|0x0000000082200000, 0x0000000082300000, 0x0000000082300000|100%| O|  |TAMS 0x0000000082200000| PB 0x0000000082200000| Untracked 
|  35|0x0000000082300000, 0x0000000082400000, 0x0000000082400000|100%| O|  |TAMS 0x0000000082300000| PB 0x0000000082300000| Untracked 
|  36|0x0000000082400000, 0x0000000082500000, 0x0000000082500000|100%| O|  |TAMS 0x0000000082400000| PB 0x0000000082400000| Untracked 
|  37|0x0000000082500000, 0x0000000082600000, 0x0000000082600000|100%| O|  |TAMS 0x0000000082500000| PB 0x0000000082500000| Untracked 
|  38|0x0000000082600000, 0x0000000082700000, 0x0000000082700000|100%| O|  |TAMS 0x0000000082600000| PB 0x0000000082600000| Untracked 
|  39|0x0000000082700000, 0x0000000082800000, 0x0000000082800000|100%| O|  |TAMS 0x0000000082700000| PB 0x0000000082700000| Untracked 
|  40|0x0000000082800000, 0x0000000082800000, 0x0000000082900000|  0%| F|  |TAMS 0x0000000082800000| PB 0x0000000082800000| Untracked 
|  41|0x0000000082900000, 0x0000000082a00000, 0x0000000082a00000|100%| O|  |TAMS 0x0000000082900000| PB 0x0000000082900000| Untracked 
|  42|0x0000000082a00000, 0x0000000082a00000, 0x0000000082b00000|  0%| F|  |TAMS 0x0000000082a00000| PB 0x0000000082a00000| Untracked 
|  43|0x0000000082b00000, 0x0000000082c00000, 0x0000000082c00000|100%| O|  |TAMS 0x0000000082b00000| PB 0x0000000082b00000| Untracked 
|  44|0x0000000082c00000, 0x0000000082c51300, 0x0000000082d00000| 31%| O|  |TAMS 0x0000000082c00000| PB 0x0000000082c00000| Untracked 
|  45|0x0000000082d00000, 0x0000000082e00000, 0x0000000082e00000|100%| O|  |TAMS 0x0000000082d00000| PB 0x0000000082d00000| Untracked 
|  46|0x0000000082e00000, 0x0000000082f00000, 0x0000000082f00000|100%| O|  |TAMS 0x0000000082e00000| PB 0x0000000082e00000| Untracked 
|  47|0x0000000082f00000, 0x0000000083000000, 0x0000000083000000|100%| O|  |TAMS 0x0000000082f00000| PB 0x0000000082f00000| Untracked 
|  48|0x0000000083000000, 0x0000000083000000, 0x0000000083100000|  0%| F|  |TAMS 0x0000000083000000| PB 0x0000000083000000| Untracked 
|  49|0x0000000083100000, 0x0000000083100000, 0x0000000083200000|  0%| F|  |TAMS 0x0000000083100000| PB 0x0000000083100000| Untracked 
|  50|0x0000000083200000, 0x0000000083200000, 0x0000000083300000|  0%| F|  |TAMS 0x0000000083200000| PB 0x0000000083200000| Untracked 
|  51|0x0000000083300000, 0x0000000083300000, 0x0000000083400000|  0%| F|  |TAMS 0x0000000083300000| PB 0x0000000083300000| Untracked 
|  52|0x0000000083400000, 0x0000000083400000, 0x0000000083500000|  0%| F|  |TAMS 0x0000000083400000| PB 0x0000000083400000| Untracked 
|  53|0x0000000083500000, 0x0000000083500000, 0x0000000083600000|  0%| F|  |TAMS 0x0000000083500000| PB 0x0000000083500000| Untracked 
|  54|0x0000000083600000, 0x0000000083600000, 0x0000000083700000|  0%| F|  |TAMS 0x0000000083600000| PB 0x0000000083600000| Untracked 
|  55|0x0000000083700000, 0x00000000837f3d68, 0x0000000083800000| 95%| S|CS|TAMS 0x0000000083700000| PB 0x0000000083700000| Complete 
|  56|0x0000000083800000, 0x0000000083900000, 0x0000000083900000|100%| S|CS|TAMS 0x0000000083800000| PB 0x0000000083800000| Complete 
|  57|0x0000000083900000, 0x0000000083a00000, 0x0000000083a00000|100%| S|CS|TAMS 0x0000000083900000| PB 0x0000000083900000| Complete 
|  58|0x0000000083a00000, 0x0000000083a00000, 0x0000000083b00000|  0%| F|  |TAMS 0x0000000083a00000| PB 0x0000000083a00000| Untracked 
|  59|0x0000000083b00000, 0x0000000083b00000, 0x0000000083c00000|  0%| F|  |TAMS 0x0000000083b00000| PB 0x0000000083b00000| Untracked 
|  60|0x0000000083c00000, 0x0000000083c00000, 0x0000000083d00000|  0%| F|  |TAMS 0x0000000083c00000| PB 0x0000000083c00000| Untracked 
|  61|0x0000000083d00000, 0x0000000083d00000, 0x0000000083e00000|  0%| F|  |TAMS 0x0000000083d00000| PB 0x0000000083d00000| Untracked 
|  62|0x0000000083e00000, 0x0000000083e00000, 0x0000000083f00000|  0%| F|  |TAMS 0x0000000083e00000| PB 0x0000000083e00000| Untracked 
|  63|0x0000000083f00000, 0x0000000083f00000, 0x0000000084000000|  0%| F|  |TAMS 0x0000000083f00000| PB 0x0000000083f00000| Untracked 
|  64|0x0000000084000000, 0x0000000084000000, 0x0000000084100000|  0%| F|  |TAMS 0x0000000084000000| PB 0x0000000084000000| Untracked 
|  65|0x0000000084100000, 0x0000000084100000, 0x0000000084200000|  0%| F|  |TAMS 0x0000000084100000| PB 0x0000000084100000| Untracked 
|  66|0x0000000084200000, 0x0000000084300000, 0x0000000084300000|100%| E|  |TAMS 0x0000000084200000| PB 0x0000000084200000| Complete 
|  67|0x0000000084300000, 0x0000000084400000, 0x0000000084400000|100%| E|CS|TAMS 0x0000000084300000| PB 0x0000000084300000| Complete 
|  68|0x0000000084400000, 0x0000000084500000, 0x0000000084500000|100%| E|CS|TAMS 0x0000000084400000| PB 0x0000000084400000| Complete 
|  69|0x0000000084500000, 0x0000000084600000, 0x0000000084600000|100%| E|CS|TAMS 0x0000000084500000| PB 0x0000000084500000| Complete 
|  70|0x0000000084600000, 0x0000000084700000, 0x0000000084700000|100%| E|CS|TAMS 0x0000000084600000| PB 0x0000000084600000| Complete 
|  71|0x0000000084700000, 0x0000000084800000, 0x0000000084800000|100%| E|CS|TAMS 0x0000000084700000| PB 0x0000000084700000| Complete 
|  72|0x0000000084800000, 0x0000000084900000, 0x0000000084900000|100%| E|CS|TAMS 0x0000000084800000| PB 0x0000000084800000| Complete 
|  73|0x0000000084900000, 0x0000000084a00000, 0x0000000084a00000|100%| E|CS|TAMS 0x0000000084900000| PB 0x0000000084900000| Complete 
|  74|0x0000000084a00000, 0x0000000084b00000, 0x0000000084b00000|100%| E|CS|TAMS 0x0000000084a00000| PB 0x0000000084a00000| Complete 
|  75|0x0000000084b00000, 0x0000000084c00000, 0x0000000084c00000|100%| E|CS|TAMS 0x0000000084b00000| PB 0x0000000084b00000| Complete 
|  76|0x0000000084c00000, 0x0000000084d00000, 0x0000000084d00000|100%| E|CS|TAMS 0x0000000084c00000| PB 0x0000000084c00000| Complete 
|  77|0x0000000084d00000, 0x0000000084e00000, 0x0000000084e00000|100%| E|CS|TAMS 0x0000000084d00000| PB 0x0000000084d00000| Complete 
|  78|0x0000000084e00000, 0x0000000084f00000, 0x0000000084f00000|100%| E|CS|TAMS 0x0000000084e00000| PB 0x0000000084e00000| Complete 
|  79|0x0000000084f00000, 0x0000000085000000, 0x0000000085000000|100%| E|CS|TAMS 0x0000000084f00000| PB 0x0000000084f00000| Complete 
|  80|0x0000000085000000, 0x0000000085100000, 0x0000000085100000|100%| E|CS|TAMS 0x0000000085000000| PB 0x0000000085000000| Complete 
|  81|0x0000000085100000, 0x0000000085200000, 0x0000000085200000|100%| E|CS|TAMS 0x0000000085100000| PB 0x0000000085100000| Complete 
|  82|0x0000000085200000, 0x0000000085300000, 0x0000000085300000|100%| E|CS|TAMS 0x0000000085200000| PB 0x0000000085200000| Complete 
|  83|0x0000000085300000, 0x0000000085400000, 0x0000000085400000|100%| E|CS|TAMS 0x0000000085300000| PB 0x0000000085300000| Complete 
|  84|0x0000000085400000, 0x0000000085500000, 0x0000000085500000|100%| E|CS|TAMS 0x0000000085400000| PB 0x0000000085400000| Complete 
|  85|0x0000000085500000, 0x0000000085600000, 0x0000000085600000|100%| E|CS|TAMS 0x0000000085500000| PB 0x0000000085500000| Complete 
|  86|0x0000000085600000, 0x0000000085700000, 0x0000000085700000|100%| E|CS|TAMS 0x0000000085600000| PB 0x0000000085600000| Complete 
|  87|0x0000000085700000, 0x0000000085800000, 0x0000000085800000|100%| E|CS|TAMS 0x0000000085700000| PB 0x0000000085700000| Complete 
|  88|0x0000000085800000, 0x0000000085900000, 0x0000000085900000|100%| E|CS|TAMS 0x0000000085800000| PB 0x0000000085800000| Complete 
|  89|0x0000000085900000, 0x0000000085a00000, 0x0000000085a00000|100%| E|CS|TAMS 0x0000000085900000| PB 0x0000000085900000| Complete 
|  90|0x0000000085a00000, 0x0000000085b00000, 0x0000000085b00000|100%| E|CS|TAMS 0x0000000085a00000| PB 0x0000000085a00000| Complete 
|  91|0x0000000085b00000, 0x0000000085c00000, 0x0000000085c00000|100%| E|CS|TAMS 0x0000000085b00000| PB 0x0000000085b00000| Complete 
|  92|0x0000000085c00000, 0x0000000085d00000, 0x0000000085d00000|100%| E|CS|TAMS 0x0000000085c00000| PB 0x0000000085c00000| Complete 
|  93|0x0000000085d00000, 0x0000000085e00000, 0x0000000085e00000|100%| E|CS|TAMS 0x0000000085d00000| PB 0x0000000085d00000| Complete 
|  94|0x0000000085e00000, 0x0000000085f00000, 0x0000000085f00000|100%| E|CS|TAMS 0x0000000085e00000| PB 0x0000000085e00000| Complete 
|  95|0x0000000085f00000, 0x0000000086000000, 0x0000000086000000|100%| E|CS|TAMS 0x0000000085f00000| PB 0x0000000085f00000| Complete 

Card table byte_map: [0x0000028f3ed10000,0x0000028f3f110000] _byte_map_base: 0x0000028f3e910000

Marking Bits: (CMBitMap*) 0x0000028f2c81f890
 Bits: [0x0000028f3f110000, 0x0000028f41110000)

Polling page: 0x0000028f2a720000

Metaspace:

Usage:
  Non-class:     56.02 MB used.
      Class:      8.90 MB used.
       Both:     64.93 MB used.

Virtual space:
  Non-class space:       64.00 MB reserved,      56.81 MB ( 89%) committed,  1 nodes.
      Class space:        1.00 GB reserved,       9.69 MB ( <1%) committed,  1 nodes.
             Both:        1.06 GB reserved,      66.50 MB (  6%) committed. 

Chunk freelists:
   Non-Class:  6.27 MB
       Class:  6.17 MB
        Both:  12.43 MB

MaxMetaspaceSize: unlimited
CompressedClassSpaceSize: 1.00 GB
Initial GC threshold: 21.00 MB
Current GC threshold: 110.62 MB
CDS: off
 - commit_granule_bytes: 65536.
 - commit_granule_words: 8192.
 - virtual_space_node_default_size: 8388608.
 - enlarge_chunks_in_place: 1.
 - use_allocation_guard: 0.


Internal statistics:

num_allocs_failed_limit: 6.
num_arena_births: 3000.
num_arena_deaths: 0.
num_vsnodes_births: 2.
num_vsnodes_deaths: 0.
num_space_committed: 1064.
num_space_uncommitted: 0.
num_chunks_returned_to_freelist: 6.
num_chunks_taken_from_freelist: 5630.
num_chunk_merges: 6.
num_chunk_splits: 3672.
num_chunks_enlarged: 2323.
num_inconsistent_stats: 0.

CodeHeap 'non-profiled nmethods': size=120000Kb used=3763Kb max_used=3763Kb free=116237Kb
 bounds [0x0000028f373e0000, 0x0000028f37790000, 0x0000028f3e910000]
CodeHeap 'profiled nmethods': size=120000Kb used=12909Kb max_used=12909Kb free=107090Kb
 bounds [0x0000028f2f910000, 0x0000028f305b0000, 0x0000028f36e40000]
CodeHeap 'non-nmethods': size=5760Kb used=1977Kb max_used=2043Kb free=3782Kb
 bounds [0x0000028f36e40000, 0x0000028f370b0000, 0x0000028f373e0000]
 total_blobs=7853 nmethods=7100 adapters=656
 compilation: enabled
              stopped_count=0, restarted_count=0
 full_count=0

Compilation events (20 events):
Event: 20.110 Thread 0x0000028f4392e780 nmethod 8165 0x0000028f305a0890 code [0x0000028f305a0a60, 0x0000028f305a0e50]
Event: 20.111 Thread 0x0000028f4390c520 8166       4       java.io.BufferedOutputStream::growIfNeeded (59 bytes)
Event: 20.112 Thread 0x0000028f4390c520 nmethod 8166 0x0000028f37788810 code [0x0000028f377889a0, 0x0000028f37788a90]
Event: 20.117 Thread 0x0000028f4392e780 8167       3       sun.management.spi.PlatformMBeanProvider$PlatformComponent::getMBeans (87 bytes)
Event: 20.118 Thread 0x0000028f4392e780 nmethod 8167 0x0000028f305a0f90 code [0x0000028f305a1320, 0x0000028f305a2928]
Event: 20.124 Thread 0x0000028f4390c520 8168       4       java.lang.String::encode (48 bytes)
Event: 20.128 Thread 0x0000028f4392e780 8169       3       sun.management.MemoryPoolImpl::getType (15 bytes)
Event: 20.128 Thread 0x0000028f4392e780 nmethod 8169 0x0000028f305a3010 code [0x0000028f305a31c0, 0x0000028f305a3340]
Event: 20.209 Thread 0x0000028f4392e780 8172       3       java.util.Collections::singletonSpliterator (9 bytes)
Event: 20.210 Thread 0x0000028f4392e780 nmethod 8172 0x0000028f305a3410 code [0x0000028f305a35c0, 0x0000028f305a3828]
Event: 20.210 Thread 0x0000028f4392e780 8173       3       java.util.Collections$2::<init> (15 bytes)
Event: 20.210 Thread 0x0000028f4392e780 nmethod 8173 0x0000028f305a3910 code [0x0000028f305a3ac0, 0x0000028f305a3c98]
Event: 20.210 Thread 0x0000028f4392e780 8174       3       java.util.Collections$2::forEachRemaining (7 bytes)
Event: 20.210 Thread 0x0000028f4392e780 nmethod 8174 0x0000028f305a3d90 code [0x0000028f305a3f40, 0x0000028f305a4098]
Event: 20.259 Thread 0x0000028f4392e780 8175       3       org.gradle.api.internal.artifacts.transform.TransformStep$$Lambda/0x00000001009cdee8::get (24 bytes)
Event: 20.260 Thread 0x0000028f4392e780 nmethod 8175 0x0000028f305a4190 code [0x0000028f305a4340, 0x0000028f305a4498]
Event: 20.270 Thread 0x0000028f4392e780 8176       3       org.gradle.api.internal.artifacts.transform.TransformStep::doTransform (112 bytes)
Event: 20.272 Thread 0x0000028f4392e780 nmethod 8176 0x0000028f305a4590 code [0x0000028f305a48c0, 0x0000028f305a5d98]
Event: 20.283 Thread 0x0000028f4392e780 8177 % !   3       java.util.concurrent.ConcurrentHashMap::transfer @ 96 (849 bytes)
Event: 20.355 Thread 0x0000028f4392e780 nmethod 8177% 0x0000028f305a6490 code [0x0000028f305a6900, 0x0000028f305a91b8]

GC Heap History (20 events):
Event: 12.928 GC heap before
{Heap before GC invocations=17 (full 0):
 garbage-first heap   total 69632K, used 61460K [0x0000000080000000, 0x0000000100000000)
  region size 1024K, 26 young (26624K), 2 survivors (2048K)
 Metaspace       used 56092K, committed 57536K, reserved 1114112K
  class space    used 7638K, committed 8320K, reserved 1048576K
}
Event: 12.933 GC heap after
{Heap after GC invocations=18 (full 0):
 garbage-first heap   total 69632K, used 38395K [0x0000000080000000, 0x0000000100000000)
  region size 1024K, 3 young (3072K), 3 survivors (3072K)
 Metaspace       used 56092K, committed 57536K, reserved 1114112K
  class space    used 7638K, committed 8320K, reserved 1048576K
}
Event: 13.576 GC heap before
{Heap before GC invocations=18 (full 0):
 garbage-first heap   total 69632K, used 59899K [0x0000000080000000, 0x0000000100000000)
  region size 1024K, 25 young (25600K), 3 survivors (3072K)
 Metaspace       used 59322K, committed 60800K, reserved 1114112K
  class space    used 8123K, committed 8832K, reserved 1048576K
}
Event: 13.582 GC heap after
{Heap after GC invocations=19 (full 0):
 garbage-first heap   total 69632K, used 39341K [0x0000000080000000, 0x0000000100000000)
  region size 1024K, 3 young (3072K), 3 survivors (3072K)
 Metaspace       used 59322K, committed 60800K, reserved 1114112K
  class space    used 8123K, committed 8832K, reserved 1048576K
}
Event: 14.502 GC heap before
{Heap before GC invocations=20 (full 0):
 garbage-first heap   total 70656K, used 61869K [0x0000000080000000, 0x0000000100000000)
  region size 1024K, 25 young (25600K), 3 survivors (3072K)
 Metaspace       used 62149K, committed 63744K, reserved 1114112K
  class space    used 8613K, committed 9408K, reserved 1048576K
}
Event: 14.510 GC heap after
{Heap after GC invocations=21 (full 0):
 garbage-first heap   total 70656K, used 41012K [0x0000000080000000, 0x0000000100000000)
  region size 1024K, 4 young (4096K), 4 survivors (4096K)
 Metaspace       used 62149K, committed 63744K, reserved 1114112K
  class space    used 8613K, committed 9408K, reserved 1048576K
}
Event: 15.476 GC heap before
{Heap before GC invocations=21 (full 0):
 garbage-first heap   total 70656K, used 61492K [0x0000000080000000, 0x0000000100000000)
  region size 1024K, 24 young (24576K), 4 survivors (4096K)
 Metaspace       used 64562K, committed 66176K, reserved 1114112K
  class space    used 8960K, committed 9728K, reserved 1048576K
}
Event: 15.484 GC heap after
{Heap after GC invocations=22 (full 0):
 garbage-first heap   total 70656K, used 41828K [0x0000000080000000, 0x0000000100000000)
  region size 1024K, 3 young (3072K), 3 survivors (3072K)
 Metaspace       used 64562K, committed 66176K, reserved 1114112K
  class space    used 8960K, committed 9728K, reserved 1048576K
}
Event: 16.709 GC heap before
{Heap before GC invocations=22 (full 0):
 garbage-first heap   total 70656K, used 62308K [0x0000000080000000, 0x0000000100000000)
  region size 1024K, 24 young (24576K), 3 survivors (3072K)
 Metaspace       used 65606K, committed 67200K, reserved 1114112K
  class space    used 9065K, committed 9856K, reserved 1048576K
}
Event: 16.720 GC heap after
{Heap after GC invocations=23 (full 0):
 garbage-first heap   total 70656K, used 44995K [0x0000000080000000, 0x0000000100000000)
  region size 1024K, 3 young (3072K), 3 survivors (3072K)
 Metaspace       used 65606K, committed 67200K, reserved 1114112K
  class space    used 9065K, committed 9856K, reserved 1048576K
}
Event: 17.152 GC heap before
{Heap before GC invocations=24 (full 0):
 garbage-first heap   total 81920K, used 62403K [0x0000000080000000, 0x0000000100000000)
  region size 1024K, 21 young (21504K), 3 survivors (3072K)
 Metaspace       used 65865K, committed 67456K, reserved 1114112K
  class space    used 9088K, committed 9856K, reserved 1048576K
}
Event: 17.161 GC heap after
{Heap after GC invocations=25 (full 0):
 garbage-first heap   total 81920K, used 48262K [0x0000000080000000, 0x0000000100000000)
  region size 1024K, 3 young (3072K), 3 survivors (3072K)
 Metaspace       used 65865K, committed 67456K, reserved 1114112K
  class space    used 9088K, committed 9856K, reserved 1048576K
}
Event: 17.777 GC heap before
{Heap before GC invocations=25 (full 0):
 garbage-first heap   total 81920K, used 70790K [0x0000000080000000, 0x0000000100000000)
  region size 1024K, 26 young (26624K), 3 survivors (3072K)
 Metaspace       used 66145K, committed 67776K, reserved 1114112K
  class space    used 9110K, committed 9920K, reserved 1048576K
}
Event: 17.784 GC heap after
{Heap after GC invocations=26 (full 0):
 garbage-first heap   total 81920K, used 48853K [0x0000000080000000, 0x0000000100000000)
  region size 1024K, 3 young (3072K), 3 survivors (3072K)
 Metaspace       used 66145K, committed 67776K, reserved 1114112K
  class space    used 9110K, committed 9920K, reserved 1048576K
}
Event: 18.524 GC heap before
{Heap before GC invocations=26 (full 0):
 garbage-first heap   total 81920K, used 71381K [0x0000000080000000, 0x0000000100000000)
  region size 1024K, 25 young (25600K), 3 survivors (3072K)
 Metaspace       used 66360K, committed 67968K, reserved 1114112K
  class space    used 9116K, committed 9920K, reserved 1048576K
}
Event: 18.584 GC heap after
{Heap after GC invocations=27 (full 0):
 garbage-first heap   total 98304K, used 49462K [0x0000000080000000, 0x0000000100000000)
  region size 1024K, 3 young (3072K), 3 survivors (3072K)
 Metaspace       used 66360K, committed 67968K, reserved 1114112K
  class space    used 9116K, committed 9920K, reserved 1048576K
}
Event: 19.384 GC heap before
{Heap before GC invocations=28 (full 0):
 garbage-first heap   total 98304K, used 83254K [0x0000000080000000, 0x0000000100000000)
  region size 1024K, 37 young (37888K), 3 survivors (3072K)
 Metaspace       used 66459K, committed 68096K, reserved 1114112K
  class space    used 9116K, committed 9920K, reserved 1048576K
}
Event: 19.390 GC heap after
{Heap after GC invocations=29 (full 0):
 garbage-first heap   total 98304K, used 50292K [0x0000000080000000, 0x0000000100000000)
  region size 1024K, 4 young (4096K), 4 survivors (4096K)
 Metaspace       used 66459K, committed 68096K, reserved 1114112K
  class space    used 9116K, committed 9920K, reserved 1048576K
}
Event: 20.028 GC heap before
{Heap before GC invocations=29 (full 0):
 garbage-first heap   total 98304K, used 84084K [0x0000000080000000, 0x0000000100000000)
  region size 1024K, 38 young (38912K), 4 survivors (4096K)
 Metaspace       used 66475K, committed 68096K, reserved 1114112K
  class space    used 9117K, committed 9920K, reserved 1048576K
}
Event: 20.035 GC heap after
{Heap after GC invocations=30 (full 0):
 garbage-first heap   total 98304K, used 49428K [0x0000000080000000, 0x0000000100000000)
  region size 1024K, 3 young (3072K), 3 survivors (3072K)
 Metaspace       used 66475K, committed 68096K, reserved 1114112K
  class space    used 9117K, committed 9920K, reserved 1048576K
}

Dll operation events (3 events):
Event: 0.062 Loaded shared library C:\Program Files\Android\Android Studio\jbr\bin\java.dll
Event: 0.088 Loaded shared library C:\Program Files\Android\Android Studio\jbr\bin\zip.dll
Event: 1.398 Loaded shared library C:\Program Files\Android\Android Studio\jbr\bin\verify.dll

Deoptimization events (20 events):
Event: 19.554 Thread 0x0000028f48f35de0 DEOPT UNPACKING pc=0x0000028f36e946a2 sp=0x000000ecc0bfe348 mode 2
Event: 19.568 Thread 0x0000028f48f32960 Uncommon trap: trap_request=0xffffffbe fr.pc=0x0000028f3763e204 relative=0x0000000000000c24
Event: 19.568 Thread 0x0000028f48f32960 Uncommon trap: reason=profile_predicate action=maybe_recompile pc=0x0000028f3763e204 method=org.gradle.tooling.internal.provider.runner.ClientBuildEventGenerator.started(Lorg/gradle/internal/operations/BuildOperationDescriptor;Lorg/gradle/internal/operati
Event: 19.568 Thread 0x0000028f48f32960 DEOPT PACKING pc=0x0000028f3763e204 sp=0x000000ecc0cfe8e0
Event: 19.568 Thread 0x0000028f48f32960 DEOPT UNPACKING pc=0x0000028f36e946a2 sp=0x000000ecc0cfe898 mode 2
Event: 19.589 Thread 0x0000028f4a2bdad0 Uncommon trap: trap_request=0xffffffbe fr.pc=0x0000028f3763e204 relative=0x0000000000000c24
Event: 19.589 Thread 0x0000028f4a2bdad0 Uncommon trap: reason=profile_predicate action=maybe_recompile pc=0x0000028f3763e204 method=org.gradle.tooling.internal.provider.runner.ClientBuildEventGenerator.started(Lorg/gradle/internal/operations/BuildOperationDescriptor;Lorg/gradle/internal/operati
Event: 19.589 Thread 0x0000028f4a2bdad0 DEOPT PACKING pc=0x0000028f3763e204 sp=0x000000ecc0afe2c0
Event: 19.589 Thread 0x0000028f4a2bdad0 DEOPT UNPACKING pc=0x0000028f36e946a2 sp=0x000000ecc0afe278 mode 2
Event: 19.635 Thread 0x0000028f499e71f0 Uncommon trap: trap_request=0xfffffff4 fr.pc=0x0000028f37638754 relative=0x0000000000000bf4
Event: 19.635 Thread 0x0000028f499e71f0 Uncommon trap: reason=null_check action=make_not_entrant pc=0x0000028f37638754 method=org.gradle.tooling.internal.provider.runner.ClientBuildEventGenerator$Disabled.accept(Lorg/gradle/internal/operations/BuildOperationDescriptor;)Lorg/gradle/tooling/inter
Event: 19.635 Thread 0x0000028f499e71f0 DEOPT PACKING pc=0x0000028f37638754 sp=0x000000ecbf4f7230
Event: 19.635 Thread 0x0000028f499e71f0 DEOPT UNPACKING pc=0x0000028f36e946a2 sp=0x000000ecbf4f7178 mode 2
Event: 20.304 Thread 0x0000028f48f35de0 Uncommon trap: trap_request=0xffffff45 fr.pc=0x0000028f3774d8cc relative=0x000000000000026c
Event: 20.304 Thread 0x0000028f48f35de0 Uncommon trap: reason=unstable_if action=reinterpret pc=0x0000028f3774d8cc method=java.util.concurrent.ConcurrentHashMap.addCount(JI)V @ 171 c2
Event: 20.304 Thread 0x0000028f48f35de0 DEOPT PACKING pc=0x0000028f3774d8cc sp=0x000000ecc0bfdcd0
Event: 20.309 Thread 0x0000028f499e71f0 Uncommon trap: trap_request=0xffffff45 fr.pc=0x0000028f3759ece8 relative=0x0000000000000e48
Event: 20.309 Thread 0x0000028f499e71f0 Uncommon trap: reason=unstable_if action=reinterpret pc=0x0000028f3759ece8 method=java.util.concurrent.ConcurrentHashMap.putVal(Ljava/lang/Object;Ljava/lang/Object;Z)Ljava/lang/Object; @ 112 c2
Event: 20.309 Thread 0x0000028f499e71f0 DEOPT PACKING pc=0x0000028f3759ece8 sp=0x000000ecbf4f6c30
Event: 20.355 Thread 0x0000028f48f35de0 DEOPT UNPACKING pc=0x0000028f36e946a2 sp=0x000000ecc0bfdc10 mode 2

Classes loaded (20 events):
Event: 15.106 Loading class jdk/internal/access/JavaObjectInputFilterAccess
Event: 15.106 Loading class jdk/internal/access/JavaObjectInputFilterAccess done
Event: 15.106 Loading class java/lang/System$Logger$Level
Event: 15.106 Loading class java/lang/System$Logger$Level done
Event: 15.107 Loading class jdk/internal/event/DeserializationEvent
Event: 15.107 Loading class jdk/internal/event/DeserializationEvent done
Event: 15.108 Loading class java/io/ObjectInputStream$FieldValues
Event: 15.108 Loading class java/io/ObjectInputStream$GetField
Event: 15.108 Loading class java/io/ObjectInputStream$GetField done
Event: 15.108 Loading class java/io/ObjectInputStream$FieldValues done
Event: 15.118 Loading class sun/reflect/ReflectionFactory
Event: 15.118 Loading class sun/reflect/ReflectionFactory done
Event: 15.118 Loading class sun/reflect/ReflectionFactory$1
Event: 15.118 Loading class sun/reflect/ReflectionFactory$1 done
Event: 16.084 Loading class java/util/Collections$ReverseComparator
Event: 16.084 Loading class java/util/Collections$ReverseComparator done
Event: 16.084 Loading class java/util/Collections$ReverseComparator2
Event: 16.084 Loading class java/util/Collections$ReverseComparator2 done
Event: 17.833 Loading class java/lang/foreign/MemorySegment
Event: 17.834 Loading class java/lang/foreign/MemorySegment done

Classes unloaded (0 events):
No events

Classes redefined (0 events):
No events

Internal exceptions (20 events):
Event: 15.052 Thread 0x0000028f499e71f0 Exception <a 'java/lang/NoSuchMethodError'{0x0000000083cd6320}: static Lorg/gradle/api/internal/catalog/DefaultVersionCatalog;.<clinit>()V> (0x0000000083cd6320) 
thrown [s\src\hotspot\share\prims\jni.cpp, line 1126]
Event: 15.063 Thread 0x0000028f499e71f0 Exception <a 'java/lang/NoSuchMethodError'{0x0000000083b2a840}: static [Ljava/lang/Object;.<clinit>()V> (0x0000000083b2a840) 
thrown [s\src\hotspot\share\prims\jni.cpp, line 1126]
Event: 15.066 Thread 0x0000028f499e71f0 Exception <a 'java/lang/NoSuchMethodError'{0x0000000083b537d0}: static Lorg/gradle/api/internal/catalog/DependencyModel;.<clinit>()V> (0x0000000083b537d0) 
thrown [s\src\hotspot\share\prims\jni.cpp, line 1126]
Event: 15.067 Thread 0x0000028f499e71f0 Exception <a 'java/lang/NoSuchMethodError'{0x0000000083b578c8}: static Lorg/gradle/api/internal/catalog/AbstractContextAwareModel;.<clinit>()V> (0x0000000083b578c8) 
thrown [s\src\hotspot\share\prims\jni.cpp, line 1126]
Event: 15.070 Thread 0x0000028f499e71f0 Exception <a 'java/lang/NoSuchMethodError'{0x0000000083b71ae8}: static Lorg/gradle/api/internal/artifacts/dependencies/AbstractVersionConstraint;.<clinit>()V> (0x0000000083b71ae8) 
thrown [s\src\hotspot\share\prims\jni.cpp, line 1126]
Event: 15.086 Thread 0x0000028f499e71f0 Exception <a 'java/lang/NoSuchMethodError'{0x0000000083bd53d0}: static Lorg/gradle/api/internal/catalog/PluginModel;.<clinit>()V> (0x0000000083bd53d0) 
thrown [s\src\hotspot\share\prims\jni.cpp, line 1126]
Event: 15.088 Thread 0x0000028f499e71f0 Exception <a 'java/lang/NoSuchMethodError'{0x0000000083bec9d8}: static Lorg/gradle/api/internal/catalog/VersionModel;.<clinit>()V> (0x0000000083bec9d8) 
thrown [s\src\hotspot\share\prims\jni.cpp, line 1126]
Event: 15.096 Thread 0x0000028f499e71f0 Exception <a 'java/lang/NoSuchMethodError'{0x0000000083a12d90}: 'void java.lang.invoke.DirectMethodHandle$Holder.invokeSpecial(java.lang.Object, java.lang.Object, java.lang.Object, int)'> (0x0000000083a12d90) 
thrown [s\src\hotspot\share\interpreter\linkResolver.cpp, line 784]
Event: 15.290 Thread 0x0000028f499e71f0 Exception <a 'java/lang/NoSuchMethodError'{0x0000000083645938}: 'int java.lang.invoke.DirectMethodHandle$Holder.invokeSpecialIFC(java.lang.Object, java.lang.Object, java.lang.Object)'> (0x0000000083645938) 
thrown [s\src\hotspot\share\interpreter\linkResolver.cpp, line 784]
Event: 15.404 Thread 0x0000028f499e71f0 Exception <a 'java/lang/NoSuchMethodError'{0x00000000833f3d68}: 'java.lang.Object java.lang.invoke.DirectMethodHandle$Holder.invokeSpecial(java.lang.Object, java.lang.Object, java.lang.Object, java.lang.Object, java.lang.Object, long)'> (0x00000000833f3d68) 
thrown [s\src\hotspot\share\interpreter\linkResolver.cpp, line 784]
Event: 15.407 Thread 0x0000028f499e71f0 Exception <a 'java/lang/NoSuchMethodError'{0x00000000832147d0}: 'void java.lang.invoke.DirectMethodHandle$Holder.invokeStatic(java.lang.Object, java.lang.Object, java.lang.Object, int, java.lang.Object)'> (0x00000000832147d0) 
thrown [s\src\hotspot\share\interpreter\linkResolver.cpp, line 784]
Event: 16.580 Thread 0x0000028f499e71f0 Exception <a 'java/lang/NoSuchMethodError'{0x0000000083249d18}: 'java.lang.Object java.lang.invoke.DirectMethodHandle$Holder.newInvokeSpecial(java.lang.Object, java.lang.Object, java.lang.Object, java.lang.Object, int, java.lang.Object)'> (0x0000000083249d18) 
thrown [s\src\hotspot\share\interpreter\linkResolver.cpp, line 784]
Event: 16.581 Thread 0x0000028f499e71f0 Exception <a 'java/lang/NoSuchMethodError'{0x0000000083252558}: 'java.lang.Object java.lang.invoke.Invokers$Holder.linkToTargetMethod(java.lang.Object, java.lang.Object, java.lang.Object, int, java.lang.Object, java.lang.Object)'> (0x0000000083252558) 
thrown [s\src\hotspot\share\interpreter\linkResolver.cpp, line 784]
Event: 17.787 Thread 0x0000028f499e71f0 Exception <a 'java/lang/NoSuchMethodError'{0x0000000084f11e00}: 'java.lang.Object java.lang.invoke.DirectMethodHandle$Holder.invokeSpecialIFC(java.lang.Object, java.lang.Object, java.lang.Object)'> (0x0000000084f11e00) 
thrown [s\src\hotspot\share\interpreter\linkResolver.cpp, line 784]
Event: 19.088 Thread 0x0000028f48f32960 Implicit null exception at 0x0000028f3768526b to 0x0000028f37685324
Event: 19.546 Thread 0x0000028f499e71f0 Implicit null exception at 0x0000028f3763d906 to 0x0000028f3763e1f0
Event: 19.554 Thread 0x0000028f48f35de0 Implicit null exception at 0x0000028f3763d906 to 0x0000028f3763e1f0
Event: 19.568 Thread 0x0000028f48f32960 Implicit null exception at 0x0000028f3763d906 to 0x0000028f3763e1f0
Event: 19.589 Thread 0x0000028f4a2bdad0 Implicit null exception at 0x0000028f3763d906 to 0x0000028f3763e1f0
Event: 19.635 Thread 0x0000028f499e71f0 Implicit null exception at 0x0000028f37638055 to 0x0000028f3763873c

ZGC Phase Switch (0 events):
No events

VM Operations (20 events):
Event: 16.877 Executing VM operation: G1PauseCleanup
Event: 16.878 Executing VM operation: G1PauseCleanup done
Event: 17.152 Executing VM operation: G1CollectForAllocation (G1 Evacuation Pause)
Event: 17.162 Executing VM operation: G1CollectForAllocation (G1 Evacuation Pause) done
Event: 17.669 Executing VM operation: HandshakeAllThreads (Deoptimize)
Event: 17.669 Executing VM operation: HandshakeAllThreads (Deoptimize) done
Event: 17.752 Executing VM operation: HandshakeAllThreads (Deoptimize)
Event: 17.752 Executing VM operation: HandshakeAllThreads (Deoptimize) done
Event: 17.777 Executing VM operation: G1CollectForAllocation (G1 Evacuation Pause)
Event: 17.784 Executing VM operation: G1CollectForAllocation (G1 Evacuation Pause) done
Event: 18.523 Executing VM operation: G1CollectForAllocation (G1 Evacuation Pause)
Event: 18.588 Executing VM operation: G1CollectForAllocation (G1 Evacuation Pause) done
Event: 18.704 Executing VM operation: G1PauseRemark
Event: 18.713 Executing VM operation: G1PauseRemark done
Event: 18.763 Executing VM operation: G1PauseCleanup
Event: 18.763 Executing VM operation: G1PauseCleanup done
Event: 19.384 Executing VM operation: G1CollectForAllocation (G1 Evacuation Pause)
Event: 19.391 Executing VM operation: G1CollectForAllocation (G1 Evacuation Pause) done
Event: 20.028 Executing VM operation: G1CollectForAllocation (G1 Evacuation Pause)
Event: 20.036 Executing VM operation: G1CollectForAllocation (G1 Evacuation Pause) done

Events (20 events):
Event: 18.713 Thread 0x0000028f435dd9c0 flushing nmethod 0x0000028f37653010
Event: 18.713 Thread 0x0000028f435dd9c0 flushing nmethod 0x0000028f37614610
Event: 18.713 Thread 0x0000028f435dd9c0 flushing nmethod 0x0000028f375ff090
Event: 18.713 Thread 0x0000028f435dd9c0 flushing nmethod 0x0000028f375cc690
Event: 18.713 Thread 0x0000028f435dd9c0 flushing nmethod 0x0000028f375e2510
Event: 18.713 Thread 0x0000028f435dd9c0 flushing nmethod 0x0000028f375aee10
Event: 18.713 Thread 0x0000028f435dd9c0 flushing nmethod 0x0000028f375a0290
Event: 18.713 Thread 0x0000028f435dd9c0 flushing nmethod 0x0000028f3759d190
Event: 18.713 Thread 0x0000028f435dd9c0 flushing nmethod 0x0000028f3759b110
Event: 18.713 Thread 0x0000028f435dd9c0 flushing nmethod 0x0000028f37591a10
Event: 18.713 Thread 0x0000028f435dd9c0 flushing nmethod 0x0000028f37583410
Event: 18.713 Thread 0x0000028f435dd9c0 flushing nmethod 0x0000028f3757b510
Event: 18.713 Thread 0x0000028f435dd9c0 flushing nmethod 0x0000028f37511190
Event: 18.713 Thread 0x0000028f435dd9c0 flushing nmethod 0x0000028f374f8410
Event: 18.713 Thread 0x0000028f435dd9c0 flushing nmethod 0x0000028f374d5f10
Event: 18.713 Thread 0x0000028f435dd9c0 flushing nmethod 0x0000028f3749c390
Event: 18.713 Thread 0x0000028f435dd9c0 flushing nmethod 0x0000028f3746e990
Event: 18.713 Thread 0x0000028f435dd9c0 flushing nmethod 0x0000028f37462c90
Event: 18.713 Thread 0x0000028f435dd9c0 flushing nmethod 0x0000028f3741d590
Event: 18.713 Thread 0x0000028f435dd9c0 flushing nmethod 0x0000028f3740b110


Dynamic libraries:
0x00007ff7084c0000 - 0x00007ff7084ca000 	C:\Program Files\Android\Android Studio\jbr\bin\java.exe
0x00007ffa14b00000 - 0x00007ffa14d60000 	C:\WINDOWS\SYSTEM32\ntdll.dll
0x00007ffa13db0000 - 0x00007ffa13e77000 	C:\WINDOWS\System32\KERNEL32.DLL
0x00007ffa12230000 - 0x00007ffa125fa000 	C:\WINDOWS\System32\KERNELBASE.dll
0x00007ffa120e0000 - 0x00007ffa1222b000 	C:\WINDOWS\System32\ucrtbase.dll
0x00007ff9ff640000 - 0x00007ff9ff65b000 	C:\Program Files\Android\Android Studio\jbr\bin\VCRUNTIME140.dll
0x00007ff9c3270000 - 0x00007ff9c3288000 	C:\Program Files\Android\Android Studio\jbr\bin\jli.dll
0x00007ffa14310000 - 0x00007ffa144dc000 	C:\WINDOWS\System32\USER32.dll
0x00007ffa12830000 - 0x00007ffa12857000 	C:\WINDOWS\System32\win32u.dll
0x00007ff9f3a10000 - 0x00007ff9f3ca7000 	C:\WINDOWS\WinSxS\amd64_microsoft.windows.common-controls_6595b64144ccf1df_6.0.26100.3624_none_3e086962e3345f24\COMCTL32.dll
0x00007ffa13fb0000 - 0x00007ffa13fda000 	C:\WINDOWS\System32\GDI32.dll
0x00007ffa14060000 - 0x00007ffa14109000 	C:\WINDOWS\System32\msvcrt.dll
0x00007ffa11da0000 - 0x00007ffa11ed1000 	C:\WINDOWS\System32\gdi32full.dll
0x00007ffa12600000 - 0x00007ffa126a3000 	C:\WINDOWS\System32\msvcp_win.dll
0x00007ffa14a80000 - 0x00007ffa14aaf000 	C:\WINDOWS\System32\IMM32.DLL
0x00007ffa0cc60000 - 0x00007ffa0cc6c000 	C:\Program Files\Android\Android Studio\jbr\bin\vcruntime140_1.dll
0x00007ff9b8e10000 - 0x00007ff9b8e9d000 	C:\Program Files\Android\Android Studio\jbr\bin\msvcp140.dll
0x00007ff99f750000 - 0x00007ff9a03cd000 	C:\Program Files\Android\Android Studio\jbr\bin\server\jvm.dll
0x00007ffa13cf0000 - 0x00007ffa13da2000 	C:\WINDOWS\System32\ADVAPI32.dll
0x00007ffa14260000 - 0x00007ffa14306000 	C:\WINDOWS\System32\sechost.dll
0x00007ffa13e80000 - 0x00007ffa13f96000 	C:\WINDOWS\System32\RPCRT4.dll
0x00007ffa13fe0000 - 0x00007ffa14054000 	C:\WINDOWS\System32\WS2_32.dll
0x00007ffa10950000 - 0x00007ffa109ae000 	C:\WINDOWS\SYSTEM32\POWRPROF.dll
0x00007ffa0b9c0000 - 0x00007ffa0b9cb000 	C:\WINDOWS\SYSTEM32\VERSION.dll
0x00007ffa0b980000 - 0x00007ffa0b9b6000 	C:\WINDOWS\SYSTEM32\WINMM.dll
0x00007ffa10930000 - 0x00007ffa10944000 	C:\WINDOWS\SYSTEM32\UMPDC.dll
0x00007ffa10c10000 - 0x00007ffa10c2a000 	C:\WINDOWS\SYSTEM32\kernel.appcore.dll
0x00007ff9ff630000 - 0x00007ff9ff63a000 	C:\Program Files\Android\Android Studio\jbr\bin\jimage.dll
0x00007ffa064d0000 - 0x00007ffa06711000 	C:\WINDOWS\SYSTEM32\DBGHELP.DLL
0x00007ffa146a0000 - 0x00007ffa14a22000 	C:\WINDOWS\System32\combase.dll
0x00007ffa14110000 - 0x00007ffa141e6000 	C:\WINDOWS\System32\OLEAUT32.dll
0x00007ff9f4690000 - 0x00007ff9f46c9000 	C:\WINDOWS\SYSTEM32\dbgcore.DLL
0x00007ffa12860000 - 0x00007ffa128f9000 	C:\WINDOWS\System32\bcryptPrimitives.dll
0x00007ff9c8330000 - 0x00007ff9c833e000 	C:\Program Files\Android\Android Studio\jbr\bin\instrument.dll
0x00007ff9f0c70000 - 0x00007ff9f0c8f000 	C:\Program Files\Android\Android Studio\jbr\bin\java.dll
0x00007ff9f0c50000 - 0x00007ff9f0c68000 	C:\Program Files\Android\Android Studio\jbr\bin\zip.dll
0x00007ffa12c00000 - 0x00007ffa13329000 	C:\WINDOWS\System32\SHELL32.dll
0x00007ffa11ee0000 - 0x00007ffa12048000 	C:\WINDOWS\System32\wintypes.dll
0x00007ffa0f970000 - 0x00007ffa101c2000 	C:\WINDOWS\SYSTEM32\windows.storage.dll
0x00007ffa12b00000 - 0x00007ffa12bed000 	C:\WINDOWS\System32\SHCORE.dll
0x00007ffa141f0000 - 0x00007ffa14254000 	C:\WINDOWS\System32\shlwapi.dll
0x00007ffa11bf0000 - 0x00007ffa11c1f000 	C:\WINDOWS\SYSTEM32\profapi.dll
0x00007ff9fc110000 - 0x00007ff9fc120000 	C:\Program Files\Android\Android Studio\jbr\bin\net.dll
0x00007ffa085b0000 - 0x00007ffa086cd000 	C:\WINDOWS\SYSTEM32\WINHTTP.dll
0x00007ffa11130000 - 0x00007ffa1119a000 	C:\WINDOWS\system32\mswsock.dll
0x00007ff9f0b30000 - 0x00007ff9f0b46000 	C:\Program Files\Android\Android Studio\jbr\bin\nio.dll
0x00007ff9c9950000 - 0x00007ff9c9960000 	C:\Program Files\Android\Android Studio\jbr\bin\verify.dll
0x00007ff9bc190000 - 0x00007ff9bc1b7000 	C:\Users\santi\.gradle\native\c067742578af261105cb4f569cf0c3c89f3d7b1fecec35dd04571415982c5e48\windows-amd64\native-platform.dll
0x00007ff9b1ea0000 - 0x00007ff9b1fe4000 	C:\Users\santi\.gradle\native\100fb08df4bc3b14c8652ba06237920a3bd2aa13389f12d3474272988ae205f9\windows-amd64\native-platform-file-events.dll
0x00007ff9ded10000 - 0x00007ff9ded19000 	C:\Program Files\Android\Android Studio\jbr\bin\management.dll
0x00007ff9cba80000 - 0x00007ff9cba8b000 	C:\Program Files\Android\Android Studio\jbr\bin\management_ext.dll
0x00007ffa13fa0000 - 0x00007ffa13fa8000 	C:\WINDOWS\System32\PSAPI.DLL
0x00007ffa113d0000 - 0x00007ffa113ec000 	C:\WINDOWS\SYSTEM32\CRYPTSP.dll
0x00007ffa10b70000 - 0x00007ffa10baa000 	C:\WINDOWS\system32\rsaenh.dll
0x00007ffa111d0000 - 0x00007ffa111fb000 	C:\WINDOWS\SYSTEM32\USERENV.dll
0x00007ffa11bc0000 - 0x00007ffa11be6000 	C:\WINDOWS\SYSTEM32\bcrypt.dll
0x00007ffa113f0000 - 0x00007ffa113fc000 	C:\WINDOWS\SYSTEM32\CRYPTBASE.dll
0x00007ffa10610000 - 0x00007ffa10643000 	C:\WINDOWS\SYSTEM32\IPHLPAPI.DLL
0x00007ffa139e0000 - 0x00007ffa139ea000 	C:\WINDOWS\System32\NSI.dll
0x00007ff9fbcb0000 - 0x00007ff9fbcb9000 	C:\Program Files\Android\Android Studio\jbr\bin\extnet.dll
0x00007ff9f9580000 - 0x00007ff9f9588000 	C:\WINDOWS\system32\wshunix.dll

dbghelp: loaded successfully - version: 4.0.5 - missing functions: none
symbol engine: initialized successfully - sym options: 0x614 - pdb path: .;C:\Program Files\Android\Android Studio\jbr\bin;C:\WINDOWS\SYSTEM32;C:\WINDOWS\WinSxS\amd64_microsoft.windows.common-controls_6595b64144ccf1df_6.0.26100.3624_none_3e086962e3345f24;C:\Program Files\Android\Android Studio\jbr\bin\server;C:\Users\santi\.gradle\native\c067742578af261105cb4f569cf0c3c89f3d7b1fecec35dd04571415982c5e48\windows-amd64;C:\Users\santi\.gradle\native\100fb08df4bc3b14c8652ba06237920a3bd2aa13389f12d3474272988ae205f9\windows-amd64

VM Arguments:
jvm_args: -XX:MaxPermSize=512m -XX:+HeapDumpOnOutOfMemoryError --add-opens=java.base/java.util=ALL-UNNAMED --add-opens=java.base/java.lang=ALL-UNNAMED --add-opens=java.base/java.lang.invoke=ALL-UNNAMED --add-opens=java.prefs/java.util.prefs=ALL-UNNAMED --add-exports=jdk.compiler/com.sun.tools.javac.api=ALL-UNNAMED --add-exports=jdk.compiler/com.sun.tools.javac.util=ALL-UNNAMED --add-opens=java.base/java.nio.charset=ALL-UNNAMED --add-opens=java.base/java.net=ALL-UNNAMED --add-opens=java.base/java.util.concurrent.atomic=ALL-UNNAMED -Xmx2048m -Dfile.encoding=UTF-8 -Duser.country=CO -Duser.language=es -Duser.variant -javaagent:C:\Users\santi\.gradle\wrapper\dists\gradle-8.9-bin\90cnw93cvbtalezasaz0blq0a\gradle-8.9\lib\agents\gradle-instrumentation-agent-8.9.jar 
java_command: org.gradle.launcher.daemon.bootstrap.GradleDaemon 8.9
java_class_path (initial): C:\Users\santi\.gradle\wrapper\dists\gradle-8.9-bin\90cnw93cvbtalezasaz0blq0a\gradle-8.9\lib\gradle-daemon-main-8.9.jar
Launcher Type: SUN_STANDARD

[Global flags]
     intx CICompilerCount                          = 3                                         {product} {ergonomic}
     uint ConcGCThreads                            = 1                                         {product} {ergonomic}
     uint G1ConcRefinementThreads                  = 4                                         {product} {ergonomic}
   size_t G1HeapRegionSize                         = 1048576                                   {product} {ergonomic}
    uintx GCDrainStackTargetSize                   = 64                                        {product} {ergonomic}
     bool HeapDumpOnOutOfMemoryError               = true                                   {manageable} {command line}
   size_t InitialHeapSize                          = 58720256                                  {product} {ergonomic}
   size_t MarkStackSize                            = 4194304                                   {product} {ergonomic}
   size_t MaxHeapSize                              = 2147483648                                {product} {command line}
   size_t MaxNewSize                               = 1287651328                                {product} {ergonomic}
   size_t MinHeapDeltaBytes                        = 1048576                                   {product} {ergonomic}
   size_t MinHeapSize                              = 8388608                                   {product} {ergonomic}
    uintx NonNMethodCodeHeapSize                   = 5832780                                {pd product} {ergonomic}
    uintx NonProfiledCodeHeapSize                  = 122912730                              {pd product} {ergonomic}
    uintx ProfiledCodeHeapSize                     = 122912730                              {pd product} {ergonomic}
    uintx ReservedCodeCacheSize                    = 251658240                              {pd product} {ergonomic}
     bool SegmentedCodeCache                       = true                                      {product} {ergonomic}
   size_t SoftMaxHeapSize                          = 2147483648                             {manageable} {ergonomic}
     bool UseCompressedOops                        = true                           {product lp64_product} {ergonomic}
     bool UseG1GC                                  = true                                      {product} {ergonomic}
     bool UseLargePagesIndividualAllocation        = false                                  {pd product} {ergonomic}

Logging:
Log output configuration:
 #0: stdout all=warning uptime,level,tags foldmultilines=false
 #1: stderr all=off uptime,level,tags foldmultilines=false

Environment Variables:
PATH=C:\Program Files\Microsoft MPI\Bin\;C:\Program Files\Common Files\Oracle\Java\javapath;C:\WINDOWS\system32;C:\WINDOWS;C:\WINDOWS\System32\Wbem;C:\WINDOWS\System32\WindowsPowerShell\v1.0\;C:\WINDOWS\System32\OpenSSH\;C:\Program Files\nodejs\;C:\Program Files\Git\cmd;C:\Program Files\Microsoft SQL Server\150\Tools\Binn\;C:\Users\santi\AppData\Local\Programs\Python\Python313\Scripts\;C:\Users\santi\AppData\Local\Programs\Python\Python313\;C:\Users\santi\AppData\Local\Programs\Python\Launcher\;C:\Users\santi\AppData\Local\Microsoft\WindowsApps;C:\Users\santi\AppData\Local\Programs\Microsoft VS Code\bin;C:\Users\santi\AppData\Roaming\npm;
USERNAME=santi
OS=Windows_NT
PROCESSOR_IDENTIFIER=AMD64 Family 23 Model 24 Stepping 1, AuthenticAMD
TMP=C:\Users\santi\AppData\Local\Temp
TEMP=C:\Users\santi\AppData\Local\Temp




Periodic native trim disabled

JNI global refs:
JNI global refs: 26, weak refs: 0

JNI global refs memory usage: 835, weak refs: 833

Process memory usage:
Resident Set Size: 298564K (8% of 3587996K total physical memory with 394872K free physical memory)

OOME stack traces (most recent first):
Classloader memory used:
Loader org.gradle.internal.classloader.VisitableURLClassLoader                         : 33277K
Loader bootstrap                                                                       : 22711K
Loader org.gradle.initialization.MixInLegacyTypesClassLoader                           : 9455K
Loader jdk.internal.loader.ClassLoaders$PlatformClassLoader                            : 550K
Loader jdk.internal.loader.ClassLoaders$AppClassLoader                                 : 230K
Loader org.gradle.internal.classloader.VisitableURLClassLoader                         : 179K
Loader jdk.internal.reflect.DelegatingClassLoader                                      : 82536B

Classes loaded by more than one classloader:
Class Program                                                                         : loaded 3 times (x 69B)
Class org.gradle.internal.classloader.ClassLoaderHierarchy                            : loaded 2 times (x 67B)
Class org.gradle.api.internal.classpath.ManifestUtil                                  : loaded 2 times (x 68B)
Class org.gradle.internal.classloader.DefaultClassLoaderFactory                       : loaded 2 times (x 79B)
Class org.gradle.internal.classloader.ClassLoaderVisitor                              : loaded 2 times (x 73B)
Class org.gradle.api.internal.classpath.EffectiveClassPath                            : loaded 2 times (x 87B)
Class org.gradle.api.internal.DefaultClassPathProvider                                : loaded 2 times (x 73B)
Class [Lorg.gradle.api.internal.ClassPathProvider;                                    : loaded 2 times (x 66B)
Class org.gradle.api.internal.ClassPathProvider                                       : loaded 2 times (x 67B)
Class org.gradle.internal.service.UnknownServiceException                             : loaded 2 times (x 80B)
Class org.gradle.internal.classpath.TransformedClassPath                              : loaded 2 times (x 93B)
Class org.gradle.internal.service.ServiceLocator                                      : loaded 2 times (x 67B)
Class org.gradle.internal.InternalTransformer                                         : loaded 2 times (x 67B)
Class org.gradle.internal.classloader.ClasspathUtil$1                                 : loaded 2 times (x 73B)
Class org.gradle.api.internal.classpath.DefaultModuleRegistry$DefaultModule           : loaded 2 times (x 83B)
Class org.gradle.api.internal.classpath.Module                                        : loaded 2 times (x 67B)
Class org.gradle.api.internal.classpath.UnknownModuleException                        : loaded 2 times (x 79B)
Class org.gradle.api.internal.DefaultClassPathRegistry                                : loaded 2 times (x 73B)
Class org.gradle.api.internal.ClassPathRegistry                                       : loaded 2 times (x 67B)
Class org.gradle.internal.classpath.DefaultClassPath$ImmutableUniqueList              : loaded 2 times (x 196B)
Class org.gradle.internal.classloader.FilteringClassLoader                            : loaded 2 times (x 102B)
Class Settings_gradle$1                                                               : loaded 2 times (x 71B)
Class org.gradle.internal.classpath.ClassPath                                         : loaded 2 times (x 67B)
Class org.gradle.api.UncheckedIOException                                             : loaded 2 times (x 79B)
Class org.gradle.internal.installation.GradleInstallation$1                           : loaded 2 times (x 72B)
Class org.gradle.api.internal.classpath.ModuleRegistry                                : loaded 2 times (x 67B)
Class org.gradle.api.internal.classpath.DefaultModuleRegistry                         : loaded 2 times (x 80B)
Class org.gradle.internal.service.ServiceLookupException                              : loaded 2 times (x 79B)
Class org.gradle.internal.classloader.ClassLoaderFactory                              : loaded 2 times (x 67B)
Class org.gradle.internal.service.CachingServiceLocator                               : loaded 2 times (x 79B)
Class org.gradle.internal.classloader.ClasspathUtil                                   : loaded 2 times (x 68B)
Class org.gradle.api.specs.Spec                                                       : loaded 2 times (x 67B)
Class org.gradle.internal.classloader.VisitableURLClassLoader$InstrumentingVisitableURLClassLoader: loaded 2 times (x 120B)
Class org.gradle.internal.classloader.VisitableURLClassLoader$Spec                    : loaded 2 times (x 71B)
Class org.gradle.internal.classpath.DefaultClassPath                                  : loaded 2 times (x 87B)
Class org.gradle.internal.classloader.ClassLoaderSpec                                 : loaded 2 times (x 68B)
Class Settings_gradle$1$1                                                             : loaded 2 times (x 71B)
Class org.gradle.internal.classloader.VisitableURLClassLoader                         : loaded 2 times (x 114B)
Class Settings_gradle                                                                 : loaded 2 times (x 125B)
Class org.gradle.internal.Cast                                                        : loaded 2 times (x 68B)
Class org.gradle.api.Action                                                           : loaded 2 times (x 67B)
Class org.gradle.internal.agents.InstrumentingClassLoader                             : loaded 2 times (x 67B)
Class org.gradle.internal.classpath.DefaultClassPath$ImmutableUniqueList$Builder      : loaded 2 times (x 72B)
Class org.gradle.api.GradleException                                                  : loaded 2 times (x 79B)
Class org.gradle.internal.IoActions                                                   : loaded 2 times (x 68B)
Class org.gradle.internal.classloader.SystemClassLoaderSpec                           : loaded 2 times (x 68B)
Class org.gradle.internal.installation.CurrentGradleInstallationLocator               : loaded 2 times (x 68B)
Class org.gradle.internal.service.DefaultServiceLocator                               : loaded 2 times (x 80B)
Class org.gradle.internal.installation.CurrentGradleInstallation                      : loaded 2 times (x 70B)
Class org.gradle.util.internal.GUtil                                                  : loaded 2 times (x 68B)
Class org.gradle.internal.installation.GradleInstallation                             : loaded 2 times (x 72B)

---------------  S Y S T E M  ---------------

OS:
 Windows 11 , 64 bit Build 26100 (10.0.26100.3775)
OS uptime: 5 days 13:53 hours
Hyper-V role detected

CPU: total 4 (initial active 4) (4 cores per cpu, 2 threads per core) family 23 model 24 stepping 1 microcode 0x8108109, cx8, cmov, fxsr, ht, mmx, 3dnowpref, sse, sse2, sse3, ssse3, sse4a, sse4.1, sse4.2, popcnt, lzcnt, tsc, tscinvbit, avx, avx2, aes, clmul, bmi1, bmi2, adx, sha, fma, vzeroupper, clflush, clflushopt, hv, rdtscp, f16c
Processor Information for all 4 processors :
  Max Mhz: 2600, Current Mhz: 2600, Mhz Limit: 2600

Memory: 4k page, system-wide physical 3503M (386M free)
TotalPageFile size 11695M (AvailPageFile size 6M)
current process WorkingSet (physical memory assigned to process): 291M, peak: 291M
current process commit charge ("private bytes"): 319M, peak: 321M

vm_info: OpenJDK 64-Bit Server VM (21.0.3+-12282718-b509.11) for windows-amd64 JRE (21.0.3+-12282718-b509.11), built on 2024-08-27T17:34:15Z by "builder" with MS VC++ 16.10 / 16.11 (VS2019)

END.
